2022-06-02 22:53:56,236 - INFO - allennlp.common.from_params - instantiating class <class 'allennlp.data.dataset_readers.dataset_reader.DatasetReader'> from params {'bert_model_name': 'bert-base-uncased', 'token_indexers': {'bert': {'pretrained_model': 'bert-base-uncased', 'type': 'bert-pretrained'}}, 'type': 'mishra_reader'} and extras {}
2022-06-02 22:53:56,236 - INFO - allennlp.common.params - dataset_reader.type = mishra_reader
2022-06-02 22:53:56,237 - INFO - allennlp.common.from_params - instantiating class <class 'my_library.dataset_readers.mishra_reader_bert.SarcasmDatasetReader'> from params {'bert_model_name': 'bert-base-uncased', 'token_indexers': {'bert': {'pretrained_model': 'bert-base-uncased', 'type': 'bert-pretrained'}}} and extras {}
2022-06-02 22:53:56,237 - INFO - allennlp.common.params - dataset_reader.lazy = False
2022-06-02 22:53:56,237 - INFO - allennlp.common.params - dataset_reader.seq_len = 10000
2022-06-02 22:53:56,237 - INFO - allennlp.common.params - dataset_reader.bert_model_name = bert-base-uncased
2022-06-02 22:53:56,237 - INFO - allennlp.common.from_params - instantiating class allennlp.data.token_indexers.token_indexer.TokenIndexer from params {'pretrained_model': 'bert-base-uncased', 'type': 'bert-pretrained'} and extras {}
2022-06-02 22:53:56,237 - INFO - allennlp.common.params - dataset_reader.token_indexers.bert.type = bert-pretrained
2022-06-02 22:53:56,238 - INFO - allennlp.common.from_params - instantiating class allennlp.data.token_indexers.wordpiece_indexer.PretrainedBertIndexer from params {'pretrained_model': 'bert-base-uncased'} and extras {}
2022-06-02 22:53:56,238 - INFO - allennlp.common.params - dataset_reader.token_indexers.bert.pretrained_model = bert-base-uncased
2022-06-02 22:53:56,238 - INFO - allennlp.common.params - dataset_reader.token_indexers.bert.use_starting_offsets = False
2022-06-02 22:53:56,238 - INFO - allennlp.common.params - dataset_reader.token_indexers.bert.do_lowercase = True
2022-06-02 22:53:56,238 - INFO - allennlp.common.params - dataset_reader.token_indexers.bert.never_lowercase = None
2022-06-02 22:53:56,238 - INFO - allennlp.common.params - dataset_reader.token_indexers.bert.max_pieces = 512
2022-06-02 22:53:56,559 - INFO - pytorch_pretrained_bert.tokenization - loading vocabulary file https://s3.amazonaws.com/models.huggingface.co/bert/bert-base-uncased-vocab.txt from cache at /home/ubuntu/.pytorch_pretrained_bert/26bc1ad6c0ac742e9b52263248f6d0f00068293b33709fae12320c0e35ccfbbb.542ce4285a40d23a559526243235df47c5f75c197f04f37d1a0c124c32c9a084
2022-06-02 22:53:56,904 - INFO - transformers.tokenization_utils - loading file https://s3.amazonaws.com/models.huggingface.co/bert/bert-base-uncased-vocab.txt from cache at /home/ubuntu/.cache/torch/transformers/26bc1ad6c0ac742e9b52263248f6d0f00068293b33709fae12320c0e35ccfbbb.542ce4285a40d23a559526243235df47c5f75c197f04f37d1a0c124c32c9a084
2022-06-02 22:53:56,935 - INFO - allennlp.common.params - validation_dataset_reader = None
2022-06-02 22:53:56,935 - INFO - allennlp.common.params - train_data_path = data/Train1.csv
2022-06-02 22:53:56,935 - INFO - allennlp.commands.train - Reading training data from data/Train1.csv
2022-06-02 22:53:56,937 - INFO - my_library.dataset_readers.mishra_reader_bert - Reading instances from lines in file at: data/Train1.csv
2022-06-02 22:53:57,318 - INFO - allennlp.common.params - validation_data_path = data/Val1.csv
2022-06-02 22:53:57,319 - INFO - allennlp.commands.train - Reading validation data from data/Val1.csv
2022-06-02 22:53:57,319 - INFO - my_library.dataset_readers.mishra_reader_bert - Reading instances from lines in file at: data/Val1.csv
2022-06-02 22:53:57,410 - INFO - allennlp.common.params - test_data_path = data/Test1.csv
2022-06-02 22:53:57,410 - INFO - allennlp.commands.train - Reading test data from data/Test1.csv
2022-06-02 22:53:57,410 - INFO - my_library.dataset_readers.mishra_reader_bert - Reading instances from lines in file at: data/Test1.csv
2022-06-02 22:53:57,460 - INFO - allennlp.commands.train - From dataset instances, validation, train, test will be considered for vocabulary creation.
2022-06-02 22:53:57,460 - INFO - allennlp.common.params - vocabulary.type = None
2022-06-02 22:53:57,460 - INFO - allennlp.common.params - vocabulary.extend = False
2022-06-02 22:53:57,460 - INFO - allennlp.common.params - vocabulary.directory_path = None
2022-06-02 22:53:57,460 - INFO - allennlp.common.params - vocabulary.min_count = None
2022-06-02 22:53:57,461 - INFO - allennlp.common.params - vocabulary.max_vocab_size = None
2022-06-02 22:53:57,461 - INFO - allennlp.common.params - vocabulary.non_padded_namespaces = ('*tags', '*labels')
2022-06-02 22:53:57,461 - INFO - allennlp.common.params - vocabulary.min_pretrained_embeddings = None
2022-06-02 22:53:57,461 - INFO - allennlp.common.params - vocabulary.only_include_pretrained_words = False
2022-06-02 22:53:57,461 - INFO - allennlp.common.params - vocabulary.tokens_to_add = None
2022-06-02 22:53:57,461 - INFO - allennlp.data.vocabulary - Fitting token dictionary from dataset.
2022-06-02 22:53:57,469 - INFO - allennlp.common.from_params - instantiating class <class 'allennlp.models.model.Model'> from params {'bert_model_name': 'bert-base-uncased', 'type': 'bert_classifier'} and extras {'vocab': <allennlp.data.vocabulary.Vocabulary object at 0x7fe7fd125a20>}
2022-06-02 22:53:57,469 - INFO - allennlp.common.params - model.type = bert_classifier
2022-06-02 22:53:57,469 - INFO - allennlp.common.params - model.bert_model_name = bert-base-uncased
2022-06-02 22:53:57,470 - INFO - allennlp.common.params - model.initializer = []
2022-06-02 22:53:57,470 - INFO - allennlp.common.params - model.regularizer = []
2022-06-02 22:53:57,778 - INFO - transformers.configuration_utils - loading configuration file https://s3.amazonaws.com/models.huggingface.co/bert/bert-base-uncased-config.json from cache at /home/ubuntu/.cache/torch/transformers/4dad0251492946e18ac39290fcfe91b89d370fee250efe9521476438fe8ca185.7156163d5fdc189c3016baca0775ffce230789d7fa2a42ef516483e4ca884517
2022-06-02 22:53:57,779 - INFO - transformers.configuration_utils - Model config {
  "architectures": [
    "BertForMaskedLM"
  ],
  "attention_probs_dropout_prob": 0.1,
  "finetuning_task": null,
  "hidden_act": "gelu",
  "hidden_dropout_prob": 0.1,
  "hidden_size": 768,
  "initializer_range": 0.02,
  "intermediate_size": 3072,
  "layer_norm_eps": 1e-12,
  "max_position_embeddings": 512,
  "model_type": "bert",
  "num_attention_heads": 12,
  "num_hidden_layers": 12,
  "num_labels": 2,
  "output_attentions": false,
  "output_hidden_states": false,
  "pad_token_id": 0,
  "pruned_heads": {},
  "torchscript": false,
  "type_vocab_size": 2,
  "use_bfloat16": false,
  "vocab_size": 30522
}

2022-06-02 22:53:58,074 - INFO - transformers.modeling_utils - loading weights file https://s3.amazonaws.com/models.huggingface.co/bert/bert-base-uncased-pytorch_model.bin from cache at /home/ubuntu/.cache/torch/transformers/aa1ef1aede4482d0dbcd4d52baad8ae300e60902e88fcb0bebdec09afd232066.36ca03ab34a1a5d5fa7bc3d03d55c4fa650fed07220e2eeebc06ce58d0e9a157
2022-06-02 22:54:00,730 - INFO - allennlp.nn.initializers - Initializing parameters
2022-06-02 22:54:00,730 - INFO - allennlp.nn.initializers - Done initializing parameters; the following parameters are using their default initialization from their code
2022-06-02 22:54:00,731 - INFO - allennlp.nn.initializers -    linear.bias
2022-06-02 22:54:00,731 - INFO - allennlp.nn.initializers -    linear.weight
2022-06-02 22:54:00,731 - INFO - allennlp.nn.initializers -    text_field_embedder.embeddings.LayerNorm.bias
2022-06-02 22:54:00,731 - INFO - allennlp.nn.initializers -    text_field_embedder.embeddings.LayerNorm.weight
2022-06-02 22:54:00,731 - INFO - allennlp.nn.initializers -    text_field_embedder.embeddings.position_embeddings.weight
2022-06-02 22:54:00,731 - INFO - allennlp.nn.initializers -    text_field_embedder.embeddings.token_type_embeddings.weight
2022-06-02 22:54:00,731 - INFO - allennlp.nn.initializers -    text_field_embedder.embeddings.word_embeddings.weight
2022-06-02 22:54:00,732 - INFO - allennlp.nn.initializers -    text_field_embedder.encoder.layer.0.attention.output.LayerNorm.bias
2022-06-02 22:54:00,732 - INFO - allennlp.nn.initializers -    text_field_embedder.encoder.layer.0.attention.output.LayerNorm.weight
2022-06-02 22:54:00,732 - INFO - allennlp.nn.initializers -    text_field_embedder.encoder.layer.0.attention.output.dense.bias
2022-06-02 22:54:00,732 - INFO - allennlp.nn.initializers -    text_field_embedder.encoder.layer.0.attention.output.dense.weight
2022-06-02 22:54:00,732 - INFO - allennlp.nn.initializers -    text_field_embedder.encoder.layer.0.attention.self.key.bias
2022-06-02 22:54:00,732 - INFO - allennlp.nn.initializers -    text_field_embedder.encoder.layer.0.attention.self.key.weight
2022-06-02 22:54:00,732 - INFO - allennlp.nn.initializers -    text_field_embedder.encoder.layer.0.attention.self.query.bias
2022-06-02 22:54:00,732 - INFO - allennlp.nn.initializers -    text_field_embedder.encoder.layer.0.attention.self.query.weight
2022-06-02 22:54:00,732 - INFO - allennlp.nn.initializers -    text_field_embedder.encoder.layer.0.attention.self.value.bias
2022-06-02 22:54:00,733 - INFO - allennlp.nn.initializers -    text_field_embedder.encoder.layer.0.attention.self.value.weight
2022-06-02 22:54:00,733 - INFO - allennlp.nn.initializers -    text_field_embedder.encoder.layer.0.intermediate.dense.bias
2022-06-02 22:54:00,733 - INFO - allennlp.nn.initializers -    text_field_embedder.encoder.layer.0.intermediate.dense.weight
2022-06-02 22:54:00,733 - INFO - allennlp.nn.initializers -    text_field_embedder.encoder.layer.0.output.LayerNorm.bias
2022-06-02 22:54:00,733 - INFO - allennlp.nn.initializers -    text_field_embedder.encoder.layer.0.output.LayerNorm.weight
2022-06-02 22:54:00,733 - INFO - allennlp.nn.initializers -    text_field_embedder.encoder.layer.0.output.dense.bias
2022-06-02 22:54:00,733 - INFO - allennlp.nn.initializers -    text_field_embedder.encoder.layer.0.output.dense.weight
2022-06-02 22:54:00,733 - INFO - allennlp.nn.initializers -    text_field_embedder.encoder.layer.1.attention.output.LayerNorm.bias
2022-06-02 22:54:00,733 - INFO - allennlp.nn.initializers -    text_field_embedder.encoder.layer.1.attention.output.LayerNorm.weight
2022-06-02 22:54:00,734 - INFO - allennlp.nn.initializers -    text_field_embedder.encoder.layer.1.attention.output.dense.bias
2022-06-02 22:54:00,734 - INFO - allennlp.nn.initializers -    text_field_embedder.encoder.layer.1.attention.output.dense.weight
2022-06-02 22:54:00,734 - INFO - allennlp.nn.initializers -    text_field_embedder.encoder.layer.1.attention.self.key.bias
2022-06-02 22:54:00,734 - INFO - allennlp.nn.initializers -    text_field_embedder.encoder.layer.1.attention.self.key.weight
2022-06-02 22:54:00,734 - INFO - allennlp.nn.initializers -    text_field_embedder.encoder.layer.1.attention.self.query.bias
2022-06-02 22:54:00,734 - INFO - allennlp.nn.initializers -    text_field_embedder.encoder.layer.1.attention.self.query.weight
2022-06-02 22:54:00,734 - INFO - allennlp.nn.initializers -    text_field_embedder.encoder.layer.1.attention.self.value.bias
2022-06-02 22:54:00,734 - INFO - allennlp.nn.initializers -    text_field_embedder.encoder.layer.1.attention.self.value.weight
2022-06-02 22:54:00,734 - INFO - allennlp.nn.initializers -    text_field_embedder.encoder.layer.1.intermediate.dense.bias
2022-06-02 22:54:00,734 - INFO - allennlp.nn.initializers -    text_field_embedder.encoder.layer.1.intermediate.dense.weight
2022-06-02 22:54:00,735 - INFO - allennlp.nn.initializers -    text_field_embedder.encoder.layer.1.output.LayerNorm.bias
2022-06-02 22:54:00,735 - INFO - allennlp.nn.initializers -    text_field_embedder.encoder.layer.1.output.LayerNorm.weight
2022-06-02 22:54:00,735 - INFO - allennlp.nn.initializers -    text_field_embedder.encoder.layer.1.output.dense.bias
2022-06-02 22:54:00,735 - INFO - allennlp.nn.initializers -    text_field_embedder.encoder.layer.1.output.dense.weight
2022-06-02 22:54:00,735 - INFO - allennlp.nn.initializers -    text_field_embedder.encoder.layer.10.attention.output.LayerNorm.bias
2022-06-02 22:54:00,735 - INFO - allennlp.nn.initializers -    text_field_embedder.encoder.layer.10.attention.output.LayerNorm.weight
2022-06-02 22:54:00,735 - INFO - allennlp.nn.initializers -    text_field_embedder.encoder.layer.10.attention.output.dense.bias
2022-06-02 22:54:00,735 - INFO - allennlp.nn.initializers -    text_field_embedder.encoder.layer.10.attention.output.dense.weight
2022-06-02 22:54:00,736 - INFO - allennlp.nn.initializers -    text_field_embedder.encoder.layer.10.attention.self.key.bias
2022-06-02 22:54:00,736 - INFO - allennlp.nn.initializers -    text_field_embedder.encoder.layer.10.attention.self.key.weight
2022-06-02 22:54:00,736 - INFO - allennlp.nn.initializers -    text_field_embedder.encoder.layer.10.attention.self.query.bias
2022-06-02 22:54:00,736 - INFO - allennlp.nn.initializers -    text_field_embedder.encoder.layer.10.attention.self.query.weight
2022-06-02 22:54:00,736 - INFO - allennlp.nn.initializers -    text_field_embedder.encoder.layer.10.attention.self.value.bias
2022-06-02 22:54:00,736 - INFO - allennlp.nn.initializers -    text_field_embedder.encoder.layer.10.attention.self.value.weight
2022-06-02 22:54:00,736 - INFO - allennlp.nn.initializers -    text_field_embedder.encoder.layer.10.intermediate.dense.bias
2022-06-02 22:54:00,736 - INFO - allennlp.nn.initializers -    text_field_embedder.encoder.layer.10.intermediate.dense.weight
2022-06-02 22:54:00,736 - INFO - allennlp.nn.initializers -    text_field_embedder.encoder.layer.10.output.LayerNorm.bias
2022-06-02 22:54:00,736 - INFO - allennlp.nn.initializers -    text_field_embedder.encoder.layer.10.output.LayerNorm.weight
2022-06-02 22:54:00,737 - INFO - allennlp.nn.initializers -    text_field_embedder.encoder.layer.10.output.dense.bias
2022-06-02 22:54:00,737 - INFO - allennlp.nn.initializers -    text_field_embedder.encoder.layer.10.output.dense.weight
2022-06-02 22:54:00,737 - INFO - allennlp.nn.initializers -    text_field_embedder.encoder.layer.11.attention.output.LayerNorm.bias
2022-06-02 22:54:00,737 - INFO - allennlp.nn.initializers -    text_field_embedder.encoder.layer.11.attention.output.LayerNorm.weight
2022-06-02 22:54:00,737 - INFO - allennlp.nn.initializers -    text_field_embedder.encoder.layer.11.attention.output.dense.bias
2022-06-02 22:54:00,737 - INFO - allennlp.nn.initializers -    text_field_embedder.encoder.layer.11.attention.output.dense.weight
2022-06-02 22:54:00,737 - INFO - allennlp.nn.initializers -    text_field_embedder.encoder.layer.11.attention.self.key.bias
2022-06-02 22:54:00,737 - INFO - allennlp.nn.initializers -    text_field_embedder.encoder.layer.11.attention.self.key.weight
2022-06-02 22:54:00,737 - INFO - allennlp.nn.initializers -    text_field_embedder.encoder.layer.11.attention.self.query.bias
2022-06-02 22:54:00,738 - INFO - allennlp.nn.initializers -    text_field_embedder.encoder.layer.11.attention.self.query.weight
2022-06-02 22:54:00,738 - INFO - allennlp.nn.initializers -    text_field_embedder.encoder.layer.11.attention.self.value.bias
2022-06-02 22:54:00,738 - INFO - allennlp.nn.initializers -    text_field_embedder.encoder.layer.11.attention.self.value.weight
2022-06-02 22:54:00,738 - INFO - allennlp.nn.initializers -    text_field_embedder.encoder.layer.11.intermediate.dense.bias
2022-06-02 22:54:00,738 - INFO - allennlp.nn.initializers -    text_field_embedder.encoder.layer.11.intermediate.dense.weight
2022-06-02 22:54:00,738 - INFO - allennlp.nn.initializers -    text_field_embedder.encoder.layer.11.output.LayerNorm.bias
2022-06-02 22:54:00,738 - INFO - allennlp.nn.initializers -    text_field_embedder.encoder.layer.11.output.LayerNorm.weight
2022-06-02 22:54:00,738 - INFO - allennlp.nn.initializers -    text_field_embedder.encoder.layer.11.output.dense.bias
2022-06-02 22:54:00,738 - INFO - allennlp.nn.initializers -    text_field_embedder.encoder.layer.11.output.dense.weight
2022-06-02 22:54:00,739 - INFO - allennlp.nn.initializers -    text_field_embedder.encoder.layer.2.attention.output.LayerNorm.bias
2022-06-02 22:54:00,739 - INFO - allennlp.nn.initializers -    text_field_embedder.encoder.layer.2.attention.output.LayerNorm.weight
2022-06-02 22:54:00,739 - INFO - allennlp.nn.initializers -    text_field_embedder.encoder.layer.2.attention.output.dense.bias
2022-06-02 22:54:00,739 - INFO - allennlp.nn.initializers -    text_field_embedder.encoder.layer.2.attention.output.dense.weight
2022-06-02 22:54:00,739 - INFO - allennlp.nn.initializers -    text_field_embedder.encoder.layer.2.attention.self.key.bias
2022-06-02 22:54:00,739 - INFO - allennlp.nn.initializers -    text_field_embedder.encoder.layer.2.attention.self.key.weight
2022-06-02 22:54:00,739 - INFO - allennlp.nn.initializers -    text_field_embedder.encoder.layer.2.attention.self.query.bias
2022-06-02 22:54:00,739 - INFO - allennlp.nn.initializers -    text_field_embedder.encoder.layer.2.attention.self.query.weight
2022-06-02 22:54:00,739 - INFO - allennlp.nn.initializers -    text_field_embedder.encoder.layer.2.attention.self.value.bias
2022-06-02 22:54:00,740 - INFO - allennlp.nn.initializers -    text_field_embedder.encoder.layer.2.attention.self.value.weight
2022-06-02 22:54:00,740 - INFO - allennlp.nn.initializers -    text_field_embedder.encoder.layer.2.intermediate.dense.bias
2022-06-02 22:54:00,740 - INFO - allennlp.nn.initializers -    text_field_embedder.encoder.layer.2.intermediate.dense.weight
2022-06-02 22:54:00,740 - INFO - allennlp.nn.initializers -    text_field_embedder.encoder.layer.2.output.LayerNorm.bias
2022-06-02 22:54:00,740 - INFO - allennlp.nn.initializers -    text_field_embedder.encoder.layer.2.output.LayerNorm.weight
2022-06-02 22:54:00,740 - INFO - allennlp.nn.initializers -    text_field_embedder.encoder.layer.2.output.dense.bias
2022-06-02 22:54:00,740 - INFO - allennlp.nn.initializers -    text_field_embedder.encoder.layer.2.output.dense.weight
2022-06-02 22:54:00,740 - INFO - allennlp.nn.initializers -    text_field_embedder.encoder.layer.3.attention.output.LayerNorm.bias
2022-06-02 22:54:00,740 - INFO - allennlp.nn.initializers -    text_field_embedder.encoder.layer.3.attention.output.LayerNorm.weight
2022-06-02 22:54:00,741 - INFO - allennlp.nn.initializers -    text_field_embedder.encoder.layer.3.attention.output.dense.bias
2022-06-02 22:54:00,741 - INFO - allennlp.nn.initializers -    text_field_embedder.encoder.layer.3.attention.output.dense.weight
2022-06-02 22:54:00,741 - INFO - allennlp.nn.initializers -    text_field_embedder.encoder.layer.3.attention.self.key.bias
2022-06-02 22:54:00,741 - INFO - allennlp.nn.initializers -    text_field_embedder.encoder.layer.3.attention.self.key.weight
2022-06-02 22:54:00,741 - INFO - allennlp.nn.initializers -    text_field_embedder.encoder.layer.3.attention.self.query.bias
2022-06-02 22:54:00,741 - INFO - allennlp.nn.initializers -    text_field_embedder.encoder.layer.3.attention.self.query.weight
2022-06-02 22:54:00,741 - INFO - allennlp.nn.initializers -    text_field_embedder.encoder.layer.3.attention.self.value.bias
2022-06-02 22:54:00,741 - INFO - allennlp.nn.initializers -    text_field_embedder.encoder.layer.3.attention.self.value.weight
2022-06-02 22:54:00,741 - INFO - allennlp.nn.initializers -    text_field_embedder.encoder.layer.3.intermediate.dense.bias
2022-06-02 22:54:00,742 - INFO - allennlp.nn.initializers -    text_field_embedder.encoder.layer.3.intermediate.dense.weight
2022-06-02 22:54:00,742 - INFO - allennlp.nn.initializers -    text_field_embedder.encoder.layer.3.output.LayerNorm.bias
2022-06-02 22:54:00,742 - INFO - allennlp.nn.initializers -    text_field_embedder.encoder.layer.3.output.LayerNorm.weight
2022-06-02 22:54:00,742 - INFO - allennlp.nn.initializers -    text_field_embedder.encoder.layer.3.output.dense.bias
2022-06-02 22:54:00,742 - INFO - allennlp.nn.initializers -    text_field_embedder.encoder.layer.3.output.dense.weight
2022-06-02 22:54:00,742 - INFO - allennlp.nn.initializers -    text_field_embedder.encoder.layer.4.attention.output.LayerNorm.bias
2022-06-02 22:54:00,742 - INFO - allennlp.nn.initializers -    text_field_embedder.encoder.layer.4.attention.output.LayerNorm.weight
2022-06-02 22:54:00,742 - INFO - allennlp.nn.initializers -    text_field_embedder.encoder.layer.4.attention.output.dense.bias
2022-06-02 22:54:00,743 - INFO - allennlp.nn.initializers -    text_field_embedder.encoder.layer.4.attention.output.dense.weight
2022-06-02 22:54:00,743 - INFO - allennlp.nn.initializers -    text_field_embedder.encoder.layer.4.attention.self.key.bias
2022-06-02 22:54:00,743 - INFO - allennlp.nn.initializers -    text_field_embedder.encoder.layer.4.attention.self.key.weight
2022-06-02 22:54:00,743 - INFO - allennlp.nn.initializers -    text_field_embedder.encoder.layer.4.attention.self.query.bias
2022-06-02 22:54:00,743 - INFO - allennlp.nn.initializers -    text_field_embedder.encoder.layer.4.attention.self.query.weight
2022-06-02 22:54:00,743 - INFO - allennlp.nn.initializers -    text_field_embedder.encoder.layer.4.attention.self.value.bias
2022-06-02 22:54:00,743 - INFO - allennlp.nn.initializers -    text_field_embedder.encoder.layer.4.attention.self.value.weight
2022-06-02 22:54:00,743 - INFO - allennlp.nn.initializers -    text_field_embedder.encoder.layer.4.intermediate.dense.bias
2022-06-02 22:54:00,743 - INFO - allennlp.nn.initializers -    text_field_embedder.encoder.layer.4.intermediate.dense.weight
2022-06-02 22:54:00,744 - INFO - allennlp.nn.initializers -    text_field_embedder.encoder.layer.4.output.LayerNorm.bias
2022-06-02 22:54:00,744 - INFO - allennlp.nn.initializers -    text_field_embedder.encoder.layer.4.output.LayerNorm.weight
2022-06-02 22:54:00,744 - INFO - allennlp.nn.initializers -    text_field_embedder.encoder.layer.4.output.dense.bias
2022-06-02 22:54:00,744 - INFO - allennlp.nn.initializers -    text_field_embedder.encoder.layer.4.output.dense.weight
2022-06-02 22:54:00,744 - INFO - allennlp.nn.initializers -    text_field_embedder.encoder.layer.5.attention.output.LayerNorm.bias
2022-06-02 22:54:00,744 - INFO - allennlp.nn.initializers -    text_field_embedder.encoder.layer.5.attention.output.LayerNorm.weight
2022-06-02 22:54:00,744 - INFO - allennlp.nn.initializers -    text_field_embedder.encoder.layer.5.attention.output.dense.bias
2022-06-02 22:54:00,744 - INFO - allennlp.nn.initializers -    text_field_embedder.encoder.layer.5.attention.output.dense.weight
2022-06-02 22:54:00,744 - INFO - allennlp.nn.initializers -    text_field_embedder.encoder.layer.5.attention.self.key.bias
2022-06-02 22:54:00,744 - INFO - allennlp.nn.initializers -    text_field_embedder.encoder.layer.5.attention.self.key.weight
2022-06-02 22:54:00,745 - INFO - allennlp.nn.initializers -    text_field_embedder.encoder.layer.5.attention.self.query.bias
2022-06-02 22:54:00,745 - INFO - allennlp.nn.initializers -    text_field_embedder.encoder.layer.5.attention.self.query.weight
2022-06-02 22:54:00,745 - INFO - allennlp.nn.initializers -    text_field_embedder.encoder.layer.5.attention.self.value.bias
2022-06-02 22:54:00,745 - INFO - allennlp.nn.initializers -    text_field_embedder.encoder.layer.5.attention.self.value.weight
2022-06-02 22:54:00,745 - INFO - allennlp.nn.initializers -    text_field_embedder.encoder.layer.5.intermediate.dense.bias
2022-06-02 22:54:00,745 - INFO - allennlp.nn.initializers -    text_field_embedder.encoder.layer.5.intermediate.dense.weight
2022-06-02 22:54:00,745 - INFO - allennlp.nn.initializers -    text_field_embedder.encoder.layer.5.output.LayerNorm.bias
2022-06-02 22:54:00,745 - INFO - allennlp.nn.initializers -    text_field_embedder.encoder.layer.5.output.LayerNorm.weight
2022-06-02 22:54:00,745 - INFO - allennlp.nn.initializers -    text_field_embedder.encoder.layer.5.output.dense.bias
2022-06-02 22:54:00,746 - INFO - allennlp.nn.initializers -    text_field_embedder.encoder.layer.5.output.dense.weight
2022-06-02 22:54:00,746 - INFO - allennlp.nn.initializers -    text_field_embedder.encoder.layer.6.attention.output.LayerNorm.bias
2022-06-02 22:54:00,746 - INFO - allennlp.nn.initializers -    text_field_embedder.encoder.layer.6.attention.output.LayerNorm.weight
2022-06-02 22:54:00,746 - INFO - allennlp.nn.initializers -    text_field_embedder.encoder.layer.6.attention.output.dense.bias
2022-06-02 22:54:00,746 - INFO - allennlp.nn.initializers -    text_field_embedder.encoder.layer.6.attention.output.dense.weight
2022-06-02 22:54:00,746 - INFO - allennlp.nn.initializers -    text_field_embedder.encoder.layer.6.attention.self.key.bias
2022-06-02 22:54:00,746 - INFO - allennlp.nn.initializers -    text_field_embedder.encoder.layer.6.attention.self.key.weight
2022-06-02 22:54:00,746 - INFO - allennlp.nn.initializers -    text_field_embedder.encoder.layer.6.attention.self.query.bias
2022-06-02 22:54:00,746 - INFO - allennlp.nn.initializers -    text_field_embedder.encoder.layer.6.attention.self.query.weight
2022-06-02 22:54:00,747 - INFO - allennlp.nn.initializers -    text_field_embedder.encoder.layer.6.attention.self.value.bias
2022-06-02 22:54:00,747 - INFO - allennlp.nn.initializers -    text_field_embedder.encoder.layer.6.attention.self.value.weight
2022-06-02 22:54:00,747 - INFO - allennlp.nn.initializers -    text_field_embedder.encoder.layer.6.intermediate.dense.bias
2022-06-02 22:54:00,747 - INFO - allennlp.nn.initializers -    text_field_embedder.encoder.layer.6.intermediate.dense.weight
2022-06-02 22:54:00,747 - INFO - allennlp.nn.initializers -    text_field_embedder.encoder.layer.6.output.LayerNorm.bias
2022-06-02 22:54:00,747 - INFO - allennlp.nn.initializers -    text_field_embedder.encoder.layer.6.output.LayerNorm.weight
2022-06-02 22:54:00,747 - INFO - allennlp.nn.initializers -    text_field_embedder.encoder.layer.6.output.dense.bias
2022-06-02 22:54:00,747 - INFO - allennlp.nn.initializers -    text_field_embedder.encoder.layer.6.output.dense.weight
2022-06-02 22:54:00,747 - INFO - allennlp.nn.initializers -    text_field_embedder.encoder.layer.7.attention.output.LayerNorm.bias
2022-06-02 22:54:00,748 - INFO - allennlp.nn.initializers -    text_field_embedder.encoder.layer.7.attention.output.LayerNorm.weight
2022-06-02 22:54:00,748 - INFO - allennlp.nn.initializers -    text_field_embedder.encoder.layer.7.attention.output.dense.bias
2022-06-02 22:54:00,748 - INFO - allennlp.nn.initializers -    text_field_embedder.encoder.layer.7.attention.output.dense.weight
2022-06-02 22:54:00,748 - INFO - allennlp.nn.initializers -    text_field_embedder.encoder.layer.7.attention.self.key.bias
2022-06-02 22:54:00,748 - INFO - allennlp.nn.initializers -    text_field_embedder.encoder.layer.7.attention.self.key.weight
2022-06-02 22:54:00,748 - INFO - allennlp.nn.initializers -    text_field_embedder.encoder.layer.7.attention.self.query.bias
2022-06-02 22:54:00,748 - INFO - allennlp.nn.initializers -    text_field_embedder.encoder.layer.7.attention.self.query.weight
2022-06-02 22:54:00,748 - INFO - allennlp.nn.initializers -    text_field_embedder.encoder.layer.7.attention.self.value.bias
2022-06-02 22:54:00,748 - INFO - allennlp.nn.initializers -    text_field_embedder.encoder.layer.7.attention.self.value.weight
2022-06-02 22:54:00,749 - INFO - allennlp.nn.initializers -    text_field_embedder.encoder.layer.7.intermediate.dense.bias
2022-06-02 22:54:00,749 - INFO - allennlp.nn.initializers -    text_field_embedder.encoder.layer.7.intermediate.dense.weight
2022-06-02 22:54:00,749 - INFO - allennlp.nn.initializers -    text_field_embedder.encoder.layer.7.output.LayerNorm.bias
2022-06-02 22:54:00,749 - INFO - allennlp.nn.initializers -    text_field_embedder.encoder.layer.7.output.LayerNorm.weight
2022-06-02 22:54:00,749 - INFO - allennlp.nn.initializers -    text_field_embedder.encoder.layer.7.output.dense.bias
2022-06-02 22:54:00,749 - INFO - allennlp.nn.initializers -    text_field_embedder.encoder.layer.7.output.dense.weight
2022-06-02 22:54:00,749 - INFO - allennlp.nn.initializers -    text_field_embedder.encoder.layer.8.attention.output.LayerNorm.bias
2022-06-02 22:54:00,749 - INFO - allennlp.nn.initializers -    text_field_embedder.encoder.layer.8.attention.output.LayerNorm.weight
2022-06-02 22:54:00,749 - INFO - allennlp.nn.initializers -    text_field_embedder.encoder.layer.8.attention.output.dense.bias
2022-06-02 22:54:00,750 - INFO - allennlp.nn.initializers -    text_field_embedder.encoder.layer.8.attention.output.dense.weight
2022-06-02 22:54:00,750 - INFO - allennlp.nn.initializers -    text_field_embedder.encoder.layer.8.attention.self.key.bias
2022-06-02 22:54:00,750 - INFO - allennlp.nn.initializers -    text_field_embedder.encoder.layer.8.attention.self.key.weight
2022-06-02 22:54:00,750 - INFO - allennlp.nn.initializers -    text_field_embedder.encoder.layer.8.attention.self.query.bias
2022-06-02 22:54:00,750 - INFO - allennlp.nn.initializers -    text_field_embedder.encoder.layer.8.attention.self.query.weight
2022-06-02 22:54:00,750 - INFO - allennlp.nn.initializers -    text_field_embedder.encoder.layer.8.attention.self.value.bias
2022-06-02 22:54:00,750 - INFO - allennlp.nn.initializers -    text_field_embedder.encoder.layer.8.attention.self.value.weight
2022-06-02 22:54:00,750 - INFO - allennlp.nn.initializers -    text_field_embedder.encoder.layer.8.intermediate.dense.bias
2022-06-02 22:54:00,750 - INFO - allennlp.nn.initializers -    text_field_embedder.encoder.layer.8.intermediate.dense.weight
2022-06-02 22:54:00,751 - INFO - allennlp.nn.initializers -    text_field_embedder.encoder.layer.8.output.LayerNorm.bias
2022-06-02 22:54:00,751 - INFO - allennlp.nn.initializers -    text_field_embedder.encoder.layer.8.output.LayerNorm.weight
2022-06-02 22:54:00,751 - INFO - allennlp.nn.initializers -    text_field_embedder.encoder.layer.8.output.dense.bias
2022-06-02 22:54:00,751 - INFO - allennlp.nn.initializers -    text_field_embedder.encoder.layer.8.output.dense.weight
2022-06-02 22:54:00,751 - INFO - allennlp.nn.initializers -    text_field_embedder.encoder.layer.9.attention.output.LayerNorm.bias
2022-06-02 22:54:00,751 - INFO - allennlp.nn.initializers -    text_field_embedder.encoder.layer.9.attention.output.LayerNorm.weight
2022-06-02 22:54:00,751 - INFO - allennlp.nn.initializers -    text_field_embedder.encoder.layer.9.attention.output.dense.bias
2022-06-02 22:54:00,751 - INFO - allennlp.nn.initializers -    text_field_embedder.encoder.layer.9.attention.output.dense.weight
2022-06-02 22:54:00,751 - INFO - allennlp.nn.initializers -    text_field_embedder.encoder.layer.9.attention.self.key.bias
2022-06-02 22:54:00,752 - INFO - allennlp.nn.initializers -    text_field_embedder.encoder.layer.9.attention.self.key.weight
2022-06-02 22:54:00,752 - INFO - allennlp.nn.initializers -    text_field_embedder.encoder.layer.9.attention.self.query.bias
2022-06-02 22:54:00,752 - INFO - allennlp.nn.initializers -    text_field_embedder.encoder.layer.9.attention.self.query.weight
2022-06-02 22:54:00,752 - INFO - allennlp.nn.initializers -    text_field_embedder.encoder.layer.9.attention.self.value.bias
2022-06-02 22:54:00,752 - INFO - allennlp.nn.initializers -    text_field_embedder.encoder.layer.9.attention.self.value.weight
2022-06-02 22:54:00,752 - INFO - allennlp.nn.initializers -    text_field_embedder.encoder.layer.9.intermediate.dense.bias
2022-06-02 22:54:00,752 - INFO - allennlp.nn.initializers -    text_field_embedder.encoder.layer.9.intermediate.dense.weight
2022-06-02 22:54:00,752 - INFO - allennlp.nn.initializers -    text_field_embedder.encoder.layer.9.output.LayerNorm.bias
2022-06-02 22:54:00,752 - INFO - allennlp.nn.initializers -    text_field_embedder.encoder.layer.9.output.LayerNorm.weight
2022-06-02 22:54:00,753 - INFO - allennlp.nn.initializers -    text_field_embedder.encoder.layer.9.output.dense.bias
2022-06-02 22:54:00,753 - INFO - allennlp.nn.initializers -    text_field_embedder.encoder.layer.9.output.dense.weight
2022-06-02 22:54:00,753 - INFO - allennlp.nn.initializers -    text_field_embedder.pooler.dense.bias
2022-06-02 22:54:00,753 - INFO - allennlp.nn.initializers -    text_field_embedder.pooler.dense.weight
2022-06-02 22:54:00,753 - INFO - allennlp.common.from_params - instantiating class <class 'allennlp.data.iterators.data_iterator.DataIterator'> from params {'batch_size': 8, 'sorting_keys': [['quote_response', 'num_tokens']], 'type': 'bucket'} and extras {}
2022-06-02 22:54:00,753 - INFO - allennlp.common.params - iterator.type = bucket
2022-06-02 22:54:00,754 - INFO - allennlp.common.from_params - instantiating class <class 'allennlp.data.iterators.bucket_iterator.BucketIterator'> from params {'batch_size': 8, 'sorting_keys': [['quote_response', 'num_tokens']]} and extras {}
2022-06-02 22:54:00,754 - INFO - allennlp.common.params - iterator.sorting_keys = [['quote_response', 'num_tokens']]
2022-06-02 22:54:00,754 - INFO - allennlp.common.params - iterator.padding_noise = 0.1
2022-06-02 22:54:00,754 - INFO - allennlp.common.params - iterator.biggest_batch_first = False
2022-06-02 22:54:00,754 - INFO - allennlp.common.params - iterator.batch_size = 8
2022-06-02 22:54:00,754 - INFO - allennlp.common.params - iterator.instances_per_epoch = None
2022-06-02 22:54:00,755 - INFO - allennlp.common.params - iterator.max_instances_in_memory = None
2022-06-02 22:54:00,755 - INFO - allennlp.common.params - iterator.cache_instances = False
2022-06-02 22:54:00,755 - INFO - allennlp.common.params - iterator.track_epoch = False
2022-06-02 22:54:00,755 - INFO - allennlp.common.params - iterator.maximum_samples_per_batch = None
2022-06-02 22:54:00,755 - INFO - allennlp.common.params - validation_iterator = None
2022-06-02 22:54:00,755 - INFO - allennlp.common.params - trainer.no_grad = ()
2022-06-02 22:54:00,757 - INFO - allennlp.commands.train - Following parameters are Frozen  (without gradient):
2022-06-02 22:54:00,757 - INFO - allennlp.commands.train - Following parameters are Tunable (with gradient):
2022-06-02 22:54:00,757 - INFO - allennlp.commands.train - text_field_embedder.embeddings.word_embeddings.weight
2022-06-02 22:54:00,757 - INFO - allennlp.commands.train - text_field_embedder.embeddings.position_embeddings.weight
2022-06-02 22:54:00,757 - INFO - allennlp.commands.train - text_field_embedder.embeddings.token_type_embeddings.weight
2022-06-02 22:54:00,757 - INFO - allennlp.commands.train - text_field_embedder.embeddings.LayerNorm.weight
2022-06-02 22:54:00,757 - INFO - allennlp.commands.train - text_field_embedder.embeddings.LayerNorm.bias
2022-06-02 22:54:00,757 - INFO - allennlp.commands.train - text_field_embedder.encoder.layer.0.attention.self.query.weight
2022-06-02 22:54:00,758 - INFO - allennlp.commands.train - text_field_embedder.encoder.layer.0.attention.self.query.bias
2022-06-02 22:54:00,758 - INFO - allennlp.commands.train - text_field_embedder.encoder.layer.0.attention.self.key.weight
2022-06-02 22:54:00,758 - INFO - allennlp.commands.train - text_field_embedder.encoder.layer.0.attention.self.key.bias
2022-06-02 22:54:00,758 - INFO - allennlp.commands.train - text_field_embedder.encoder.layer.0.attention.self.value.weight
2022-06-02 22:54:00,758 - INFO - allennlp.commands.train - text_field_embedder.encoder.layer.0.attention.self.value.bias
2022-06-02 22:54:00,758 - INFO - allennlp.commands.train - text_field_embedder.encoder.layer.0.attention.output.dense.weight
2022-06-02 22:54:00,758 - INFO - allennlp.commands.train - text_field_embedder.encoder.layer.0.attention.output.dense.bias
2022-06-02 22:54:00,758 - INFO - allennlp.commands.train - text_field_embedder.encoder.layer.0.attention.output.LayerNorm.weight
2022-06-02 22:54:00,758 - INFO - allennlp.commands.train - text_field_embedder.encoder.layer.0.attention.output.LayerNorm.bias
2022-06-02 22:54:00,759 - INFO - allennlp.commands.train - text_field_embedder.encoder.layer.0.intermediate.dense.weight
2022-06-02 22:54:00,759 - INFO - allennlp.commands.train - text_field_embedder.encoder.layer.0.intermediate.dense.bias
2022-06-02 22:54:00,759 - INFO - allennlp.commands.train - text_field_embedder.encoder.layer.0.output.dense.weight
2022-06-02 22:54:00,759 - INFO - allennlp.commands.train - text_field_embedder.encoder.layer.0.output.dense.bias
2022-06-02 22:54:00,759 - INFO - allennlp.commands.train - text_field_embedder.encoder.layer.0.output.LayerNorm.weight
2022-06-02 22:54:00,759 - INFO - allennlp.commands.train - text_field_embedder.encoder.layer.0.output.LayerNorm.bias
2022-06-02 22:54:00,759 - INFO - allennlp.commands.train - text_field_embedder.encoder.layer.1.attention.self.query.weight
2022-06-02 22:54:00,759 - INFO - allennlp.commands.train - text_field_embedder.encoder.layer.1.attention.self.query.bias
2022-06-02 22:54:00,759 - INFO - allennlp.commands.train - text_field_embedder.encoder.layer.1.attention.self.key.weight
2022-06-02 22:54:00,759 - INFO - allennlp.commands.train - text_field_embedder.encoder.layer.1.attention.self.key.bias
2022-06-02 22:54:00,760 - INFO - allennlp.commands.train - text_field_embedder.encoder.layer.1.attention.self.value.weight
2022-06-02 22:54:00,760 - INFO - allennlp.commands.train - text_field_embedder.encoder.layer.1.attention.self.value.bias
2022-06-02 22:54:00,760 - INFO - allennlp.commands.train - text_field_embedder.encoder.layer.1.attention.output.dense.weight
2022-06-02 22:54:00,760 - INFO - allennlp.commands.train - text_field_embedder.encoder.layer.1.attention.output.dense.bias
2022-06-02 22:54:00,760 - INFO - allennlp.commands.train - text_field_embedder.encoder.layer.1.attention.output.LayerNorm.weight
2022-06-02 22:54:00,760 - INFO - allennlp.commands.train - text_field_embedder.encoder.layer.1.attention.output.LayerNorm.bias
2022-06-02 22:54:00,760 - INFO - allennlp.commands.train - text_field_embedder.encoder.layer.1.intermediate.dense.weight
2022-06-02 22:54:00,760 - INFO - allennlp.commands.train - text_field_embedder.encoder.layer.1.intermediate.dense.bias
2022-06-02 22:54:00,760 - INFO - allennlp.commands.train - text_field_embedder.encoder.layer.1.output.dense.weight
2022-06-02 22:54:00,761 - INFO - allennlp.commands.train - text_field_embedder.encoder.layer.1.output.dense.bias
2022-06-02 22:54:00,761 - INFO - allennlp.commands.train - text_field_embedder.encoder.layer.1.output.LayerNorm.weight
2022-06-02 22:54:00,761 - INFO - allennlp.commands.train - text_field_embedder.encoder.layer.1.output.LayerNorm.bias
2022-06-02 22:54:00,761 - INFO - allennlp.commands.train - text_field_embedder.encoder.layer.2.attention.self.query.weight
2022-06-02 22:54:00,761 - INFO - allennlp.commands.train - text_field_embedder.encoder.layer.2.attention.self.query.bias
2022-06-02 22:54:00,761 - INFO - allennlp.commands.train - text_field_embedder.encoder.layer.2.attention.self.key.weight
2022-06-02 22:54:00,761 - INFO - allennlp.commands.train - text_field_embedder.encoder.layer.2.attention.self.key.bias
2022-06-02 22:54:00,761 - INFO - allennlp.commands.train - text_field_embedder.encoder.layer.2.attention.self.value.weight
2022-06-02 22:54:00,761 - INFO - allennlp.commands.train - text_field_embedder.encoder.layer.2.attention.self.value.bias
2022-06-02 22:54:00,761 - INFO - allennlp.commands.train - text_field_embedder.encoder.layer.2.attention.output.dense.weight
2022-06-02 22:54:00,762 - INFO - allennlp.commands.train - text_field_embedder.encoder.layer.2.attention.output.dense.bias
2022-06-02 22:54:00,762 - INFO - allennlp.commands.train - text_field_embedder.encoder.layer.2.attention.output.LayerNorm.weight
2022-06-02 22:54:00,762 - INFO - allennlp.commands.train - text_field_embedder.encoder.layer.2.attention.output.LayerNorm.bias
2022-06-02 22:54:00,762 - INFO - allennlp.commands.train - text_field_embedder.encoder.layer.2.intermediate.dense.weight
2022-06-02 22:54:00,762 - INFO - allennlp.commands.train - text_field_embedder.encoder.layer.2.intermediate.dense.bias
2022-06-02 22:54:00,762 - INFO - allennlp.commands.train - text_field_embedder.encoder.layer.2.output.dense.weight
2022-06-02 22:54:00,762 - INFO - allennlp.commands.train - text_field_embedder.encoder.layer.2.output.dense.bias
2022-06-02 22:54:00,762 - INFO - allennlp.commands.train - text_field_embedder.encoder.layer.2.output.LayerNorm.weight
2022-06-02 22:54:00,762 - INFO - allennlp.commands.train - text_field_embedder.encoder.layer.2.output.LayerNorm.bias
2022-06-02 22:54:00,762 - INFO - allennlp.commands.train - text_field_embedder.encoder.layer.3.attention.self.query.weight
2022-06-02 22:54:00,763 - INFO - allennlp.commands.train - text_field_embedder.encoder.layer.3.attention.self.query.bias
2022-06-02 22:54:00,763 - INFO - allennlp.commands.train - text_field_embedder.encoder.layer.3.attention.self.key.weight
2022-06-02 22:54:00,763 - INFO - allennlp.commands.train - text_field_embedder.encoder.layer.3.attention.self.key.bias
2022-06-02 22:54:00,763 - INFO - allennlp.commands.train - text_field_embedder.encoder.layer.3.attention.self.value.weight
2022-06-02 22:54:00,763 - INFO - allennlp.commands.train - text_field_embedder.encoder.layer.3.attention.self.value.bias
2022-06-02 22:54:00,763 - INFO - allennlp.commands.train - text_field_embedder.encoder.layer.3.attention.output.dense.weight
2022-06-02 22:54:00,763 - INFO - allennlp.commands.train - text_field_embedder.encoder.layer.3.attention.output.dense.bias
2022-06-02 22:54:00,763 - INFO - allennlp.commands.train - text_field_embedder.encoder.layer.3.attention.output.LayerNorm.weight
2022-06-02 22:54:00,763 - INFO - allennlp.commands.train - text_field_embedder.encoder.layer.3.attention.output.LayerNorm.bias
2022-06-02 22:54:00,764 - INFO - allennlp.commands.train - text_field_embedder.encoder.layer.3.intermediate.dense.weight
2022-06-02 22:54:00,764 - INFO - allennlp.commands.train - text_field_embedder.encoder.layer.3.intermediate.dense.bias
2022-06-02 22:54:00,764 - INFO - allennlp.commands.train - text_field_embedder.encoder.layer.3.output.dense.weight
2022-06-02 22:54:00,764 - INFO - allennlp.commands.train - text_field_embedder.encoder.layer.3.output.dense.bias
2022-06-02 22:54:00,764 - INFO - allennlp.commands.train - text_field_embedder.encoder.layer.3.output.LayerNorm.weight
2022-06-02 22:54:00,764 - INFO - allennlp.commands.train - text_field_embedder.encoder.layer.3.output.LayerNorm.bias
2022-06-02 22:54:00,764 - INFO - allennlp.commands.train - text_field_embedder.encoder.layer.4.attention.self.query.weight
2022-06-02 22:54:00,764 - INFO - allennlp.commands.train - text_field_embedder.encoder.layer.4.attention.self.query.bias
2022-06-02 22:54:00,764 - INFO - allennlp.commands.train - text_field_embedder.encoder.layer.4.attention.self.key.weight
2022-06-02 22:54:00,764 - INFO - allennlp.commands.train - text_field_embedder.encoder.layer.4.attention.self.key.bias
2022-06-02 22:54:00,765 - INFO - allennlp.commands.train - text_field_embedder.encoder.layer.4.attention.self.value.weight
2022-06-02 22:54:00,765 - INFO - allennlp.commands.train - text_field_embedder.encoder.layer.4.attention.self.value.bias
2022-06-02 22:54:00,765 - INFO - allennlp.commands.train - text_field_embedder.encoder.layer.4.attention.output.dense.weight
2022-06-02 22:54:00,765 - INFO - allennlp.commands.train - text_field_embedder.encoder.layer.4.attention.output.dense.bias
2022-06-02 22:54:00,765 - INFO - allennlp.commands.train - text_field_embedder.encoder.layer.4.attention.output.LayerNorm.weight
2022-06-02 22:54:00,765 - INFO - allennlp.commands.train - text_field_embedder.encoder.layer.4.attention.output.LayerNorm.bias
2022-06-02 22:54:00,765 - INFO - allennlp.commands.train - text_field_embedder.encoder.layer.4.intermediate.dense.weight
2022-06-02 22:54:00,765 - INFO - allennlp.commands.train - text_field_embedder.encoder.layer.4.intermediate.dense.bias
2022-06-02 22:54:00,765 - INFO - allennlp.commands.train - text_field_embedder.encoder.layer.4.output.dense.weight
2022-06-02 22:54:00,765 - INFO - allennlp.commands.train - text_field_embedder.encoder.layer.4.output.dense.bias
2022-06-02 22:54:00,766 - INFO - allennlp.commands.train - text_field_embedder.encoder.layer.4.output.LayerNorm.weight
2022-06-02 22:54:00,766 - INFO - allennlp.commands.train - text_field_embedder.encoder.layer.4.output.LayerNorm.bias
2022-06-02 22:54:00,766 - INFO - allennlp.commands.train - text_field_embedder.encoder.layer.5.attention.self.query.weight
2022-06-02 22:54:00,766 - INFO - allennlp.commands.train - text_field_embedder.encoder.layer.5.attention.self.query.bias
2022-06-02 22:54:00,766 - INFO - allennlp.commands.train - text_field_embedder.encoder.layer.5.attention.self.key.weight
2022-06-02 22:54:00,766 - INFO - allennlp.commands.train - text_field_embedder.encoder.layer.5.attention.self.key.bias
2022-06-02 22:54:00,766 - INFO - allennlp.commands.train - text_field_embedder.encoder.layer.5.attention.self.value.weight
2022-06-02 22:54:00,766 - INFO - allennlp.commands.train - text_field_embedder.encoder.layer.5.attention.self.value.bias
2022-06-02 22:54:00,766 - INFO - allennlp.commands.train - text_field_embedder.encoder.layer.5.attention.output.dense.weight
2022-06-02 22:54:00,766 - INFO - allennlp.commands.train - text_field_embedder.encoder.layer.5.attention.output.dense.bias
2022-06-02 22:54:00,767 - INFO - allennlp.commands.train - text_field_embedder.encoder.layer.5.attention.output.LayerNorm.weight
2022-06-02 22:54:00,767 - INFO - allennlp.commands.train - text_field_embedder.encoder.layer.5.attention.output.LayerNorm.bias
2022-06-02 22:54:00,767 - INFO - allennlp.commands.train - text_field_embedder.encoder.layer.5.intermediate.dense.weight
2022-06-02 22:54:00,767 - INFO - allennlp.commands.train - text_field_embedder.encoder.layer.5.intermediate.dense.bias
2022-06-02 22:54:00,767 - INFO - allennlp.commands.train - text_field_embedder.encoder.layer.5.output.dense.weight
2022-06-02 22:54:00,767 - INFO - allennlp.commands.train - text_field_embedder.encoder.layer.5.output.dense.bias
2022-06-02 22:54:00,767 - INFO - allennlp.commands.train - text_field_embedder.encoder.layer.5.output.LayerNorm.weight
2022-06-02 22:54:00,767 - INFO - allennlp.commands.train - text_field_embedder.encoder.layer.5.output.LayerNorm.bias
2022-06-02 22:54:00,767 - INFO - allennlp.commands.train - text_field_embedder.encoder.layer.6.attention.self.query.weight
2022-06-02 22:54:00,768 - INFO - allennlp.commands.train - text_field_embedder.encoder.layer.6.attention.self.query.bias
2022-06-02 22:54:00,768 - INFO - allennlp.commands.train - text_field_embedder.encoder.layer.6.attention.self.key.weight
2022-06-02 22:54:00,768 - INFO - allennlp.commands.train - text_field_embedder.encoder.layer.6.attention.self.key.bias
2022-06-02 22:54:00,768 - INFO - allennlp.commands.train - text_field_embedder.encoder.layer.6.attention.self.value.weight
2022-06-02 22:54:00,768 - INFO - allennlp.commands.train - text_field_embedder.encoder.layer.6.attention.self.value.bias
2022-06-02 22:54:00,768 - INFO - allennlp.commands.train - text_field_embedder.encoder.layer.6.attention.output.dense.weight
2022-06-02 22:54:00,768 - INFO - allennlp.commands.train - text_field_embedder.encoder.layer.6.attention.output.dense.bias
2022-06-02 22:54:00,768 - INFO - allennlp.commands.train - text_field_embedder.encoder.layer.6.attention.output.LayerNorm.weight
2022-06-02 22:54:00,768 - INFO - allennlp.commands.train - text_field_embedder.encoder.layer.6.attention.output.LayerNorm.bias
2022-06-02 22:54:00,768 - INFO - allennlp.commands.train - text_field_embedder.encoder.layer.6.intermediate.dense.weight
2022-06-02 22:54:00,769 - INFO - allennlp.commands.train - text_field_embedder.encoder.layer.6.intermediate.dense.bias
2022-06-02 22:54:00,769 - INFO - allennlp.commands.train - text_field_embedder.encoder.layer.6.output.dense.weight
2022-06-02 22:54:00,769 - INFO - allennlp.commands.train - text_field_embedder.encoder.layer.6.output.dense.bias
2022-06-02 22:54:00,769 - INFO - allennlp.commands.train - text_field_embedder.encoder.layer.6.output.LayerNorm.weight
2022-06-02 22:54:00,769 - INFO - allennlp.commands.train - text_field_embedder.encoder.layer.6.output.LayerNorm.bias
2022-06-02 22:54:00,769 - INFO - allennlp.commands.train - text_field_embedder.encoder.layer.7.attention.self.query.weight
2022-06-02 22:54:00,769 - INFO - allennlp.commands.train - text_field_embedder.encoder.layer.7.attention.self.query.bias
2022-06-02 22:54:00,769 - INFO - allennlp.commands.train - text_field_embedder.encoder.layer.7.attention.self.key.weight
2022-06-02 22:54:00,769 - INFO - allennlp.commands.train - text_field_embedder.encoder.layer.7.attention.self.key.bias
2022-06-02 22:54:00,769 - INFO - allennlp.commands.train - text_field_embedder.encoder.layer.7.attention.self.value.weight
2022-06-02 22:54:00,770 - INFO - allennlp.commands.train - text_field_embedder.encoder.layer.7.attention.self.value.bias
2022-06-02 22:54:00,770 - INFO - allennlp.commands.train - text_field_embedder.encoder.layer.7.attention.output.dense.weight
2022-06-02 22:54:00,770 - INFO - allennlp.commands.train - text_field_embedder.encoder.layer.7.attention.output.dense.bias
2022-06-02 22:54:00,770 - INFO - allennlp.commands.train - text_field_embedder.encoder.layer.7.attention.output.LayerNorm.weight
2022-06-02 22:54:00,770 - INFO - allennlp.commands.train - text_field_embedder.encoder.layer.7.attention.output.LayerNorm.bias
2022-06-02 22:54:00,770 - INFO - allennlp.commands.train - text_field_embedder.encoder.layer.7.intermediate.dense.weight
2022-06-02 22:54:00,770 - INFO - allennlp.commands.train - text_field_embedder.encoder.layer.7.intermediate.dense.bias
2022-06-02 22:54:00,770 - INFO - allennlp.commands.train - text_field_embedder.encoder.layer.7.output.dense.weight
2022-06-02 22:54:00,770 - INFO - allennlp.commands.train - text_field_embedder.encoder.layer.7.output.dense.bias
2022-06-02 22:54:00,770 - INFO - allennlp.commands.train - text_field_embedder.encoder.layer.7.output.LayerNorm.weight
2022-06-02 22:54:00,771 - INFO - allennlp.commands.train - text_field_embedder.encoder.layer.7.output.LayerNorm.bias
2022-06-02 22:54:00,771 - INFO - allennlp.commands.train - text_field_embedder.encoder.layer.8.attention.self.query.weight
2022-06-02 22:54:00,771 - INFO - allennlp.commands.train - text_field_embedder.encoder.layer.8.attention.self.query.bias
2022-06-02 22:54:00,771 - INFO - allennlp.commands.train - text_field_embedder.encoder.layer.8.attention.self.key.weight
2022-06-02 22:54:00,771 - INFO - allennlp.commands.train - text_field_embedder.encoder.layer.8.attention.self.key.bias
2022-06-02 22:54:00,771 - INFO - allennlp.commands.train - text_field_embedder.encoder.layer.8.attention.self.value.weight
2022-06-02 22:54:00,771 - INFO - allennlp.commands.train - text_field_embedder.encoder.layer.8.attention.self.value.bias
2022-06-02 22:54:00,771 - INFO - allennlp.commands.train - text_field_embedder.encoder.layer.8.attention.output.dense.weight
2022-06-02 22:54:00,771 - INFO - allennlp.commands.train - text_field_embedder.encoder.layer.8.attention.output.dense.bias
2022-06-02 22:54:00,772 - INFO - allennlp.commands.train - text_field_embedder.encoder.layer.8.attention.output.LayerNorm.weight
2022-06-02 22:54:00,772 - INFO - allennlp.commands.train - text_field_embedder.encoder.layer.8.attention.output.LayerNorm.bias
2022-06-02 22:54:00,772 - INFO - allennlp.commands.train - text_field_embedder.encoder.layer.8.intermediate.dense.weight
2022-06-02 22:54:00,772 - INFO - allennlp.commands.train - text_field_embedder.encoder.layer.8.intermediate.dense.bias
2022-06-02 22:54:00,772 - INFO - allennlp.commands.train - text_field_embedder.encoder.layer.8.output.dense.weight
2022-06-02 22:54:00,772 - INFO - allennlp.commands.train - text_field_embedder.encoder.layer.8.output.dense.bias
2022-06-02 22:54:00,772 - INFO - allennlp.commands.train - text_field_embedder.encoder.layer.8.output.LayerNorm.weight
2022-06-02 22:54:00,772 - INFO - allennlp.commands.train - text_field_embedder.encoder.layer.8.output.LayerNorm.bias
2022-06-02 22:54:00,772 - INFO - allennlp.commands.train - text_field_embedder.encoder.layer.9.attention.self.query.weight
2022-06-02 22:54:00,772 - INFO - allennlp.commands.train - text_field_embedder.encoder.layer.9.attention.self.query.bias
2022-06-02 22:54:00,773 - INFO - allennlp.commands.train - text_field_embedder.encoder.layer.9.attention.self.key.weight
2022-06-02 22:54:00,773 - INFO - allennlp.commands.train - text_field_embedder.encoder.layer.9.attention.self.key.bias
2022-06-02 22:54:00,773 - INFO - allennlp.commands.train - text_field_embedder.encoder.layer.9.attention.self.value.weight
2022-06-02 22:54:00,773 - INFO - allennlp.commands.train - text_field_embedder.encoder.layer.9.attention.self.value.bias
2022-06-02 22:54:00,773 - INFO - allennlp.commands.train - text_field_embedder.encoder.layer.9.attention.output.dense.weight
2022-06-02 22:54:00,773 - INFO - allennlp.commands.train - text_field_embedder.encoder.layer.9.attention.output.dense.bias
2022-06-02 22:54:00,773 - INFO - allennlp.commands.train - text_field_embedder.encoder.layer.9.attention.output.LayerNorm.weight
2022-06-02 22:54:00,773 - INFO - allennlp.commands.train - text_field_embedder.encoder.layer.9.attention.output.LayerNorm.bias
2022-06-02 22:54:00,773 - INFO - allennlp.commands.train - text_field_embedder.encoder.layer.9.intermediate.dense.weight
2022-06-02 22:54:00,773 - INFO - allennlp.commands.train - text_field_embedder.encoder.layer.9.intermediate.dense.bias
2022-06-02 22:54:00,774 - INFO - allennlp.commands.train - text_field_embedder.encoder.layer.9.output.dense.weight
2022-06-02 22:54:00,774 - INFO - allennlp.commands.train - text_field_embedder.encoder.layer.9.output.dense.bias
2022-06-02 22:54:00,774 - INFO - allennlp.commands.train - text_field_embedder.encoder.layer.9.output.LayerNorm.weight
2022-06-02 22:54:00,774 - INFO - allennlp.commands.train - text_field_embedder.encoder.layer.9.output.LayerNorm.bias
2022-06-02 22:54:00,774 - INFO - allennlp.commands.train - text_field_embedder.encoder.layer.10.attention.self.query.weight
2022-06-02 22:54:00,774 - INFO - allennlp.commands.train - text_field_embedder.encoder.layer.10.attention.self.query.bias
2022-06-02 22:54:00,774 - INFO - allennlp.commands.train - text_field_embedder.encoder.layer.10.attention.self.key.weight
2022-06-02 22:54:00,774 - INFO - allennlp.commands.train - text_field_embedder.encoder.layer.10.attention.self.key.bias
2022-06-02 22:54:00,774 - INFO - allennlp.commands.train - text_field_embedder.encoder.layer.10.attention.self.value.weight
2022-06-02 22:54:00,774 - INFO - allennlp.commands.train - text_field_embedder.encoder.layer.10.attention.self.value.bias
2022-06-02 22:54:00,775 - INFO - allennlp.commands.train - text_field_embedder.encoder.layer.10.attention.output.dense.weight
2022-06-02 22:54:00,775 - INFO - allennlp.commands.train - text_field_embedder.encoder.layer.10.attention.output.dense.bias
2022-06-02 22:54:00,775 - INFO - allennlp.commands.train - text_field_embedder.encoder.layer.10.attention.output.LayerNorm.weight
2022-06-02 22:54:00,775 - INFO - allennlp.commands.train - text_field_embedder.encoder.layer.10.attention.output.LayerNorm.bias
2022-06-02 22:54:00,775 - INFO - allennlp.commands.train - text_field_embedder.encoder.layer.10.intermediate.dense.weight
2022-06-02 22:54:00,775 - INFO - allennlp.commands.train - text_field_embedder.encoder.layer.10.intermediate.dense.bias
2022-06-02 22:54:00,775 - INFO - allennlp.commands.train - text_field_embedder.encoder.layer.10.output.dense.weight
2022-06-02 22:54:00,775 - INFO - allennlp.commands.train - text_field_embedder.encoder.layer.10.output.dense.bias
2022-06-02 22:54:00,775 - INFO - allennlp.commands.train - text_field_embedder.encoder.layer.10.output.LayerNorm.weight
2022-06-02 22:54:00,775 - INFO - allennlp.commands.train - text_field_embedder.encoder.layer.10.output.LayerNorm.bias
2022-06-02 22:54:00,776 - INFO - allennlp.commands.train - text_field_embedder.encoder.layer.11.attention.self.query.weight
2022-06-02 22:54:00,776 - INFO - allennlp.commands.train - text_field_embedder.encoder.layer.11.attention.self.query.bias
2022-06-02 22:54:00,776 - INFO - allennlp.commands.train - text_field_embedder.encoder.layer.11.attention.self.key.weight
2022-06-02 22:54:00,776 - INFO - allennlp.commands.train - text_field_embedder.encoder.layer.11.attention.self.key.bias
2022-06-02 22:54:00,776 - INFO - allennlp.commands.train - text_field_embedder.encoder.layer.11.attention.self.value.weight
2022-06-02 22:54:00,776 - INFO - allennlp.commands.train - text_field_embedder.encoder.layer.11.attention.self.value.bias
2022-06-02 22:54:00,776 - INFO - allennlp.commands.train - text_field_embedder.encoder.layer.11.attention.output.dense.weight
2022-06-02 22:54:00,776 - INFO - allennlp.commands.train - text_field_embedder.encoder.layer.11.attention.output.dense.bias
2022-06-02 22:54:00,776 - INFO - allennlp.commands.train - text_field_embedder.encoder.layer.11.attention.output.LayerNorm.weight
2022-06-02 22:54:00,776 - INFO - allennlp.commands.train - text_field_embedder.encoder.layer.11.attention.output.LayerNorm.bias
2022-06-02 22:54:00,777 - INFO - allennlp.commands.train - text_field_embedder.encoder.layer.11.intermediate.dense.weight
2022-06-02 22:54:00,777 - INFO - allennlp.commands.train - text_field_embedder.encoder.layer.11.intermediate.dense.bias
2022-06-02 22:54:00,777 - INFO - allennlp.commands.train - text_field_embedder.encoder.layer.11.output.dense.weight
2022-06-02 22:54:00,777 - INFO - allennlp.commands.train - text_field_embedder.encoder.layer.11.output.dense.bias
2022-06-02 22:54:00,777 - INFO - allennlp.commands.train - text_field_embedder.encoder.layer.11.output.LayerNorm.weight
2022-06-02 22:54:00,777 - INFO - allennlp.commands.train - text_field_embedder.encoder.layer.11.output.LayerNorm.bias
2022-06-02 22:54:00,777 - INFO - allennlp.commands.train - text_field_embedder.pooler.dense.weight
2022-06-02 22:54:00,777 - INFO - allennlp.commands.train - text_field_embedder.pooler.dense.bias
2022-06-02 22:54:00,777 - INFO - allennlp.commands.train - linear.weight
2022-06-02 22:54:00,777 - INFO - allennlp.commands.train - linear.bias
2022-06-02 22:54:00,778 - INFO - allennlp.common.params - trainer.type = default
2022-06-02 22:54:00,778 - INFO - allennlp.common.params - trainer.patience = 3
2022-06-02 22:54:00,778 - INFO - allennlp.common.params - trainer.validation_metric = +average_F1
2022-06-02 22:54:00,778 - INFO - allennlp.common.params - trainer.shuffle = True
2022-06-02 22:54:00,778 - INFO - allennlp.common.params - trainer.num_epochs = 30
2022-06-02 22:54:00,778 - INFO - allennlp.common.params - trainer.cuda_device = 0
2022-06-02 22:54:00,778 - INFO - allennlp.common.params - trainer.grad_norm = None
2022-06-02 22:54:00,778 - INFO - allennlp.common.params - trainer.grad_clipping = None
2022-06-02 22:54:00,778 - INFO - allennlp.common.params - trainer.learning_rate_scheduler = None
2022-06-02 22:54:08,013 - INFO - allennlp.common.params - trainer.optimizer.type = adagrad
2022-06-02 22:54:08,014 - INFO - allennlp.common.params - trainer.optimizer.parameter_groups = None
2022-06-02 22:54:08,014 - INFO - allennlp.training.optimizers - Number of trainable parameters: 109483778
2022-06-02 22:54:08,015 - INFO - allennlp.common.params - Converting Params object to dict; logging of default values will not occur when dictionary parameters are used subsequently.
2022-06-02 22:54:08,015 - INFO - allennlp.common.params - CURRENTLY DEFINED PARAMETERS: 
2022-06-02 22:54:08,015 - INFO - allennlp.common.params - trainer.optimizer.lr = 0.0001
2022-06-02 22:54:08,028 - INFO - allennlp.common.params - trainer.num_serialized_models_to_keep = 20
2022-06-02 22:54:08,028 - INFO - allennlp.common.params - trainer.keep_serialized_model_every_num_seconds = None
2022-06-02 22:54:08,028 - INFO - allennlp.common.params - trainer.model_save_interval = None
2022-06-02 22:54:08,028 - INFO - allennlp.common.params - trainer.summary_interval = 100
2022-06-02 22:54:08,028 - INFO - allennlp.common.params - trainer.histogram_interval = None
2022-06-02 22:54:08,028 - INFO - allennlp.common.params - trainer.should_log_parameter_statistics = True
2022-06-02 22:54:08,029 - INFO - allennlp.common.params - trainer.should_log_learning_rate = False
2022-06-02 22:54:08,029 - INFO - allennlp.common.params - trainer.log_batch_size_period = None
2022-06-02 22:54:08,032 - INFO - allennlp.common.params - evaluate_on_test = True
2022-06-02 22:54:08,032 - INFO - allennlp.training.trainer - Beginning training.
2022-06-02 22:54:08,032 - INFO - allennlp.training.trainer - Epoch 0/29
2022-06-02 22:54:08,032 - INFO - allennlp.training.trainer - Peak CPU memory usage MB: 4076.364
2022-06-02 22:54:08,112 - INFO - allennlp.training.trainer - GPU 0 memory usage MB: 2313
2022-06-02 22:54:08,113 - INFO - allennlp.training.trainer - Training
2022-06-02 22:54:12,901 - INFO - allennlp.training.trainer - Validating
2022-06-02 22:54:13,286 - INFO - allennlp.training.trainer -                     Training |  Validation
2022-06-02 22:54:13,286 - INFO - allennlp.training.trainer - loss            |     0.377  |     0.179
2022-06-02 22:54:13,286 - INFO - allennlp.training.trainer - average_F1      |     0.786  |     0.927
2022-06-02 22:54:13,286 - INFO - allennlp.training.trainer - No_R            |     0.877  |     0.948
2022-06-02 22:54:13,286 - INFO - allennlp.training.trainer - cpu_memory_MB   |  4076.364  |       N/A
2022-06-02 22:54:13,286 - INFO - allennlp.training.trainer - No_F1           |     0.856  |     0.948
2022-06-02 22:54:13,287 - INFO - allennlp.training.trainer - Yes_R           |     0.683  |     0.905
2022-06-02 22:54:13,287 - INFO - allennlp.training.trainer - No_P            |     0.836  |     0.948
2022-06-02 22:54:13,287 - INFO - allennlp.training.trainer - Yes_P           |     0.751  |     0.905
2022-06-02 22:54:13,287 - INFO - allennlp.training.trainer - gpu_0_memory_MB |  2313.000  |       N/A
2022-06-02 22:54:13,287 - INFO - allennlp.training.trainer - accuracy        |     0.809  |     0.933
2022-06-02 22:54:13,287 - INFO - allennlp.training.trainer - Yes_F1          |     0.715  |     0.905
2022-06-02 22:54:14,806 - INFO - allennlp.training.trainer - Best validation performance so far. Copying weights to 'BertExample/best.th'.
2022-06-02 22:54:15,281 - INFO - allennlp.training.trainer - Epoch duration: 00:00:07
2022-06-02 22:54:15,281 - INFO - allennlp.training.trainer - Estimated training time remaining: 0:03:30
2022-06-02 22:54:15,281 - INFO - allennlp.training.trainer - Epoch 1/29
2022-06-02 22:54:15,281 - INFO - allennlp.training.trainer - Peak CPU memory usage MB: 4076.364
2022-06-02 22:54:15,356 - INFO - allennlp.training.trainer - GPU 0 memory usage MB: 4269
2022-06-02 22:54:15,358 - INFO - allennlp.training.trainer - Training
2022-06-02 22:54:20,137 - INFO - allennlp.training.trainer - Validating
2022-06-02 22:54:20,504 - INFO - allennlp.training.trainer -                     Training |  Validation
2022-06-02 22:54:20,504 - INFO - allennlp.training.trainer - loss            |     0.086  |     0.158
2022-06-02 22:54:20,504 - INFO - allennlp.training.trainer - average_F1      |     0.966  |     0.925
2022-06-02 22:54:20,505 - INFO - allennlp.training.trainer - No_R            |     0.974  |     0.974
2022-06-02 22:54:20,505 - INFO - allennlp.training.trainer - cpu_memory_MB   |  4076.364  |       N/A
2022-06-02 22:54:20,505 - INFO - allennlp.training.trainer - No_F1           |     0.976  |     0.950
2022-06-02 22:54:20,505 - INFO - allennlp.training.trainer - Yes_R           |     0.960  |     0.857
2022-06-02 22:54:20,505 - INFO - allennlp.training.trainer - No_P            |     0.978  |     0.926
2022-06-02 22:54:20,505 - INFO - allennlp.training.trainer - Yes_P           |     0.953  |     0.947
2022-06-02 22:54:20,505 - INFO - allennlp.training.trainer - gpu_0_memory_MB |  4269.000  |       N/A
2022-06-02 22:54:20,505 - INFO - allennlp.training.trainer - accuracy        |     0.969  |     0.933
2022-06-02 22:54:20,505 - INFO - allennlp.training.trainer - Yes_F1          |     0.957  |     0.900
2022-06-02 22:54:22,016 - INFO - allennlp.training.trainer - Epoch duration: 00:00:06
2022-06-02 22:54:22,016 - INFO - allennlp.training.trainer - Estimated training time remaining: 0:03:15
2022-06-02 22:54:22,016 - INFO - allennlp.training.trainer - Epoch 2/29
2022-06-02 22:54:22,016 - INFO - allennlp.training.trainer - Peak CPU memory usage MB: 4076.364
2022-06-02 22:54:22,091 - INFO - allennlp.training.trainer - GPU 0 memory usage MB: 4269
2022-06-02 22:54:22,093 - INFO - allennlp.training.trainer - Training
2022-06-02 22:54:25,716 - INFO - root - Training interrupted by the user. Attempting to create a model archive using the current best epoch weights.
2022-06-02 22:54:25,716 - INFO - allennlp.models.archival - archiving weights and vocabulary to BertExample/model.tar.gz
