2022-06-06 00:30:52,427 - INFO - allennlp.common.from_params - instantiating class <class 'allennlp.data.dataset_readers.dataset_reader.DatasetReader'> from params {'bert_model_name': 'bert-base-uncased', 'token_indexers': {'bert': {'pretrained_model': 'bert-base-uncased', 'type': 'bert-pretrained'}}, 'type': 'mishra_reader'} and extras {}
2022-06-06 00:30:52,428 - INFO - allennlp.common.params - dataset_reader.type = mishra_reader
2022-06-06 00:30:52,428 - INFO - allennlp.common.from_params - instantiating class <class 'my_library.dataset_readers.mishra_reader_bert.SarcasmDatasetReader'> from params {'bert_model_name': 'bert-base-uncased', 'token_indexers': {'bert': {'pretrained_model': 'bert-base-uncased', 'type': 'bert-pretrained'}}} and extras {}
2022-06-06 00:30:52,428 - INFO - allennlp.common.params - dataset_reader.lazy = False
2022-06-06 00:30:52,428 - INFO - allennlp.common.params - dataset_reader.seq_len = 10000
2022-06-06 00:30:52,428 - INFO - allennlp.common.params - dataset_reader.bert_model_name = bert-base-uncased
2022-06-06 00:30:52,428 - INFO - allennlp.common.from_params - instantiating class allennlp.data.token_indexers.token_indexer.TokenIndexer from params {'pretrained_model': 'bert-base-uncased', 'type': 'bert-pretrained'} and extras {}
2022-06-06 00:30:52,429 - INFO - allennlp.common.params - dataset_reader.token_indexers.bert.type = bert-pretrained
2022-06-06 00:30:52,429 - INFO - allennlp.common.from_params - instantiating class allennlp.data.token_indexers.wordpiece_indexer.PretrainedBertIndexer from params {'pretrained_model': 'bert-base-uncased'} and extras {}
2022-06-06 00:30:52,429 - INFO - allennlp.common.params - dataset_reader.token_indexers.bert.pretrained_model = bert-base-uncased
2022-06-06 00:30:52,429 - INFO - allennlp.common.params - dataset_reader.token_indexers.bert.use_starting_offsets = False
2022-06-06 00:30:52,429 - INFO - allennlp.common.params - dataset_reader.token_indexers.bert.do_lowercase = True
2022-06-06 00:30:52,429 - INFO - allennlp.common.params - dataset_reader.token_indexers.bert.never_lowercase = None
2022-06-06 00:30:52,429 - INFO - allennlp.common.params - dataset_reader.token_indexers.bert.max_pieces = 512
2022-06-06 00:30:52,740 - INFO - pytorch_pretrained_bert.tokenization - loading vocabulary file https://s3.amazonaws.com/models.huggingface.co/bert/bert-base-uncased-vocab.txt from cache at /home/ubuntu/.pytorch_pretrained_bert/26bc1ad6c0ac742e9b52263248f6d0f00068293b33709fae12320c0e35ccfbbb.542ce4285a40d23a559526243235df47c5f75c197f04f37d1a0c124c32c9a084
2022-06-06 00:30:53,067 - INFO - transformers.tokenization_utils - loading file https://s3.amazonaws.com/models.huggingface.co/bert/bert-base-uncased-vocab.txt from cache at /home/ubuntu/.cache/torch/transformers/26bc1ad6c0ac742e9b52263248f6d0f00068293b33709fae12320c0e35ccfbbb.542ce4285a40d23a559526243235df47c5f75c197f04f37d1a0c124c32c9a084
2022-06-06 00:30:53,096 - INFO - allennlp.common.params - validation_dataset_reader = None
2022-06-06 00:30:53,096 - INFO - allennlp.common.params - train_data_path = data/Train1.csv
2022-06-06 00:30:53,096 - INFO - my_library.training.transfer - Reading training data from data/Train1.csv
2022-06-06 00:30:53,098 - INFO - my_library.dataset_readers.mishra_reader_bert - Reading instances from lines in file at: data/Train1.csv
2022-06-06 00:30:53,470 - INFO - allennlp.common.params - validation_data_path = data/Val1.csv
2022-06-06 00:30:53,470 - INFO - my_library.training.transfer - Reading validation data from data/Val1.csv
2022-06-06 00:30:53,470 - INFO - my_library.dataset_readers.mishra_reader_bert - Reading instances from lines in file at: data/Val1.csv
2022-06-06 00:30:53,560 - INFO - allennlp.common.params - test_data_path = data/Test1.csv
2022-06-06 00:30:53,560 - INFO - my_library.training.transfer - Reading test data from data/Test1.csv
2022-06-06 00:30:53,561 - INFO - my_library.dataset_readers.mishra_reader_bert - Reading instances from lines in file at: data/Test1.csv
2022-06-06 00:30:53,610 - INFO - my_library.training.transfer - From dataset instances, test, train, validation will be considered for vocabulary creation.
2022-06-06 00:30:53,610 - INFO - allennlp.common.params - vocabulary.type = None
2022-06-06 00:30:53,611 - INFO - allennlp.common.params - vocabulary.extend = False
2022-06-06 00:30:53,611 - INFO - allennlp.common.params - vocabulary.directory_path = None
2022-06-06 00:30:53,611 - INFO - allennlp.common.params - vocabulary.min_count = None
2022-06-06 00:30:53,611 - INFO - allennlp.common.params - vocabulary.max_vocab_size = None
2022-06-06 00:30:53,611 - INFO - allennlp.common.params - vocabulary.non_padded_namespaces = ('*tags', '*labels')
2022-06-06 00:30:53,611 - INFO - allennlp.common.params - vocabulary.min_pretrained_embeddings = None
2022-06-06 00:30:53,611 - INFO - allennlp.common.params - vocabulary.only_include_pretrained_words = False
2022-06-06 00:30:53,611 - INFO - allennlp.common.params - vocabulary.tokens_to_add = None
2022-06-06 00:30:53,611 - INFO - allennlp.data.vocabulary - Fitting token dictionary from dataset.
2022-06-06 00:30:53,619 - INFO - allennlp.common.from_params - instantiating class <class 'allennlp.models.model.Model'> from params {'bert_model_name': 'bert-base-uncased', 'type': 'bert_classifier'} and extras {'vocab': <allennlp.data.vocabulary.Vocabulary object at 0x7f8f519a3f60>}
2022-06-06 00:30:53,620 - INFO - allennlp.common.params - model.type = bert_classifier
2022-06-06 00:30:53,620 - INFO - allennlp.common.params - model.bert_model_name = bert-base-uncased
2022-06-06 00:30:53,620 - INFO - allennlp.common.params - model.initializer = []
2022-06-06 00:30:53,620 - INFO - allennlp.common.params - model.regularizer = []
2022-06-06 00:30:53,911 - INFO - transformers.configuration_utils - loading configuration file https://s3.amazonaws.com/models.huggingface.co/bert/bert-base-uncased-config.json from cache at /home/ubuntu/.cache/torch/transformers/4dad0251492946e18ac39290fcfe91b89d370fee250efe9521476438fe8ca185.7156163d5fdc189c3016baca0775ffce230789d7fa2a42ef516483e4ca884517
2022-06-06 00:30:53,912 - INFO - transformers.configuration_utils - Model config {
  "architectures": [
    "BertForMaskedLM"
  ],
  "attention_probs_dropout_prob": 0.1,
  "finetuning_task": null,
  "hidden_act": "gelu",
  "hidden_dropout_prob": 0.1,
  "hidden_size": 768,
  "initializer_range": 0.02,
  "intermediate_size": 3072,
  "layer_norm_eps": 1e-12,
  "max_position_embeddings": 512,
  "model_type": "bert",
  "num_attention_heads": 12,
  "num_hidden_layers": 12,
  "num_labels": 2,
  "output_attentions": false,
  "output_hidden_states": false,
  "pad_token_id": 0,
  "pruned_heads": {},
  "torchscript": false,
  "type_vocab_size": 2,
  "use_bfloat16": false,
  "vocab_size": 30522
}

2022-06-06 00:30:54,212 - INFO - transformers.modeling_utils - loading weights file https://s3.amazonaws.com/models.huggingface.co/bert/bert-base-uncased-pytorch_model.bin from cache at /home/ubuntu/.cache/torch/transformers/aa1ef1aede4482d0dbcd4d52baad8ae300e60902e88fcb0bebdec09afd232066.36ca03ab34a1a5d5fa7bc3d03d55c4fa650fed07220e2eeebc06ce58d0e9a157
2022-06-06 00:30:56,855 - INFO - allennlp.nn.initializers - Initializing parameters
2022-06-06 00:30:56,855 - INFO - allennlp.nn.initializers - Done initializing parameters; the following parameters are using their default initialization from their code
2022-06-06 00:30:56,856 - INFO - allennlp.nn.initializers -    linear.bias
2022-06-06 00:30:56,856 - INFO - allennlp.nn.initializers -    linear.weight
2022-06-06 00:30:56,856 - INFO - allennlp.nn.initializers -    text_field_embedder.embeddings.LayerNorm.bias
2022-06-06 00:30:56,856 - INFO - allennlp.nn.initializers -    text_field_embedder.embeddings.LayerNorm.weight
2022-06-06 00:30:56,856 - INFO - allennlp.nn.initializers -    text_field_embedder.embeddings.position_embeddings.weight
2022-06-06 00:30:56,856 - INFO - allennlp.nn.initializers -    text_field_embedder.embeddings.token_type_embeddings.weight
2022-06-06 00:30:56,856 - INFO - allennlp.nn.initializers -    text_field_embedder.embeddings.word_embeddings.weight
2022-06-06 00:30:56,856 - INFO - allennlp.nn.initializers -    text_field_embedder.encoder.layer.0.attention.output.LayerNorm.bias
2022-06-06 00:30:56,856 - INFO - allennlp.nn.initializers -    text_field_embedder.encoder.layer.0.attention.output.LayerNorm.weight
2022-06-06 00:30:56,856 - INFO - allennlp.nn.initializers -    text_field_embedder.encoder.layer.0.attention.output.dense.bias
2022-06-06 00:30:56,857 - INFO - allennlp.nn.initializers -    text_field_embedder.encoder.layer.0.attention.output.dense.weight
2022-06-06 00:30:56,857 - INFO - allennlp.nn.initializers -    text_field_embedder.encoder.layer.0.attention.self.key.bias
2022-06-06 00:30:56,857 - INFO - allennlp.nn.initializers -    text_field_embedder.encoder.layer.0.attention.self.key.weight
2022-06-06 00:30:56,857 - INFO - allennlp.nn.initializers -    text_field_embedder.encoder.layer.0.attention.self.query.bias
2022-06-06 00:30:56,857 - INFO - allennlp.nn.initializers -    text_field_embedder.encoder.layer.0.attention.self.query.weight
2022-06-06 00:30:56,857 - INFO - allennlp.nn.initializers -    text_field_embedder.encoder.layer.0.attention.self.value.bias
2022-06-06 00:30:56,857 - INFO - allennlp.nn.initializers -    text_field_embedder.encoder.layer.0.attention.self.value.weight
2022-06-06 00:30:56,857 - INFO - allennlp.nn.initializers -    text_field_embedder.encoder.layer.0.intermediate.dense.bias
2022-06-06 00:30:56,857 - INFO - allennlp.nn.initializers -    text_field_embedder.encoder.layer.0.intermediate.dense.weight
2022-06-06 00:30:56,857 - INFO - allennlp.nn.initializers -    text_field_embedder.encoder.layer.0.output.LayerNorm.bias
2022-06-06 00:30:56,857 - INFO - allennlp.nn.initializers -    text_field_embedder.encoder.layer.0.output.LayerNorm.weight
2022-06-06 00:30:56,857 - INFO - allennlp.nn.initializers -    text_field_embedder.encoder.layer.0.output.dense.bias
2022-06-06 00:30:56,857 - INFO - allennlp.nn.initializers -    text_field_embedder.encoder.layer.0.output.dense.weight
2022-06-06 00:30:56,857 - INFO - allennlp.nn.initializers -    text_field_embedder.encoder.layer.1.attention.output.LayerNorm.bias
2022-06-06 00:30:56,858 - INFO - allennlp.nn.initializers -    text_field_embedder.encoder.layer.1.attention.output.LayerNorm.weight
2022-06-06 00:30:56,858 - INFO - allennlp.nn.initializers -    text_field_embedder.encoder.layer.1.attention.output.dense.bias
2022-06-06 00:30:56,858 - INFO - allennlp.nn.initializers -    text_field_embedder.encoder.layer.1.attention.output.dense.weight
2022-06-06 00:30:56,858 - INFO - allennlp.nn.initializers -    text_field_embedder.encoder.layer.1.attention.self.key.bias
2022-06-06 00:30:56,858 - INFO - allennlp.nn.initializers -    text_field_embedder.encoder.layer.1.attention.self.key.weight
2022-06-06 00:30:56,858 - INFO - allennlp.nn.initializers -    text_field_embedder.encoder.layer.1.attention.self.query.bias
2022-06-06 00:30:56,858 - INFO - allennlp.nn.initializers -    text_field_embedder.encoder.layer.1.attention.self.query.weight
2022-06-06 00:30:56,858 - INFO - allennlp.nn.initializers -    text_field_embedder.encoder.layer.1.attention.self.value.bias
2022-06-06 00:30:56,858 - INFO - allennlp.nn.initializers -    text_field_embedder.encoder.layer.1.attention.self.value.weight
2022-06-06 00:30:56,858 - INFO - allennlp.nn.initializers -    text_field_embedder.encoder.layer.1.intermediate.dense.bias
2022-06-06 00:30:56,858 - INFO - allennlp.nn.initializers -    text_field_embedder.encoder.layer.1.intermediate.dense.weight
2022-06-06 00:30:56,858 - INFO - allennlp.nn.initializers -    text_field_embedder.encoder.layer.1.output.LayerNorm.bias
2022-06-06 00:30:56,858 - INFO - allennlp.nn.initializers -    text_field_embedder.encoder.layer.1.output.LayerNorm.weight
2022-06-06 00:30:56,859 - INFO - allennlp.nn.initializers -    text_field_embedder.encoder.layer.1.output.dense.bias
2022-06-06 00:30:56,859 - INFO - allennlp.nn.initializers -    text_field_embedder.encoder.layer.1.output.dense.weight
2022-06-06 00:30:56,859 - INFO - allennlp.nn.initializers -    text_field_embedder.encoder.layer.10.attention.output.LayerNorm.bias
2022-06-06 00:30:56,859 - INFO - allennlp.nn.initializers -    text_field_embedder.encoder.layer.10.attention.output.LayerNorm.weight
2022-06-06 00:30:56,859 - INFO - allennlp.nn.initializers -    text_field_embedder.encoder.layer.10.attention.output.dense.bias
2022-06-06 00:30:56,859 - INFO - allennlp.nn.initializers -    text_field_embedder.encoder.layer.10.attention.output.dense.weight
2022-06-06 00:30:56,859 - INFO - allennlp.nn.initializers -    text_field_embedder.encoder.layer.10.attention.self.key.bias
2022-06-06 00:30:56,859 - INFO - allennlp.nn.initializers -    text_field_embedder.encoder.layer.10.attention.self.key.weight
2022-06-06 00:30:56,859 - INFO - allennlp.nn.initializers -    text_field_embedder.encoder.layer.10.attention.self.query.bias
2022-06-06 00:30:56,859 - INFO - allennlp.nn.initializers -    text_field_embedder.encoder.layer.10.attention.self.query.weight
2022-06-06 00:30:56,859 - INFO - allennlp.nn.initializers -    text_field_embedder.encoder.layer.10.attention.self.value.bias
2022-06-06 00:30:56,859 - INFO - allennlp.nn.initializers -    text_field_embedder.encoder.layer.10.attention.self.value.weight
2022-06-06 00:30:56,859 - INFO - allennlp.nn.initializers -    text_field_embedder.encoder.layer.10.intermediate.dense.bias
2022-06-06 00:30:56,859 - INFO - allennlp.nn.initializers -    text_field_embedder.encoder.layer.10.intermediate.dense.weight
2022-06-06 00:30:56,860 - INFO - allennlp.nn.initializers -    text_field_embedder.encoder.layer.10.output.LayerNorm.bias
2022-06-06 00:30:56,860 - INFO - allennlp.nn.initializers -    text_field_embedder.encoder.layer.10.output.LayerNorm.weight
2022-06-06 00:30:56,860 - INFO - allennlp.nn.initializers -    text_field_embedder.encoder.layer.10.output.dense.bias
2022-06-06 00:30:56,860 - INFO - allennlp.nn.initializers -    text_field_embedder.encoder.layer.10.output.dense.weight
2022-06-06 00:30:56,860 - INFO - allennlp.nn.initializers -    text_field_embedder.encoder.layer.11.attention.output.LayerNorm.bias
2022-06-06 00:30:56,860 - INFO - allennlp.nn.initializers -    text_field_embedder.encoder.layer.11.attention.output.LayerNorm.weight
2022-06-06 00:30:56,860 - INFO - allennlp.nn.initializers -    text_field_embedder.encoder.layer.11.attention.output.dense.bias
2022-06-06 00:30:56,860 - INFO - allennlp.nn.initializers -    text_field_embedder.encoder.layer.11.attention.output.dense.weight
2022-06-06 00:30:56,860 - INFO - allennlp.nn.initializers -    text_field_embedder.encoder.layer.11.attention.self.key.bias
2022-06-06 00:30:56,860 - INFO - allennlp.nn.initializers -    text_field_embedder.encoder.layer.11.attention.self.key.weight
2022-06-06 00:30:56,860 - INFO - allennlp.nn.initializers -    text_field_embedder.encoder.layer.11.attention.self.query.bias
2022-06-06 00:30:56,860 - INFO - allennlp.nn.initializers -    text_field_embedder.encoder.layer.11.attention.self.query.weight
2022-06-06 00:30:56,860 - INFO - allennlp.nn.initializers -    text_field_embedder.encoder.layer.11.attention.self.value.bias
2022-06-06 00:30:56,860 - INFO - allennlp.nn.initializers -    text_field_embedder.encoder.layer.11.attention.self.value.weight
2022-06-06 00:30:56,861 - INFO - allennlp.nn.initializers -    text_field_embedder.encoder.layer.11.intermediate.dense.bias
2022-06-06 00:30:56,861 - INFO - allennlp.nn.initializers -    text_field_embedder.encoder.layer.11.intermediate.dense.weight
2022-06-06 00:30:56,861 - INFO - allennlp.nn.initializers -    text_field_embedder.encoder.layer.11.output.LayerNorm.bias
2022-06-06 00:30:56,861 - INFO - allennlp.nn.initializers -    text_field_embedder.encoder.layer.11.output.LayerNorm.weight
2022-06-06 00:30:56,861 - INFO - allennlp.nn.initializers -    text_field_embedder.encoder.layer.11.output.dense.bias
2022-06-06 00:30:56,861 - INFO - allennlp.nn.initializers -    text_field_embedder.encoder.layer.11.output.dense.weight
2022-06-06 00:30:56,861 - INFO - allennlp.nn.initializers -    text_field_embedder.encoder.layer.2.attention.output.LayerNorm.bias
2022-06-06 00:30:56,861 - INFO - allennlp.nn.initializers -    text_field_embedder.encoder.layer.2.attention.output.LayerNorm.weight
2022-06-06 00:30:56,861 - INFO - allennlp.nn.initializers -    text_field_embedder.encoder.layer.2.attention.output.dense.bias
2022-06-06 00:30:56,861 - INFO - allennlp.nn.initializers -    text_field_embedder.encoder.layer.2.attention.output.dense.weight
2022-06-06 00:30:56,861 - INFO - allennlp.nn.initializers -    text_field_embedder.encoder.layer.2.attention.self.key.bias
2022-06-06 00:30:56,861 - INFO - allennlp.nn.initializers -    text_field_embedder.encoder.layer.2.attention.self.key.weight
2022-06-06 00:30:56,861 - INFO - allennlp.nn.initializers -    text_field_embedder.encoder.layer.2.attention.self.query.bias
2022-06-06 00:30:56,862 - INFO - allennlp.nn.initializers -    text_field_embedder.encoder.layer.2.attention.self.query.weight
2022-06-06 00:30:56,862 - INFO - allennlp.nn.initializers -    text_field_embedder.encoder.layer.2.attention.self.value.bias
2022-06-06 00:30:56,862 - INFO - allennlp.nn.initializers -    text_field_embedder.encoder.layer.2.attention.self.value.weight
2022-06-06 00:30:56,862 - INFO - allennlp.nn.initializers -    text_field_embedder.encoder.layer.2.intermediate.dense.bias
2022-06-06 00:30:56,862 - INFO - allennlp.nn.initializers -    text_field_embedder.encoder.layer.2.intermediate.dense.weight
2022-06-06 00:30:56,862 - INFO - allennlp.nn.initializers -    text_field_embedder.encoder.layer.2.output.LayerNorm.bias
2022-06-06 00:30:56,862 - INFO - allennlp.nn.initializers -    text_field_embedder.encoder.layer.2.output.LayerNorm.weight
2022-06-06 00:30:56,862 - INFO - allennlp.nn.initializers -    text_field_embedder.encoder.layer.2.output.dense.bias
2022-06-06 00:30:56,862 - INFO - allennlp.nn.initializers -    text_field_embedder.encoder.layer.2.output.dense.weight
2022-06-06 00:30:56,862 - INFO - allennlp.nn.initializers -    text_field_embedder.encoder.layer.3.attention.output.LayerNorm.bias
2022-06-06 00:30:56,862 - INFO - allennlp.nn.initializers -    text_field_embedder.encoder.layer.3.attention.output.LayerNorm.weight
2022-06-06 00:30:56,862 - INFO - allennlp.nn.initializers -    text_field_embedder.encoder.layer.3.attention.output.dense.bias
2022-06-06 00:30:56,862 - INFO - allennlp.nn.initializers -    text_field_embedder.encoder.layer.3.attention.output.dense.weight
2022-06-06 00:30:56,863 - INFO - allennlp.nn.initializers -    text_field_embedder.encoder.layer.3.attention.self.key.bias
2022-06-06 00:30:56,863 - INFO - allennlp.nn.initializers -    text_field_embedder.encoder.layer.3.attention.self.key.weight
2022-06-06 00:30:56,863 - INFO - allennlp.nn.initializers -    text_field_embedder.encoder.layer.3.attention.self.query.bias
2022-06-06 00:30:56,863 - INFO - allennlp.nn.initializers -    text_field_embedder.encoder.layer.3.attention.self.query.weight
2022-06-06 00:30:56,863 - INFO - allennlp.nn.initializers -    text_field_embedder.encoder.layer.3.attention.self.value.bias
2022-06-06 00:30:56,863 - INFO - allennlp.nn.initializers -    text_field_embedder.encoder.layer.3.attention.self.value.weight
2022-06-06 00:30:56,863 - INFO - allennlp.nn.initializers -    text_field_embedder.encoder.layer.3.intermediate.dense.bias
2022-06-06 00:30:56,863 - INFO - allennlp.nn.initializers -    text_field_embedder.encoder.layer.3.intermediate.dense.weight
2022-06-06 00:30:56,863 - INFO - allennlp.nn.initializers -    text_field_embedder.encoder.layer.3.output.LayerNorm.bias
2022-06-06 00:30:56,863 - INFO - allennlp.nn.initializers -    text_field_embedder.encoder.layer.3.output.LayerNorm.weight
2022-06-06 00:30:56,863 - INFO - allennlp.nn.initializers -    text_field_embedder.encoder.layer.3.output.dense.bias
2022-06-06 00:30:56,863 - INFO - allennlp.nn.initializers -    text_field_embedder.encoder.layer.3.output.dense.weight
2022-06-06 00:30:56,863 - INFO - allennlp.nn.initializers -    text_field_embedder.encoder.layer.4.attention.output.LayerNorm.bias
2022-06-06 00:30:56,863 - INFO - allennlp.nn.initializers -    text_field_embedder.encoder.layer.4.attention.output.LayerNorm.weight
2022-06-06 00:30:56,864 - INFO - allennlp.nn.initializers -    text_field_embedder.encoder.layer.4.attention.output.dense.bias
2022-06-06 00:30:56,864 - INFO - allennlp.nn.initializers -    text_field_embedder.encoder.layer.4.attention.output.dense.weight
2022-06-06 00:30:56,864 - INFO - allennlp.nn.initializers -    text_field_embedder.encoder.layer.4.attention.self.key.bias
2022-06-06 00:30:56,864 - INFO - allennlp.nn.initializers -    text_field_embedder.encoder.layer.4.attention.self.key.weight
2022-06-06 00:30:56,864 - INFO - allennlp.nn.initializers -    text_field_embedder.encoder.layer.4.attention.self.query.bias
2022-06-06 00:30:56,864 - INFO - allennlp.nn.initializers -    text_field_embedder.encoder.layer.4.attention.self.query.weight
2022-06-06 00:30:56,864 - INFO - allennlp.nn.initializers -    text_field_embedder.encoder.layer.4.attention.self.value.bias
2022-06-06 00:30:56,864 - INFO - allennlp.nn.initializers -    text_field_embedder.encoder.layer.4.attention.self.value.weight
2022-06-06 00:30:56,864 - INFO - allennlp.nn.initializers -    text_field_embedder.encoder.layer.4.intermediate.dense.bias
2022-06-06 00:30:56,864 - INFO - allennlp.nn.initializers -    text_field_embedder.encoder.layer.4.intermediate.dense.weight
2022-06-06 00:30:56,864 - INFO - allennlp.nn.initializers -    text_field_embedder.encoder.layer.4.output.LayerNorm.bias
2022-06-06 00:30:56,864 - INFO - allennlp.nn.initializers -    text_field_embedder.encoder.layer.4.output.LayerNorm.weight
2022-06-06 00:30:56,864 - INFO - allennlp.nn.initializers -    text_field_embedder.encoder.layer.4.output.dense.bias
2022-06-06 00:30:56,865 - INFO - allennlp.nn.initializers -    text_field_embedder.encoder.layer.4.output.dense.weight
2022-06-06 00:30:56,865 - INFO - allennlp.nn.initializers -    text_field_embedder.encoder.layer.5.attention.output.LayerNorm.bias
2022-06-06 00:30:56,865 - INFO - allennlp.nn.initializers -    text_field_embedder.encoder.layer.5.attention.output.LayerNorm.weight
2022-06-06 00:30:56,865 - INFO - allennlp.nn.initializers -    text_field_embedder.encoder.layer.5.attention.output.dense.bias
2022-06-06 00:30:56,865 - INFO - allennlp.nn.initializers -    text_field_embedder.encoder.layer.5.attention.output.dense.weight
2022-06-06 00:30:56,865 - INFO - allennlp.nn.initializers -    text_field_embedder.encoder.layer.5.attention.self.key.bias
2022-06-06 00:30:56,865 - INFO - allennlp.nn.initializers -    text_field_embedder.encoder.layer.5.attention.self.key.weight
2022-06-06 00:30:56,865 - INFO - allennlp.nn.initializers -    text_field_embedder.encoder.layer.5.attention.self.query.bias
2022-06-06 00:30:56,865 - INFO - allennlp.nn.initializers -    text_field_embedder.encoder.layer.5.attention.self.query.weight
2022-06-06 00:30:56,865 - INFO - allennlp.nn.initializers -    text_field_embedder.encoder.layer.5.attention.self.value.bias
2022-06-06 00:30:56,865 - INFO - allennlp.nn.initializers -    text_field_embedder.encoder.layer.5.attention.self.value.weight
2022-06-06 00:30:56,865 - INFO - allennlp.nn.initializers -    text_field_embedder.encoder.layer.5.intermediate.dense.bias
2022-06-06 00:30:56,865 - INFO - allennlp.nn.initializers -    text_field_embedder.encoder.layer.5.intermediate.dense.weight
2022-06-06 00:30:56,865 - INFO - allennlp.nn.initializers -    text_field_embedder.encoder.layer.5.output.LayerNorm.bias
2022-06-06 00:30:56,866 - INFO - allennlp.nn.initializers -    text_field_embedder.encoder.layer.5.output.LayerNorm.weight
2022-06-06 00:30:56,866 - INFO - allennlp.nn.initializers -    text_field_embedder.encoder.layer.5.output.dense.bias
2022-06-06 00:30:56,866 - INFO - allennlp.nn.initializers -    text_field_embedder.encoder.layer.5.output.dense.weight
2022-06-06 00:30:56,866 - INFO - allennlp.nn.initializers -    text_field_embedder.encoder.layer.6.attention.output.LayerNorm.bias
2022-06-06 00:30:56,866 - INFO - allennlp.nn.initializers -    text_field_embedder.encoder.layer.6.attention.output.LayerNorm.weight
2022-06-06 00:30:56,866 - INFO - allennlp.nn.initializers -    text_field_embedder.encoder.layer.6.attention.output.dense.bias
2022-06-06 00:30:56,866 - INFO - allennlp.nn.initializers -    text_field_embedder.encoder.layer.6.attention.output.dense.weight
2022-06-06 00:30:56,866 - INFO - allennlp.nn.initializers -    text_field_embedder.encoder.layer.6.attention.self.key.bias
2022-06-06 00:30:56,866 - INFO - allennlp.nn.initializers -    text_field_embedder.encoder.layer.6.attention.self.key.weight
2022-06-06 00:30:56,866 - INFO - allennlp.nn.initializers -    text_field_embedder.encoder.layer.6.attention.self.query.bias
2022-06-06 00:30:56,866 - INFO - allennlp.nn.initializers -    text_field_embedder.encoder.layer.6.attention.self.query.weight
2022-06-06 00:30:56,866 - INFO - allennlp.nn.initializers -    text_field_embedder.encoder.layer.6.attention.self.value.bias
2022-06-06 00:30:56,867 - INFO - allennlp.nn.initializers -    text_field_embedder.encoder.layer.6.attention.self.value.weight
2022-06-06 00:30:56,867 - INFO - allennlp.nn.initializers -    text_field_embedder.encoder.layer.6.intermediate.dense.bias
2022-06-06 00:30:56,867 - INFO - allennlp.nn.initializers -    text_field_embedder.encoder.layer.6.intermediate.dense.weight
2022-06-06 00:30:56,867 - INFO - allennlp.nn.initializers -    text_field_embedder.encoder.layer.6.output.LayerNorm.bias
2022-06-06 00:30:56,867 - INFO - allennlp.nn.initializers -    text_field_embedder.encoder.layer.6.output.LayerNorm.weight
2022-06-06 00:30:56,867 - INFO - allennlp.nn.initializers -    text_field_embedder.encoder.layer.6.output.dense.bias
2022-06-06 00:30:56,867 - INFO - allennlp.nn.initializers -    text_field_embedder.encoder.layer.6.output.dense.weight
2022-06-06 00:30:56,867 - INFO - allennlp.nn.initializers -    text_field_embedder.encoder.layer.7.attention.output.LayerNorm.bias
2022-06-06 00:30:56,867 - INFO - allennlp.nn.initializers -    text_field_embedder.encoder.layer.7.attention.output.LayerNorm.weight
2022-06-06 00:30:56,867 - INFO - allennlp.nn.initializers -    text_field_embedder.encoder.layer.7.attention.output.dense.bias
2022-06-06 00:30:56,867 - INFO - allennlp.nn.initializers -    text_field_embedder.encoder.layer.7.attention.output.dense.weight
2022-06-06 00:30:56,867 - INFO - allennlp.nn.initializers -    text_field_embedder.encoder.layer.7.attention.self.key.bias
2022-06-06 00:30:56,867 - INFO - allennlp.nn.initializers -    text_field_embedder.encoder.layer.7.attention.self.key.weight
2022-06-06 00:30:56,867 - INFO - allennlp.nn.initializers -    text_field_embedder.encoder.layer.7.attention.self.query.bias
2022-06-06 00:30:56,868 - INFO - allennlp.nn.initializers -    text_field_embedder.encoder.layer.7.attention.self.query.weight
2022-06-06 00:30:56,868 - INFO - allennlp.nn.initializers -    text_field_embedder.encoder.layer.7.attention.self.value.bias
2022-06-06 00:30:56,868 - INFO - allennlp.nn.initializers -    text_field_embedder.encoder.layer.7.attention.self.value.weight
2022-06-06 00:30:56,868 - INFO - allennlp.nn.initializers -    text_field_embedder.encoder.layer.7.intermediate.dense.bias
2022-06-06 00:30:56,868 - INFO - allennlp.nn.initializers -    text_field_embedder.encoder.layer.7.intermediate.dense.weight
2022-06-06 00:30:56,868 - INFO - allennlp.nn.initializers -    text_field_embedder.encoder.layer.7.output.LayerNorm.bias
2022-06-06 00:30:56,868 - INFO - allennlp.nn.initializers -    text_field_embedder.encoder.layer.7.output.LayerNorm.weight
2022-06-06 00:30:56,868 - INFO - allennlp.nn.initializers -    text_field_embedder.encoder.layer.7.output.dense.bias
2022-06-06 00:30:56,868 - INFO - allennlp.nn.initializers -    text_field_embedder.encoder.layer.7.output.dense.weight
2022-06-06 00:30:56,868 - INFO - allennlp.nn.initializers -    text_field_embedder.encoder.layer.8.attention.output.LayerNorm.bias
2022-06-06 00:30:56,868 - INFO - allennlp.nn.initializers -    text_field_embedder.encoder.layer.8.attention.output.LayerNorm.weight
2022-06-06 00:30:56,868 - INFO - allennlp.nn.initializers -    text_field_embedder.encoder.layer.8.attention.output.dense.bias
2022-06-06 00:30:56,868 - INFO - allennlp.nn.initializers -    text_field_embedder.encoder.layer.8.attention.output.dense.weight
2022-06-06 00:30:56,868 - INFO - allennlp.nn.initializers -    text_field_embedder.encoder.layer.8.attention.self.key.bias
2022-06-06 00:30:56,869 - INFO - allennlp.nn.initializers -    text_field_embedder.encoder.layer.8.attention.self.key.weight
2022-06-06 00:30:56,869 - INFO - allennlp.nn.initializers -    text_field_embedder.encoder.layer.8.attention.self.query.bias
2022-06-06 00:30:56,869 - INFO - allennlp.nn.initializers -    text_field_embedder.encoder.layer.8.attention.self.query.weight
2022-06-06 00:30:56,869 - INFO - allennlp.nn.initializers -    text_field_embedder.encoder.layer.8.attention.self.value.bias
2022-06-06 00:30:56,869 - INFO - allennlp.nn.initializers -    text_field_embedder.encoder.layer.8.attention.self.value.weight
2022-06-06 00:30:56,869 - INFO - allennlp.nn.initializers -    text_field_embedder.encoder.layer.8.intermediate.dense.bias
2022-06-06 00:30:56,869 - INFO - allennlp.nn.initializers -    text_field_embedder.encoder.layer.8.intermediate.dense.weight
2022-06-06 00:30:56,869 - INFO - allennlp.nn.initializers -    text_field_embedder.encoder.layer.8.output.LayerNorm.bias
2022-06-06 00:30:56,869 - INFO - allennlp.nn.initializers -    text_field_embedder.encoder.layer.8.output.LayerNorm.weight
2022-06-06 00:30:56,869 - INFO - allennlp.nn.initializers -    text_field_embedder.encoder.layer.8.output.dense.bias
2022-06-06 00:30:56,869 - INFO - allennlp.nn.initializers -    text_field_embedder.encoder.layer.8.output.dense.weight
2022-06-06 00:30:56,869 - INFO - allennlp.nn.initializers -    text_field_embedder.encoder.layer.9.attention.output.LayerNorm.bias
2022-06-06 00:30:56,869 - INFO - allennlp.nn.initializers -    text_field_embedder.encoder.layer.9.attention.output.LayerNorm.weight
2022-06-06 00:30:56,869 - INFO - allennlp.nn.initializers -    text_field_embedder.encoder.layer.9.attention.output.dense.bias
2022-06-06 00:30:56,870 - INFO - allennlp.nn.initializers -    text_field_embedder.encoder.layer.9.attention.output.dense.weight
2022-06-06 00:30:56,870 - INFO - allennlp.nn.initializers -    text_field_embedder.encoder.layer.9.attention.self.key.bias
2022-06-06 00:30:56,870 - INFO - allennlp.nn.initializers -    text_field_embedder.encoder.layer.9.attention.self.key.weight
2022-06-06 00:30:56,870 - INFO - allennlp.nn.initializers -    text_field_embedder.encoder.layer.9.attention.self.query.bias
2022-06-06 00:30:56,870 - INFO - allennlp.nn.initializers -    text_field_embedder.encoder.layer.9.attention.self.query.weight
2022-06-06 00:30:56,870 - INFO - allennlp.nn.initializers -    text_field_embedder.encoder.layer.9.attention.self.value.bias
2022-06-06 00:30:56,870 - INFO - allennlp.nn.initializers -    text_field_embedder.encoder.layer.9.attention.self.value.weight
2022-06-06 00:30:56,870 - INFO - allennlp.nn.initializers -    text_field_embedder.encoder.layer.9.intermediate.dense.bias
2022-06-06 00:30:56,870 - INFO - allennlp.nn.initializers -    text_field_embedder.encoder.layer.9.intermediate.dense.weight
2022-06-06 00:30:56,870 - INFO - allennlp.nn.initializers -    text_field_embedder.encoder.layer.9.output.LayerNorm.bias
2022-06-06 00:30:56,870 - INFO - allennlp.nn.initializers -    text_field_embedder.encoder.layer.9.output.LayerNorm.weight
2022-06-06 00:30:56,870 - INFO - allennlp.nn.initializers -    text_field_embedder.encoder.layer.9.output.dense.bias
2022-06-06 00:30:56,871 - INFO - allennlp.nn.initializers -    text_field_embedder.encoder.layer.9.output.dense.weight
2022-06-06 00:30:56,871 - INFO - allennlp.nn.initializers -    text_field_embedder.pooler.dense.bias
2022-06-06 00:30:56,871 - INFO - allennlp.nn.initializers -    text_field_embedder.pooler.dense.weight
2022-06-06 00:30:58,404 - INFO - allennlp.common.from_params - instantiating class <class 'allennlp.data.iterators.data_iterator.DataIterator'> from params {'batch_size': 8, 'sorting_keys': [['quote_response', 'num_tokens']], 'type': 'bucket'} and extras {}
2022-06-06 00:30:58,404 - INFO - allennlp.common.params - iterator.type = bucket
2022-06-06 00:30:58,404 - INFO - allennlp.common.from_params - instantiating class <class 'allennlp.data.iterators.bucket_iterator.BucketIterator'> from params {'batch_size': 8, 'sorting_keys': [['quote_response', 'num_tokens']]} and extras {}
2022-06-06 00:30:58,405 - INFO - allennlp.common.params - iterator.sorting_keys = [['quote_response', 'num_tokens']]
2022-06-06 00:30:58,405 - INFO - allennlp.common.params - iterator.padding_noise = 0.1
2022-06-06 00:30:58,405 - INFO - allennlp.common.params - iterator.biggest_batch_first = False
2022-06-06 00:30:58,405 - INFO - allennlp.common.params - iterator.batch_size = 8
2022-06-06 00:30:58,405 - INFO - allennlp.common.params - iterator.instances_per_epoch = None
2022-06-06 00:30:58,405 - INFO - allennlp.common.params - iterator.max_instances_in_memory = None
2022-06-06 00:30:58,405 - INFO - allennlp.common.params - iterator.cache_instances = False
2022-06-06 00:30:58,405 - INFO - allennlp.common.params - iterator.track_epoch = False
2022-06-06 00:30:58,406 - INFO - allennlp.common.params - iterator.maximum_samples_per_batch = None
2022-06-06 00:30:58,406 - INFO - allennlp.common.params - validation_iterator = None
2022-06-06 00:30:58,406 - INFO - allennlp.common.params - trainer.no_grad = ()
2022-06-06 00:30:58,407 - INFO - my_library.training.transfer - Following parameters are Frozen  (without gradient):
2022-06-06 00:30:58,407 - INFO - my_library.training.transfer - Following parameters are Tunable (with gradient):
2022-06-06 00:30:58,407 - INFO - my_library.training.transfer - text_field_embedder.embeddings.word_embeddings.weight
2022-06-06 00:30:58,408 - INFO - my_library.training.transfer - text_field_embedder.embeddings.position_embeddings.weight
2022-06-06 00:30:58,408 - INFO - my_library.training.transfer - text_field_embedder.embeddings.token_type_embeddings.weight
2022-06-06 00:30:58,408 - INFO - my_library.training.transfer - text_field_embedder.embeddings.LayerNorm.weight
2022-06-06 00:30:58,408 - INFO - my_library.training.transfer - text_field_embedder.embeddings.LayerNorm.bias
2022-06-06 00:30:58,408 - INFO - my_library.training.transfer - text_field_embedder.encoder.layer.0.attention.self.query.weight
2022-06-06 00:30:58,408 - INFO - my_library.training.transfer - text_field_embedder.encoder.layer.0.attention.self.query.bias
2022-06-06 00:30:58,408 - INFO - my_library.training.transfer - text_field_embedder.encoder.layer.0.attention.self.key.weight
2022-06-06 00:30:58,408 - INFO - my_library.training.transfer - text_field_embedder.encoder.layer.0.attention.self.key.bias
2022-06-06 00:30:58,408 - INFO - my_library.training.transfer - text_field_embedder.encoder.layer.0.attention.self.value.weight
2022-06-06 00:30:58,408 - INFO - my_library.training.transfer - text_field_embedder.encoder.layer.0.attention.self.value.bias
2022-06-06 00:30:58,408 - INFO - my_library.training.transfer - text_field_embedder.encoder.layer.0.attention.output.dense.weight
2022-06-06 00:30:58,408 - INFO - my_library.training.transfer - text_field_embedder.encoder.layer.0.attention.output.dense.bias
2022-06-06 00:30:58,408 - INFO - my_library.training.transfer - text_field_embedder.encoder.layer.0.attention.output.LayerNorm.weight
2022-06-06 00:30:58,408 - INFO - my_library.training.transfer - text_field_embedder.encoder.layer.0.attention.output.LayerNorm.bias
2022-06-06 00:30:58,408 - INFO - my_library.training.transfer - text_field_embedder.encoder.layer.0.intermediate.dense.weight
2022-06-06 00:30:58,409 - INFO - my_library.training.transfer - text_field_embedder.encoder.layer.0.intermediate.dense.bias
2022-06-06 00:30:58,409 - INFO - my_library.training.transfer - text_field_embedder.encoder.layer.0.output.dense.weight
2022-06-06 00:30:58,409 - INFO - my_library.training.transfer - text_field_embedder.encoder.layer.0.output.dense.bias
2022-06-06 00:30:58,409 - INFO - my_library.training.transfer - text_field_embedder.encoder.layer.0.output.LayerNorm.weight
2022-06-06 00:30:58,409 - INFO - my_library.training.transfer - text_field_embedder.encoder.layer.0.output.LayerNorm.bias
2022-06-06 00:30:58,409 - INFO - my_library.training.transfer - text_field_embedder.encoder.layer.1.attention.self.query.weight
2022-06-06 00:30:58,409 - INFO - my_library.training.transfer - text_field_embedder.encoder.layer.1.attention.self.query.bias
2022-06-06 00:30:58,409 - INFO - my_library.training.transfer - text_field_embedder.encoder.layer.1.attention.self.key.weight
2022-06-06 00:30:58,409 - INFO - my_library.training.transfer - text_field_embedder.encoder.layer.1.attention.self.key.bias
2022-06-06 00:30:58,409 - INFO - my_library.training.transfer - text_field_embedder.encoder.layer.1.attention.self.value.weight
2022-06-06 00:30:58,409 - INFO - my_library.training.transfer - text_field_embedder.encoder.layer.1.attention.self.value.bias
2022-06-06 00:30:58,409 - INFO - my_library.training.transfer - text_field_embedder.encoder.layer.1.attention.output.dense.weight
2022-06-06 00:30:58,409 - INFO - my_library.training.transfer - text_field_embedder.encoder.layer.1.attention.output.dense.bias
2022-06-06 00:30:58,409 - INFO - my_library.training.transfer - text_field_embedder.encoder.layer.1.attention.output.LayerNorm.weight
2022-06-06 00:30:58,409 - INFO - my_library.training.transfer - text_field_embedder.encoder.layer.1.attention.output.LayerNorm.bias
2022-06-06 00:30:58,410 - INFO - my_library.training.transfer - text_field_embedder.encoder.layer.1.intermediate.dense.weight
2022-06-06 00:30:58,410 - INFO - my_library.training.transfer - text_field_embedder.encoder.layer.1.intermediate.dense.bias
2022-06-06 00:30:58,410 - INFO - my_library.training.transfer - text_field_embedder.encoder.layer.1.output.dense.weight
2022-06-06 00:30:58,410 - INFO - my_library.training.transfer - text_field_embedder.encoder.layer.1.output.dense.bias
2022-06-06 00:30:58,410 - INFO - my_library.training.transfer - text_field_embedder.encoder.layer.1.output.LayerNorm.weight
2022-06-06 00:30:58,410 - INFO - my_library.training.transfer - text_field_embedder.encoder.layer.1.output.LayerNorm.bias
2022-06-06 00:30:58,410 - INFO - my_library.training.transfer - text_field_embedder.encoder.layer.2.attention.self.query.weight
2022-06-06 00:30:58,410 - INFO - my_library.training.transfer - text_field_embedder.encoder.layer.2.attention.self.query.bias
2022-06-06 00:30:58,410 - INFO - my_library.training.transfer - text_field_embedder.encoder.layer.2.attention.self.key.weight
2022-06-06 00:30:58,410 - INFO - my_library.training.transfer - text_field_embedder.encoder.layer.2.attention.self.key.bias
2022-06-06 00:30:58,410 - INFO - my_library.training.transfer - text_field_embedder.encoder.layer.2.attention.self.value.weight
2022-06-06 00:30:58,410 - INFO - my_library.training.transfer - text_field_embedder.encoder.layer.2.attention.self.value.bias
2022-06-06 00:30:58,410 - INFO - my_library.training.transfer - text_field_embedder.encoder.layer.2.attention.output.dense.weight
2022-06-06 00:30:58,410 - INFO - my_library.training.transfer - text_field_embedder.encoder.layer.2.attention.output.dense.bias
2022-06-06 00:30:58,410 - INFO - my_library.training.transfer - text_field_embedder.encoder.layer.2.attention.output.LayerNorm.weight
2022-06-06 00:30:58,411 - INFO - my_library.training.transfer - text_field_embedder.encoder.layer.2.attention.output.LayerNorm.bias
2022-06-06 00:30:58,411 - INFO - my_library.training.transfer - text_field_embedder.encoder.layer.2.intermediate.dense.weight
2022-06-06 00:30:58,411 - INFO - my_library.training.transfer - text_field_embedder.encoder.layer.2.intermediate.dense.bias
2022-06-06 00:30:58,411 - INFO - my_library.training.transfer - text_field_embedder.encoder.layer.2.output.dense.weight
2022-06-06 00:30:58,411 - INFO - my_library.training.transfer - text_field_embedder.encoder.layer.2.output.dense.bias
2022-06-06 00:30:58,411 - INFO - my_library.training.transfer - text_field_embedder.encoder.layer.2.output.LayerNorm.weight
2022-06-06 00:30:58,411 - INFO - my_library.training.transfer - text_field_embedder.encoder.layer.2.output.LayerNorm.bias
2022-06-06 00:30:58,411 - INFO - my_library.training.transfer - text_field_embedder.encoder.layer.3.attention.self.query.weight
2022-06-06 00:30:58,411 - INFO - my_library.training.transfer - text_field_embedder.encoder.layer.3.attention.self.query.bias
2022-06-06 00:30:58,411 - INFO - my_library.training.transfer - text_field_embedder.encoder.layer.3.attention.self.key.weight
2022-06-06 00:30:58,411 - INFO - my_library.training.transfer - text_field_embedder.encoder.layer.3.attention.self.key.bias
2022-06-06 00:30:58,411 - INFO - my_library.training.transfer - text_field_embedder.encoder.layer.3.attention.self.value.weight
2022-06-06 00:30:58,411 - INFO - my_library.training.transfer - text_field_embedder.encoder.layer.3.attention.self.value.bias
2022-06-06 00:30:58,411 - INFO - my_library.training.transfer - text_field_embedder.encoder.layer.3.attention.output.dense.weight
2022-06-06 00:30:58,411 - INFO - my_library.training.transfer - text_field_embedder.encoder.layer.3.attention.output.dense.bias
2022-06-06 00:30:58,412 - INFO - my_library.training.transfer - text_field_embedder.encoder.layer.3.attention.output.LayerNorm.weight
2022-06-06 00:30:58,412 - INFO - my_library.training.transfer - text_field_embedder.encoder.layer.3.attention.output.LayerNorm.bias
2022-06-06 00:30:58,412 - INFO - my_library.training.transfer - text_field_embedder.encoder.layer.3.intermediate.dense.weight
2022-06-06 00:30:58,412 - INFO - my_library.training.transfer - text_field_embedder.encoder.layer.3.intermediate.dense.bias
2022-06-06 00:30:58,412 - INFO - my_library.training.transfer - text_field_embedder.encoder.layer.3.output.dense.weight
2022-06-06 00:30:58,412 - INFO - my_library.training.transfer - text_field_embedder.encoder.layer.3.output.dense.bias
2022-06-06 00:30:58,412 - INFO - my_library.training.transfer - text_field_embedder.encoder.layer.3.output.LayerNorm.weight
2022-06-06 00:30:58,412 - INFO - my_library.training.transfer - text_field_embedder.encoder.layer.3.output.LayerNorm.bias
2022-06-06 00:30:58,412 - INFO - my_library.training.transfer - text_field_embedder.encoder.layer.4.attention.self.query.weight
2022-06-06 00:30:58,412 - INFO - my_library.training.transfer - text_field_embedder.encoder.layer.4.attention.self.query.bias
2022-06-06 00:30:58,412 - INFO - my_library.training.transfer - text_field_embedder.encoder.layer.4.attention.self.key.weight
2022-06-06 00:30:58,412 - INFO - my_library.training.transfer - text_field_embedder.encoder.layer.4.attention.self.key.bias
2022-06-06 00:30:58,412 - INFO - my_library.training.transfer - text_field_embedder.encoder.layer.4.attention.self.value.weight
2022-06-06 00:30:58,412 - INFO - my_library.training.transfer - text_field_embedder.encoder.layer.4.attention.self.value.bias
2022-06-06 00:30:58,412 - INFO - my_library.training.transfer - text_field_embedder.encoder.layer.4.attention.output.dense.weight
2022-06-06 00:30:58,413 - INFO - my_library.training.transfer - text_field_embedder.encoder.layer.4.attention.output.dense.bias
2022-06-06 00:30:58,413 - INFO - my_library.training.transfer - text_field_embedder.encoder.layer.4.attention.output.LayerNorm.weight
2022-06-06 00:30:58,413 - INFO - my_library.training.transfer - text_field_embedder.encoder.layer.4.attention.output.LayerNorm.bias
2022-06-06 00:30:58,413 - INFO - my_library.training.transfer - text_field_embedder.encoder.layer.4.intermediate.dense.weight
2022-06-06 00:30:58,413 - INFO - my_library.training.transfer - text_field_embedder.encoder.layer.4.intermediate.dense.bias
2022-06-06 00:30:58,413 - INFO - my_library.training.transfer - text_field_embedder.encoder.layer.4.output.dense.weight
2022-06-06 00:30:58,413 - INFO - my_library.training.transfer - text_field_embedder.encoder.layer.4.output.dense.bias
2022-06-06 00:30:58,413 - INFO - my_library.training.transfer - text_field_embedder.encoder.layer.4.output.LayerNorm.weight
2022-06-06 00:30:58,413 - INFO - my_library.training.transfer - text_field_embedder.encoder.layer.4.output.LayerNorm.bias
2022-06-06 00:30:58,413 - INFO - my_library.training.transfer - text_field_embedder.encoder.layer.5.attention.self.query.weight
2022-06-06 00:30:58,413 - INFO - my_library.training.transfer - text_field_embedder.encoder.layer.5.attention.self.query.bias
2022-06-06 00:30:58,413 - INFO - my_library.training.transfer - text_field_embedder.encoder.layer.5.attention.self.key.weight
2022-06-06 00:30:58,413 - INFO - my_library.training.transfer - text_field_embedder.encoder.layer.5.attention.self.key.bias
2022-06-06 00:30:58,413 - INFO - my_library.training.transfer - text_field_embedder.encoder.layer.5.attention.self.value.weight
2022-06-06 00:30:58,413 - INFO - my_library.training.transfer - text_field_embedder.encoder.layer.5.attention.self.value.bias
2022-06-06 00:30:58,413 - INFO - my_library.training.transfer - text_field_embedder.encoder.layer.5.attention.output.dense.weight
2022-06-06 00:30:58,414 - INFO - my_library.training.transfer - text_field_embedder.encoder.layer.5.attention.output.dense.bias
2022-06-06 00:30:58,414 - INFO - my_library.training.transfer - text_field_embedder.encoder.layer.5.attention.output.LayerNorm.weight
2022-06-06 00:30:58,414 - INFO - my_library.training.transfer - text_field_embedder.encoder.layer.5.attention.output.LayerNorm.bias
2022-06-06 00:30:58,414 - INFO - my_library.training.transfer - text_field_embedder.encoder.layer.5.intermediate.dense.weight
2022-06-06 00:30:58,414 - INFO - my_library.training.transfer - text_field_embedder.encoder.layer.5.intermediate.dense.bias
2022-06-06 00:30:58,414 - INFO - my_library.training.transfer - text_field_embedder.encoder.layer.5.output.dense.weight
2022-06-06 00:30:58,414 - INFO - my_library.training.transfer - text_field_embedder.encoder.layer.5.output.dense.bias
2022-06-06 00:30:58,414 - INFO - my_library.training.transfer - text_field_embedder.encoder.layer.5.output.LayerNorm.weight
2022-06-06 00:30:58,414 - INFO - my_library.training.transfer - text_field_embedder.encoder.layer.5.output.LayerNorm.bias
2022-06-06 00:30:58,414 - INFO - my_library.training.transfer - text_field_embedder.encoder.layer.6.attention.self.query.weight
2022-06-06 00:30:58,414 - INFO - my_library.training.transfer - text_field_embedder.encoder.layer.6.attention.self.query.bias
2022-06-06 00:30:58,414 - INFO - my_library.training.transfer - text_field_embedder.encoder.layer.6.attention.self.key.weight
2022-06-06 00:30:58,414 - INFO - my_library.training.transfer - text_field_embedder.encoder.layer.6.attention.self.key.bias
2022-06-06 00:30:58,414 - INFO - my_library.training.transfer - text_field_embedder.encoder.layer.6.attention.self.value.weight
2022-06-06 00:30:58,415 - INFO - my_library.training.transfer - text_field_embedder.encoder.layer.6.attention.self.value.bias
2022-06-06 00:30:58,415 - INFO - my_library.training.transfer - text_field_embedder.encoder.layer.6.attention.output.dense.weight
2022-06-06 00:30:58,415 - INFO - my_library.training.transfer - text_field_embedder.encoder.layer.6.attention.output.dense.bias
2022-06-06 00:30:58,415 - INFO - my_library.training.transfer - text_field_embedder.encoder.layer.6.attention.output.LayerNorm.weight
2022-06-06 00:30:58,415 - INFO - my_library.training.transfer - text_field_embedder.encoder.layer.6.attention.output.LayerNorm.bias
2022-06-06 00:30:58,415 - INFO - my_library.training.transfer - text_field_embedder.encoder.layer.6.intermediate.dense.weight
2022-06-06 00:30:58,415 - INFO - my_library.training.transfer - text_field_embedder.encoder.layer.6.intermediate.dense.bias
2022-06-06 00:30:58,415 - INFO - my_library.training.transfer - text_field_embedder.encoder.layer.6.output.dense.weight
2022-06-06 00:30:58,415 - INFO - my_library.training.transfer - text_field_embedder.encoder.layer.6.output.dense.bias
2022-06-06 00:30:58,415 - INFO - my_library.training.transfer - text_field_embedder.encoder.layer.6.output.LayerNorm.weight
2022-06-06 00:30:58,415 - INFO - my_library.training.transfer - text_field_embedder.encoder.layer.6.output.LayerNorm.bias
2022-06-06 00:30:58,415 - INFO - my_library.training.transfer - text_field_embedder.encoder.layer.7.attention.self.query.weight
2022-06-06 00:30:58,415 - INFO - my_library.training.transfer - text_field_embedder.encoder.layer.7.attention.self.query.bias
2022-06-06 00:30:58,415 - INFO - my_library.training.transfer - text_field_embedder.encoder.layer.7.attention.self.key.weight
2022-06-06 00:30:58,415 - INFO - my_library.training.transfer - text_field_embedder.encoder.layer.7.attention.self.key.bias
2022-06-06 00:30:58,416 - INFO - my_library.training.transfer - text_field_embedder.encoder.layer.7.attention.self.value.weight
2022-06-06 00:30:58,416 - INFO - my_library.training.transfer - text_field_embedder.encoder.layer.7.attention.self.value.bias
2022-06-06 00:30:58,416 - INFO - my_library.training.transfer - text_field_embedder.encoder.layer.7.attention.output.dense.weight
2022-06-06 00:30:58,416 - INFO - my_library.training.transfer - text_field_embedder.encoder.layer.7.attention.output.dense.bias
2022-06-06 00:30:58,416 - INFO - my_library.training.transfer - text_field_embedder.encoder.layer.7.attention.output.LayerNorm.weight
2022-06-06 00:30:58,416 - INFO - my_library.training.transfer - text_field_embedder.encoder.layer.7.attention.output.LayerNorm.bias
2022-06-06 00:30:58,416 - INFO - my_library.training.transfer - text_field_embedder.encoder.layer.7.intermediate.dense.weight
2022-06-06 00:30:58,416 - INFO - my_library.training.transfer - text_field_embedder.encoder.layer.7.intermediate.dense.bias
2022-06-06 00:30:58,416 - INFO - my_library.training.transfer - text_field_embedder.encoder.layer.7.output.dense.weight
2022-06-06 00:30:58,416 - INFO - my_library.training.transfer - text_field_embedder.encoder.layer.7.output.dense.bias
2022-06-06 00:30:58,416 - INFO - my_library.training.transfer - text_field_embedder.encoder.layer.7.output.LayerNorm.weight
2022-06-06 00:30:58,416 - INFO - my_library.training.transfer - text_field_embedder.encoder.layer.7.output.LayerNorm.bias
2022-06-06 00:30:58,416 - INFO - my_library.training.transfer - text_field_embedder.encoder.layer.8.attention.self.query.weight
2022-06-06 00:30:58,416 - INFO - my_library.training.transfer - text_field_embedder.encoder.layer.8.attention.self.query.bias
2022-06-06 00:30:58,416 - INFO - my_library.training.transfer - text_field_embedder.encoder.layer.8.attention.self.key.weight
2022-06-06 00:30:58,416 - INFO - my_library.training.transfer - text_field_embedder.encoder.layer.8.attention.self.key.bias
2022-06-06 00:30:58,417 - INFO - my_library.training.transfer - text_field_embedder.encoder.layer.8.attention.self.value.weight
2022-06-06 00:30:58,417 - INFO - my_library.training.transfer - text_field_embedder.encoder.layer.8.attention.self.value.bias
2022-06-06 00:30:58,417 - INFO - my_library.training.transfer - text_field_embedder.encoder.layer.8.attention.output.dense.weight
2022-06-06 00:30:58,417 - INFO - my_library.training.transfer - text_field_embedder.encoder.layer.8.attention.output.dense.bias
2022-06-06 00:30:58,417 - INFO - my_library.training.transfer - text_field_embedder.encoder.layer.8.attention.output.LayerNorm.weight
2022-06-06 00:30:58,417 - INFO - my_library.training.transfer - text_field_embedder.encoder.layer.8.attention.output.LayerNorm.bias
2022-06-06 00:30:58,417 - INFO - my_library.training.transfer - text_field_embedder.encoder.layer.8.intermediate.dense.weight
2022-06-06 00:30:58,417 - INFO - my_library.training.transfer - text_field_embedder.encoder.layer.8.intermediate.dense.bias
2022-06-06 00:30:58,417 - INFO - my_library.training.transfer - text_field_embedder.encoder.layer.8.output.dense.weight
2022-06-06 00:30:58,417 - INFO - my_library.training.transfer - text_field_embedder.encoder.layer.8.output.dense.bias
2022-06-06 00:30:58,417 - INFO - my_library.training.transfer - text_field_embedder.encoder.layer.8.output.LayerNorm.weight
2022-06-06 00:30:58,417 - INFO - my_library.training.transfer - text_field_embedder.encoder.layer.8.output.LayerNorm.bias
2022-06-06 00:30:58,417 - INFO - my_library.training.transfer - text_field_embedder.encoder.layer.9.attention.self.query.weight
2022-06-06 00:30:58,417 - INFO - my_library.training.transfer - text_field_embedder.encoder.layer.9.attention.self.query.bias
2022-06-06 00:30:58,417 - INFO - my_library.training.transfer - text_field_embedder.encoder.layer.9.attention.self.key.weight
2022-06-06 00:30:58,418 - INFO - my_library.training.transfer - text_field_embedder.encoder.layer.9.attention.self.key.bias
2022-06-06 00:30:58,418 - INFO - my_library.training.transfer - text_field_embedder.encoder.layer.9.attention.self.value.weight
2022-06-06 00:30:58,418 - INFO - my_library.training.transfer - text_field_embedder.encoder.layer.9.attention.self.value.bias
2022-06-06 00:30:58,418 - INFO - my_library.training.transfer - text_field_embedder.encoder.layer.9.attention.output.dense.weight
2022-06-06 00:30:58,418 - INFO - my_library.training.transfer - text_field_embedder.encoder.layer.9.attention.output.dense.bias
2022-06-06 00:30:58,418 - INFO - my_library.training.transfer - text_field_embedder.encoder.layer.9.attention.output.LayerNorm.weight
2022-06-06 00:30:58,418 - INFO - my_library.training.transfer - text_field_embedder.encoder.layer.9.attention.output.LayerNorm.bias
2022-06-06 00:30:58,418 - INFO - my_library.training.transfer - text_field_embedder.encoder.layer.9.intermediate.dense.weight
2022-06-06 00:30:58,418 - INFO - my_library.training.transfer - text_field_embedder.encoder.layer.9.intermediate.dense.bias
2022-06-06 00:30:58,418 - INFO - my_library.training.transfer - text_field_embedder.encoder.layer.9.output.dense.weight
2022-06-06 00:30:58,418 - INFO - my_library.training.transfer - text_field_embedder.encoder.layer.9.output.dense.bias
2022-06-06 00:30:58,418 - INFO - my_library.training.transfer - text_field_embedder.encoder.layer.9.output.LayerNorm.weight
2022-06-06 00:30:58,418 - INFO - my_library.training.transfer - text_field_embedder.encoder.layer.9.output.LayerNorm.bias
2022-06-06 00:30:58,418 - INFO - my_library.training.transfer - text_field_embedder.encoder.layer.10.attention.self.query.weight
2022-06-06 00:30:58,418 - INFO - my_library.training.transfer - text_field_embedder.encoder.layer.10.attention.self.query.bias
2022-06-06 00:30:58,419 - INFO - my_library.training.transfer - text_field_embedder.encoder.layer.10.attention.self.key.weight
2022-06-06 00:30:58,419 - INFO - my_library.training.transfer - text_field_embedder.encoder.layer.10.attention.self.key.bias
2022-06-06 00:30:58,419 - INFO - my_library.training.transfer - text_field_embedder.encoder.layer.10.attention.self.value.weight
2022-06-06 00:30:58,419 - INFO - my_library.training.transfer - text_field_embedder.encoder.layer.10.attention.self.value.bias
2022-06-06 00:30:58,419 - INFO - my_library.training.transfer - text_field_embedder.encoder.layer.10.attention.output.dense.weight
2022-06-06 00:30:58,419 - INFO - my_library.training.transfer - text_field_embedder.encoder.layer.10.attention.output.dense.bias
2022-06-06 00:30:58,419 - INFO - my_library.training.transfer - text_field_embedder.encoder.layer.10.attention.output.LayerNorm.weight
2022-06-06 00:30:58,419 - INFO - my_library.training.transfer - text_field_embedder.encoder.layer.10.attention.output.LayerNorm.bias
2022-06-06 00:30:58,419 - INFO - my_library.training.transfer - text_field_embedder.encoder.layer.10.intermediate.dense.weight
2022-06-06 00:30:58,419 - INFO - my_library.training.transfer - text_field_embedder.encoder.layer.10.intermediate.dense.bias
2022-06-06 00:30:58,419 - INFO - my_library.training.transfer - text_field_embedder.encoder.layer.10.output.dense.weight
2022-06-06 00:30:58,419 - INFO - my_library.training.transfer - text_field_embedder.encoder.layer.10.output.dense.bias
2022-06-06 00:30:58,419 - INFO - my_library.training.transfer - text_field_embedder.encoder.layer.10.output.LayerNorm.weight
2022-06-06 00:30:58,419 - INFO - my_library.training.transfer - text_field_embedder.encoder.layer.10.output.LayerNorm.bias
2022-06-06 00:30:58,419 - INFO - my_library.training.transfer - text_field_embedder.encoder.layer.11.attention.self.query.weight
2022-06-06 00:30:58,420 - INFO - my_library.training.transfer - text_field_embedder.encoder.layer.11.attention.self.query.bias
2022-06-06 00:30:58,420 - INFO - my_library.training.transfer - text_field_embedder.encoder.layer.11.attention.self.key.weight
2022-06-06 00:30:58,420 - INFO - my_library.training.transfer - text_field_embedder.encoder.layer.11.attention.self.key.bias
2022-06-06 00:30:58,420 - INFO - my_library.training.transfer - text_field_embedder.encoder.layer.11.attention.self.value.weight
2022-06-06 00:30:58,420 - INFO - my_library.training.transfer - text_field_embedder.encoder.layer.11.attention.self.value.bias
2022-06-06 00:30:58,420 - INFO - my_library.training.transfer - text_field_embedder.encoder.layer.11.attention.output.dense.weight
2022-06-06 00:30:58,420 - INFO - my_library.training.transfer - text_field_embedder.encoder.layer.11.attention.output.dense.bias
2022-06-06 00:30:58,420 - INFO - my_library.training.transfer - text_field_embedder.encoder.layer.11.attention.output.LayerNorm.weight
2022-06-06 00:30:58,420 - INFO - my_library.training.transfer - text_field_embedder.encoder.layer.11.attention.output.LayerNorm.bias
2022-06-06 00:30:58,420 - INFO - my_library.training.transfer - text_field_embedder.encoder.layer.11.intermediate.dense.weight
2022-06-06 00:30:58,420 - INFO - my_library.training.transfer - text_field_embedder.encoder.layer.11.intermediate.dense.bias
2022-06-06 00:30:58,420 - INFO - my_library.training.transfer - text_field_embedder.encoder.layer.11.output.dense.weight
2022-06-06 00:30:58,420 - INFO - my_library.training.transfer - text_field_embedder.encoder.layer.11.output.dense.bias
2022-06-06 00:30:58,420 - INFO - my_library.training.transfer - text_field_embedder.encoder.layer.11.output.LayerNorm.weight
2022-06-06 00:30:58,420 - INFO - my_library.training.transfer - text_field_embedder.encoder.layer.11.output.LayerNorm.bias
2022-06-06 00:30:58,420 - INFO - my_library.training.transfer - text_field_embedder.pooler.dense.weight
2022-06-06 00:30:58,421 - INFO - my_library.training.transfer - text_field_embedder.pooler.dense.bias
2022-06-06 00:30:58,421 - INFO - my_library.training.transfer - linear.weight
2022-06-06 00:30:58,421 - INFO - my_library.training.transfer - linear.bias
2022-06-06 00:30:58,421 - INFO - allennlp.common.params - trainer.type = default
2022-06-06 00:30:58,421 - INFO - allennlp.common.params - trainer.patience = 3
2022-06-06 00:30:58,421 - INFO - allennlp.common.params - trainer.validation_metric = +average_F1
2022-06-06 00:30:58,421 - INFO - allennlp.common.params - trainer.shuffle = True
2022-06-06 00:30:58,421 - INFO - allennlp.common.params - trainer.num_epochs = 30
2022-06-06 00:30:58,421 - INFO - allennlp.common.params - trainer.cuda_device = 0
2022-06-06 00:30:58,421 - INFO - allennlp.common.params - trainer.grad_norm = None
2022-06-06 00:30:58,421 - INFO - allennlp.common.params - trainer.grad_clipping = None
2022-06-06 00:30:58,421 - INFO - allennlp.common.params - trainer.learning_rate_scheduler = None
2022-06-06 00:31:02,491 - INFO - allennlp.common.params - trainer.optimizer.type = adagrad
2022-06-06 00:31:02,491 - INFO - allennlp.common.params - trainer.optimizer.parameter_groups = None
2022-06-06 00:31:02,491 - INFO - allennlp.training.optimizers - Number of trainable parameters: 109483778
2022-06-06 00:31:02,492 - INFO - allennlp.common.params - Converting Params object to dict; logging of default values will not occur when dictionary parameters are used subsequently.
2022-06-06 00:31:02,492 - INFO - allennlp.common.params - CURRENTLY DEFINED PARAMETERS: 
2022-06-06 00:31:02,492 - INFO - allennlp.common.params - trainer.optimizer.lr = 0.0001
2022-06-06 00:31:02,501 - INFO - allennlp.common.params - trainer.num_serialized_models_to_keep = 20
2022-06-06 00:31:02,501 - INFO - allennlp.common.params - trainer.keep_serialized_model_every_num_seconds = None
2022-06-06 00:31:02,502 - INFO - allennlp.common.params - trainer.model_save_interval = None
2022-06-06 00:31:02,502 - INFO - allennlp.common.params - trainer.summary_interval = 100
2022-06-06 00:31:02,502 - INFO - allennlp.common.params - trainer.histogram_interval = None
2022-06-06 00:31:02,502 - INFO - allennlp.common.params - trainer.should_log_parameter_statistics = True
2022-06-06 00:31:02,502 - INFO - allennlp.common.params - trainer.should_log_learning_rate = False
2022-06-06 00:31:02,502 - INFO - allennlp.common.params - trainer.log_batch_size_period = None
2022-06-06 00:31:02,505 - INFO - allennlp.common.params - evaluate_on_test = True
2022-06-06 00:31:02,505 - INFO - allennlp.training.trainer - Beginning training.
2022-06-06 00:31:02,506 - INFO - allennlp.training.trainer - Epoch 0/29
2022-06-06 00:31:02,506 - INFO - allennlp.training.trainer - Peak CPU memory usage MB: 4510.4
2022-06-06 00:31:02,593 - INFO - allennlp.training.trainer - GPU 0 memory usage MB: 2313
2022-06-06 00:31:02,594 - INFO - allennlp.training.trainer - Training
2022-06-06 00:31:07,507 - INFO - allennlp.training.trainer - Validating
2022-06-06 00:31:07,897 - INFO - allennlp.training.trainer -                     Training |  Validation
2022-06-06 00:31:07,897 - INFO - allennlp.training.trainer - Yes_R           |     0.623  |     0.921
2022-06-06 00:31:07,897 - INFO - allennlp.training.trainer - average_F1      |     0.766  |     0.939
2022-06-06 00:31:07,897 - INFO - allennlp.training.trainer - No_P            |     0.813  |     0.957
2022-06-06 00:31:07,897 - INFO - allennlp.training.trainer - Yes_P           |     0.755  |     0.921
2022-06-06 00:31:07,897 - INFO - allennlp.training.trainer - Yes_F1          |     0.683  |     0.921
2022-06-06 00:31:07,898 - INFO - allennlp.training.trainer - accuracy        |     0.796  |     0.944
2022-06-06 00:31:07,898 - INFO - allennlp.training.trainer - No_R            |     0.890  |     0.957
2022-06-06 00:31:07,898 - INFO - allennlp.training.trainer - loss            |     0.427  |     0.200
2022-06-06 00:31:07,898 - INFO - allennlp.training.trainer - cpu_memory_MB   |  4510.400  |       N/A
2022-06-06 00:31:07,898 - INFO - allennlp.training.trainer - No_F1           |     0.850  |     0.957
2022-06-06 00:31:07,898 - INFO - allennlp.training.trainer - gpu_0_memory_MB |  2313.000  |       N/A
2022-06-06 00:31:09,352 - INFO - allennlp.training.trainer - Best validation performance so far. Copying weights to 'IMDBFine/best.th'.
2022-06-06 00:31:09,819 - INFO - allennlp.training.trainer - Epoch duration: 00:00:07
2022-06-06 00:31:09,819 - INFO - allennlp.training.trainer - Estimated training time remaining: 0:03:32
2022-06-06 00:31:09,820 - INFO - allennlp.training.trainer - Epoch 1/29
2022-06-06 00:31:09,820 - INFO - allennlp.training.trainer - Peak CPU memory usage MB: 4510.4
2022-06-06 00:31:09,898 - INFO - allennlp.training.trainer - GPU 0 memory usage MB: 4269
2022-06-06 00:31:09,899 - INFO - allennlp.training.trainer - Training
2022-06-06 00:31:14,869 - INFO - allennlp.training.trainer - Validating
2022-06-06 00:31:15,241 - INFO - allennlp.training.trainer -                     Training |  Validation
2022-06-06 00:31:15,241 - INFO - allennlp.training.trainer - Yes_R           |     0.948  |     0.937
2022-06-06 00:31:15,241 - INFO - allennlp.training.trainer - average_F1      |     0.957  |     0.963
2022-06-06 00:31:15,242 - INFO - allennlp.training.trainer - No_P            |     0.972  |     0.966
2022-06-06 00:31:15,242 - INFO - allennlp.training.trainer - Yes_P           |     0.941  |     0.967
2022-06-06 00:31:15,242 - INFO - allennlp.training.trainer - Yes_F1          |     0.945  |     0.952
2022-06-06 00:31:15,242 - INFO - allennlp.training.trainer - accuracy        |     0.961  |     0.966
2022-06-06 00:31:15,242 - INFO - allennlp.training.trainer - No_R            |     0.968  |     0.983
2022-06-06 00:31:15,242 - INFO - allennlp.training.trainer - loss            |     0.102  |     0.144
2022-06-06 00:31:15,242 - INFO - allennlp.training.trainer - cpu_memory_MB   |  4510.400  |       N/A
2022-06-06 00:31:15,242 - INFO - allennlp.training.trainer - No_F1           |     0.970  |     0.974
2022-06-06 00:31:15,243 - INFO - allennlp.training.trainer - gpu_0_memory_MB |  4269.000  |       N/A
2022-06-06 00:31:16,702 - INFO - allennlp.training.trainer - Best validation performance so far. Copying weights to 'IMDBFine/best.th'.
2022-06-06 00:31:18,204 - INFO - allennlp.training.trainer - Epoch duration: 00:00:08
2022-06-06 00:31:18,204 - INFO - allennlp.training.trainer - Estimated training time remaining: 0:03:39
2022-06-06 00:31:18,204 - INFO - allennlp.training.trainer - Epoch 2/29
2022-06-06 00:31:18,205 - INFO - allennlp.training.trainer - Peak CPU memory usage MB: 4510.4
2022-06-06 00:31:18,282 - INFO - allennlp.training.trainer - GPU 0 memory usage MB: 4269
2022-06-06 00:31:18,284 - INFO - allennlp.training.trainer - Training
2022-06-06 00:31:23,259 - INFO - allennlp.training.trainer - Validating
2022-06-06 00:31:23,628 - INFO - allennlp.training.trainer -                     Training |  Validation
2022-06-06 00:31:23,629 - INFO - allennlp.training.trainer - Yes_R           |     1.000  |     0.921
2022-06-06 00:31:23,629 - INFO - allennlp.training.trainer - average_F1      |     0.997  |     0.945
2022-06-06 00:31:23,629 - INFO - allennlp.training.trainer - No_P            |     1.000  |     0.957
2022-06-06 00:31:23,629 - INFO - allennlp.training.trainer - Yes_P           |     0.992  |     0.935
2022-06-06 00:31:23,629 - INFO - allennlp.training.trainer - Yes_F1          |     0.996  |     0.928
2022-06-06 00:31:23,629 - INFO - allennlp.training.trainer - accuracy        |     0.997  |     0.950
2022-06-06 00:31:23,629 - INFO - allennlp.training.trainer - No_R            |     0.996  |     0.966
2022-06-06 00:31:23,630 - INFO - allennlp.training.trainer - loss            |     0.023  |     0.164
2022-06-06 00:31:23,630 - INFO - allennlp.training.trainer - cpu_memory_MB   |  4510.400  |       N/A
2022-06-06 00:31:23,630 - INFO - allennlp.training.trainer - No_F1           |     0.998  |     0.961
2022-06-06 00:31:23,630 - INFO - allennlp.training.trainer - gpu_0_memory_MB |  4269.000  |       N/A
2022-06-06 00:31:25,098 - INFO - allennlp.training.trainer - Epoch duration: 00:00:06
2022-06-06 00:31:25,099 - INFO - allennlp.training.trainer - Estimated training time remaining: 0:03:23
2022-06-06 00:31:25,099 - INFO - allennlp.training.trainer - Epoch 3/29
2022-06-06 00:31:25,099 - INFO - allennlp.training.trainer - Peak CPU memory usage MB: 4510.4
2022-06-06 00:31:25,177 - INFO - allennlp.training.trainer - GPU 0 memory usage MB: 4269
2022-06-06 00:31:25,178 - INFO - allennlp.training.trainer - Training
2022-06-06 00:31:30,157 - INFO - allennlp.training.trainer - Validating
2022-06-06 00:31:30,522 - INFO - allennlp.training.trainer -                     Training |  Validation
2022-06-06 00:31:30,522 - INFO - allennlp.training.trainer - Yes_R           |     1.000  |     0.905
2022-06-06 00:31:30,522 - INFO - allennlp.training.trainer - average_F1      |     1.000  |     0.938
2022-06-06 00:31:30,522 - INFO - allennlp.training.trainer - No_P            |     1.000  |     0.949
2022-06-06 00:31:30,522 - INFO - allennlp.training.trainer - Yes_P           |     1.000  |     0.934
2022-06-06 00:31:30,522 - INFO - allennlp.training.trainer - Yes_F1          |     1.000  |     0.919
2022-06-06 00:31:30,522 - INFO - allennlp.training.trainer - accuracy        |     1.000  |     0.944
2022-06-06 00:31:30,523 - INFO - allennlp.training.trainer - No_R            |     1.000  |     0.966
2022-06-06 00:31:30,523 - INFO - allennlp.training.trainer - loss            |     0.010  |     0.171
2022-06-06 00:31:30,523 - INFO - allennlp.training.trainer - cpu_memory_MB   |  4510.400  |       N/A
2022-06-06 00:31:30,523 - INFO - allennlp.training.trainer - No_F1           |     1.000  |     0.957
2022-06-06 00:31:30,523 - INFO - allennlp.training.trainer - gpu_0_memory_MB |  4269.000  |       N/A
2022-06-06 00:31:31,914 - INFO - allennlp.training.trainer - Epoch duration: 00:00:06
2022-06-06 00:31:31,914 - INFO - allennlp.training.trainer - Estimated training time remaining: 0:03:11
2022-06-06 00:31:31,914 - INFO - allennlp.training.trainer - Epoch 4/29
2022-06-06 00:31:31,915 - INFO - allennlp.training.trainer - Peak CPU memory usage MB: 4510.4
2022-06-06 00:31:31,991 - INFO - allennlp.training.trainer - GPU 0 memory usage MB: 4397
2022-06-06 00:31:31,993 - INFO - allennlp.training.trainer - Training
2022-06-06 00:31:36,903 - INFO - allennlp.training.trainer - Validating
2022-06-06 00:31:37,266 - INFO - allennlp.training.trainer - Ran out of patience.  Stopping training.
2022-06-06 00:31:37,266 - INFO - allennlp.models.archival - archiving weights and vocabulary to IMDBFine/model.tar.gz
2022-06-06 00:31:59,996 - INFO - my_library.training.transfer - Loading the best epoch weights.
2022-06-06 00:32:00,223 - INFO - my_library.training.transfer - The model will be evaluated using the best epoch weights.
2022-06-06 00:32:00,225 - INFO - allennlp.commands.evaluate - Iterating over dataset
2022-06-06 00:32:00,455 - INFO - allennlp.common.util - Metrics: {
  "peak_cpu_memory_MB": 4510.4,
  "peak_gpu_0_memory_MB": 4397,
  "training_duration": "00:00:28",
  "training_start_epoch": 0,
  "training_epochs": 3,
  "epoch": 3,
  "training_No_P": 1.0,
  "training_No_R": 1.0,
  "training_No_F1": 0.99999999999995,
  "training_Yes_P": 1.0,
  "training_Yes_R": 1.0,
  "training_Yes_F1": 0.99999999999995,
  "training_accuracy": 1.0,
  "training_average_F1": 0.99999999999995,
  "training_loss": 0.010060208364545057,
  "training_cpu_memory_MB": 4510.4,
  "training_gpu_0_memory_MB": 4269,
  "validation_No_P": 0.9491525423728814,
  "validation_No_R": 0.9655172413793104,
  "validation_No_F1": 0.9572649572649073,
  "validation_Yes_P": 0.9344262295081968,
  "validation_Yes_R": 0.9047619047619048,
  "validation_Yes_F1": 0.9193548387096275,
  "validation_accuracy": 0.9441340782122905,
  "validation_average_F1": 0.9383098979872675,
  "validation_loss": 0.1708651581303338,
  "best_epoch": 1,
  "best_validation_No_P": 0.9661016949152542,
  "best_validation_No_R": 0.9827586206896551,
  "best_validation_No_F1": 0.9743589743589244,
  "best_validation_Yes_P": 0.9672131147540983,
  "best_validation_Yes_R": 0.9365079365079365,
  "best_validation_Yes_F1": 0.9516129032257564,
  "best_validation_accuracy": 0.9664804469273743,
  "best_validation_average_F1": 0.9629859387923404,
  "best_validation_loss": 0.14363716034542606,
  "test_No_P": 0.9384615384615385,
  "test_No_R": 0.953125,
  "test_No_F1": 0.9457364341084772,
  "test_Yes_P": 0.9117647058823529,
  "test_Yes_R": 0.8857142857142857,
  "test_Yes_F1": 0.8985507246376312,
  "test_accuracy": 0.9292929292929293,
  "test_average_F1": 0.9221435793730541,
  "test_loss": 0.16218516983700773
}
