2022-06-04 19:22:12,601 - INFO - allennlp.common.from_params - instantiating class <class 'allennlp.data.dataset_readers.dataset_reader.DatasetReader'> from params {'bert_model_name': 'bert-base-uncased', 'token_indexers': {'bert': {'pretrained_model': 'bert-base-uncased', 'type': 'bert-pretrained'}}, 'type': 'bert_reader'} and extras {}
2022-06-04 19:22:12,602 - INFO - allennlp.common.params - dataset_reader.type = bert_reader
2022-06-04 19:22:12,602 - INFO - allennlp.common.from_params - instantiating class <class 'my_library.dataset_readers.bert_reader.SarcasmDatasetReader'> from params {'bert_model_name': 'bert-base-uncased', 'token_indexers': {'bert': {'pretrained_model': 'bert-base-uncased', 'type': 'bert-pretrained'}}} and extras {}
2022-06-04 19:22:12,602 - INFO - allennlp.common.params - dataset_reader.lazy = False
2022-06-04 19:22:12,602 - INFO - allennlp.common.params - dataset_reader.seq_len = 10000
2022-06-04 19:22:12,603 - INFO - allennlp.common.params - dataset_reader.bert_model_name = bert-base-uncased
2022-06-04 19:22:12,603 - INFO - allennlp.common.from_params - instantiating class allennlp.data.token_indexers.token_indexer.TokenIndexer from params {'pretrained_model': 'bert-base-uncased', 'type': 'bert-pretrained'} and extras {}
2022-06-04 19:22:12,603 - INFO - allennlp.common.params - dataset_reader.token_indexers.bert.type = bert-pretrained
2022-06-04 19:22:12,603 - INFO - allennlp.common.from_params - instantiating class allennlp.data.token_indexers.wordpiece_indexer.PretrainedBertIndexer from params {'pretrained_model': 'bert-base-uncased'} and extras {}
2022-06-04 19:22:12,603 - INFO - allennlp.common.params - dataset_reader.token_indexers.bert.pretrained_model = bert-base-uncased
2022-06-04 19:22:12,603 - INFO - allennlp.common.params - dataset_reader.token_indexers.bert.use_starting_offsets = False
2022-06-04 19:22:12,604 - INFO - allennlp.common.params - dataset_reader.token_indexers.bert.do_lowercase = True
2022-06-04 19:22:12,604 - INFO - allennlp.common.params - dataset_reader.token_indexers.bert.never_lowercase = None
2022-06-04 19:22:12,604 - INFO - allennlp.common.params - dataset_reader.token_indexers.bert.max_pieces = 512
2022-06-04 19:22:12,922 - INFO - pytorch_pretrained_bert.tokenization - loading vocabulary file https://s3.amazonaws.com/models.huggingface.co/bert/bert-base-uncased-vocab.txt from cache at /home/ubuntu/.pytorch_pretrained_bert/26bc1ad6c0ac742e9b52263248f6d0f00068293b33709fae12320c0e35ccfbbb.542ce4285a40d23a559526243235df47c5f75c197f04f37d1a0c124c32c9a084
2022-06-04 19:22:13,266 - INFO - transformers.tokenization_utils - loading file https://s3.amazonaws.com/models.huggingface.co/bert/bert-base-uncased-vocab.txt from cache at /home/ubuntu/.cache/torch/transformers/26bc1ad6c0ac742e9b52263248f6d0f00068293b33709fae12320c0e35ccfbbb.542ce4285a40d23a559526243235df47c5f75c197f04f37d1a0c124c32c9a084
2022-06-04 19:22:13,297 - INFO - allennlp.common.params - validation_dataset_reader = None
2022-06-04 19:22:13,298 - INFO - allennlp.common.params - train_data_path = data/sarc/auth-train.txt
2022-06-04 19:22:13,298 - INFO - my_library.training.transfer - Reading training data from data/sarc/auth-train.txt
2022-06-04 19:22:13,299 - INFO - my_library.dataset_readers.bert_reader - Reading instances from lines in file at: data/sarc/auth-train.txt
