2022-06-06 00:28:01,122 - INFO - allennlp.common.from_params - instantiating class <class 'allennlp.data.dataset_readers.dataset_reader.DatasetReader'> from params {'bert_model_name': 'bert-base-uncased', 'token_indexers': {'bert': {'pretrained_model': 'bert-base-uncased', 'type': 'bert-pretrained'}}, 'type': 'mishra_reader'} and extras {}
2022-06-06 00:28:01,122 - INFO - allennlp.common.params - dataset_reader.type = mishra_reader
2022-06-06 00:28:01,122 - INFO - allennlp.common.from_params - instantiating class <class 'my_library.dataset_readers.mishra_reader_bert.SarcasmDatasetReader'> from params {'bert_model_name': 'bert-base-uncased', 'token_indexers': {'bert': {'pretrained_model': 'bert-base-uncased', 'type': 'bert-pretrained'}}} and extras {}
2022-06-06 00:28:01,122 - INFO - allennlp.common.params - dataset_reader.lazy = False
2022-06-06 00:28:01,122 - INFO - allennlp.common.params - dataset_reader.seq_len = 10000
2022-06-06 00:28:01,123 - INFO - allennlp.common.params - dataset_reader.bert_model_name = bert-base-uncased
2022-06-06 00:28:01,123 - INFO - allennlp.common.from_params - instantiating class allennlp.data.token_indexers.token_indexer.TokenIndexer from params {'pretrained_model': 'bert-base-uncased', 'type': 'bert-pretrained'} and extras {}
2022-06-06 00:28:01,123 - INFO - allennlp.common.params - dataset_reader.token_indexers.bert.type = bert-pretrained
2022-06-06 00:28:01,123 - INFO - allennlp.common.from_params - instantiating class allennlp.data.token_indexers.wordpiece_indexer.PretrainedBertIndexer from params {'pretrained_model': 'bert-base-uncased'} and extras {}
2022-06-06 00:28:01,123 - INFO - allennlp.common.params - dataset_reader.token_indexers.bert.pretrained_model = bert-base-uncased
2022-06-06 00:28:01,123 - INFO - allennlp.common.params - dataset_reader.token_indexers.bert.use_starting_offsets = False
2022-06-06 00:28:01,123 - INFO - allennlp.common.params - dataset_reader.token_indexers.bert.do_lowercase = True
2022-06-06 00:28:01,123 - INFO - allennlp.common.params - dataset_reader.token_indexers.bert.never_lowercase = None
2022-06-06 00:28:01,123 - INFO - allennlp.common.params - dataset_reader.token_indexers.bert.max_pieces = 512
2022-06-06 00:28:01,428 - INFO - pytorch_pretrained_bert.tokenization - loading vocabulary file https://s3.amazonaws.com/models.huggingface.co/bert/bert-base-uncased-vocab.txt from cache at /home/ubuntu/.pytorch_pretrained_bert/26bc1ad6c0ac742e9b52263248f6d0f00068293b33709fae12320c0e35ccfbbb.542ce4285a40d23a559526243235df47c5f75c197f04f37d1a0c124c32c9a084
2022-06-06 00:28:01,754 - INFO - transformers.tokenization_utils - loading file https://s3.amazonaws.com/models.huggingface.co/bert/bert-base-uncased-vocab.txt from cache at /home/ubuntu/.cache/torch/transformers/26bc1ad6c0ac742e9b52263248f6d0f00068293b33709fae12320c0e35ccfbbb.542ce4285a40d23a559526243235df47c5f75c197f04f37d1a0c124c32c9a084
2022-06-06 00:28:01,785 - INFO - allennlp.common.params - validation_dataset_reader = None
2022-06-06 00:28:01,785 - INFO - allennlp.common.params - train_data_path = data/Train1.csv
2022-06-06 00:28:01,785 - INFO - my_library.training.transfer - Reading training data from data/Train1.csv
2022-06-06 00:28:01,787 - INFO - my_library.dataset_readers.mishra_reader_bert - Reading instances from lines in file at: data/Train1.csv
2022-06-06 00:28:02,159 - INFO - allennlp.common.params - validation_data_path = data/Val1.csv
2022-06-06 00:28:02,159 - INFO - my_library.training.transfer - Reading validation data from data/Val1.csv
2022-06-06 00:28:02,160 - INFO - my_library.dataset_readers.mishra_reader_bert - Reading instances from lines in file at: data/Val1.csv
2022-06-06 00:28:02,249 - INFO - allennlp.common.params - test_data_path = data/Test1.csv
2022-06-06 00:28:02,249 - INFO - my_library.training.transfer - Reading test data from data/Test1.csv
2022-06-06 00:28:02,249 - INFO - my_library.dataset_readers.mishra_reader_bert - Reading instances from lines in file at: data/Test1.csv
2022-06-06 00:28:02,298 - INFO - my_library.training.transfer - From dataset instances, validation, test, train will be considered for vocabulary creation.
2022-06-06 00:28:02,298 - INFO - allennlp.common.params - vocabulary.type = None
2022-06-06 00:28:02,298 - INFO - allennlp.common.params - vocabulary.extend = False
2022-06-06 00:28:02,298 - INFO - allennlp.common.params - vocabulary.directory_path = None
2022-06-06 00:28:02,298 - INFO - allennlp.common.params - vocabulary.min_count = None
2022-06-06 00:28:02,298 - INFO - allennlp.common.params - vocabulary.max_vocab_size = None
2022-06-06 00:28:02,299 - INFO - allennlp.common.params - vocabulary.non_padded_namespaces = ('*tags', '*labels')
2022-06-06 00:28:02,299 - INFO - allennlp.common.params - vocabulary.min_pretrained_embeddings = None
2022-06-06 00:28:02,299 - INFO - allennlp.common.params - vocabulary.only_include_pretrained_words = False
2022-06-06 00:28:02,299 - INFO - allennlp.common.params - vocabulary.tokens_to_add = None
2022-06-06 00:28:02,299 - INFO - allennlp.data.vocabulary - Fitting token dictionary from dataset.
2022-06-06 00:28:02,307 - INFO - allennlp.common.from_params - instantiating class <class 'allennlp.models.model.Model'> from params {'bert_model_name': 'bert-base-uncased', 'type': 'bert_classifier'} and extras {'vocab': <allennlp.data.vocabulary.Vocabulary object at 0x7f11d080af28>}
2022-06-06 00:28:02,307 - INFO - allennlp.common.params - model.type = bert_classifier
2022-06-06 00:28:02,307 - INFO - allennlp.common.params - model.bert_model_name = bert-base-uncased
2022-06-06 00:28:02,307 - INFO - allennlp.common.params - model.initializer = []
2022-06-06 00:28:02,307 - INFO - allennlp.common.params - model.regularizer = []
2022-06-06 00:28:02,602 - INFO - transformers.configuration_utils - loading configuration file https://s3.amazonaws.com/models.huggingface.co/bert/bert-base-uncased-config.json from cache at /home/ubuntu/.cache/torch/transformers/4dad0251492946e18ac39290fcfe91b89d370fee250efe9521476438fe8ca185.7156163d5fdc189c3016baca0775ffce230789d7fa2a42ef516483e4ca884517
2022-06-06 00:28:02,603 - INFO - transformers.configuration_utils - Model config {
  "architectures": [
    "BertForMaskedLM"
  ],
  "attention_probs_dropout_prob": 0.1,
  "finetuning_task": null,
  "hidden_act": "gelu",
  "hidden_dropout_prob": 0.1,
  "hidden_size": 768,
  "initializer_range": 0.02,
  "intermediate_size": 3072,
  "layer_norm_eps": 1e-12,
  "max_position_embeddings": 512,
  "model_type": "bert",
  "num_attention_heads": 12,
  "num_hidden_layers": 12,
  "num_labels": 2,
  "output_attentions": false,
  "output_hidden_states": false,
  "pad_token_id": 0,
  "pruned_heads": {},
  "torchscript": false,
  "type_vocab_size": 2,
  "use_bfloat16": false,
  "vocab_size": 30522
}

2022-06-06 00:28:02,911 - INFO - transformers.modeling_utils - loading weights file https://s3.amazonaws.com/models.huggingface.co/bert/bert-base-uncased-pytorch_model.bin from cache at /home/ubuntu/.cache/torch/transformers/aa1ef1aede4482d0dbcd4d52baad8ae300e60902e88fcb0bebdec09afd232066.36ca03ab34a1a5d5fa7bc3d03d55c4fa650fed07220e2eeebc06ce58d0e9a157
2022-06-06 00:28:05,552 - INFO - allennlp.nn.initializers - Initializing parameters
2022-06-06 00:28:05,553 - INFO - allennlp.nn.initializers - Done initializing parameters; the following parameters are using their default initialization from their code
2022-06-06 00:28:05,553 - INFO - allennlp.nn.initializers -    linear.bias
2022-06-06 00:28:05,553 - INFO - allennlp.nn.initializers -    linear.weight
2022-06-06 00:28:05,553 - INFO - allennlp.nn.initializers -    text_field_embedder.embeddings.LayerNorm.bias
2022-06-06 00:28:05,553 - INFO - allennlp.nn.initializers -    text_field_embedder.embeddings.LayerNorm.weight
2022-06-06 00:28:05,553 - INFO - allennlp.nn.initializers -    text_field_embedder.embeddings.position_embeddings.weight
2022-06-06 00:28:05,553 - INFO - allennlp.nn.initializers -    text_field_embedder.embeddings.token_type_embeddings.weight
2022-06-06 00:28:05,554 - INFO - allennlp.nn.initializers -    text_field_embedder.embeddings.word_embeddings.weight
2022-06-06 00:28:05,554 - INFO - allennlp.nn.initializers -    text_field_embedder.encoder.layer.0.attention.output.LayerNorm.bias
2022-06-06 00:28:05,554 - INFO - allennlp.nn.initializers -    text_field_embedder.encoder.layer.0.attention.output.LayerNorm.weight
2022-06-06 00:28:05,554 - INFO - allennlp.nn.initializers -    text_field_embedder.encoder.layer.0.attention.output.dense.bias
2022-06-06 00:28:05,554 - INFO - allennlp.nn.initializers -    text_field_embedder.encoder.layer.0.attention.output.dense.weight
2022-06-06 00:28:05,554 - INFO - allennlp.nn.initializers -    text_field_embedder.encoder.layer.0.attention.self.key.bias
2022-06-06 00:28:05,554 - INFO - allennlp.nn.initializers -    text_field_embedder.encoder.layer.0.attention.self.key.weight
2022-06-06 00:28:05,554 - INFO - allennlp.nn.initializers -    text_field_embedder.encoder.layer.0.attention.self.query.bias
2022-06-06 00:28:05,554 - INFO - allennlp.nn.initializers -    text_field_embedder.encoder.layer.0.attention.self.query.weight
2022-06-06 00:28:05,554 - INFO - allennlp.nn.initializers -    text_field_embedder.encoder.layer.0.attention.self.value.bias
2022-06-06 00:28:05,554 - INFO - allennlp.nn.initializers -    text_field_embedder.encoder.layer.0.attention.self.value.weight
2022-06-06 00:28:05,554 - INFO - allennlp.nn.initializers -    text_field_embedder.encoder.layer.0.intermediate.dense.bias
2022-06-06 00:28:05,554 - INFO - allennlp.nn.initializers -    text_field_embedder.encoder.layer.0.intermediate.dense.weight
2022-06-06 00:28:05,555 - INFO - allennlp.nn.initializers -    text_field_embedder.encoder.layer.0.output.LayerNorm.bias
2022-06-06 00:28:05,555 - INFO - allennlp.nn.initializers -    text_field_embedder.encoder.layer.0.output.LayerNorm.weight
2022-06-06 00:28:05,555 - INFO - allennlp.nn.initializers -    text_field_embedder.encoder.layer.0.output.dense.bias
2022-06-06 00:28:05,555 - INFO - allennlp.nn.initializers -    text_field_embedder.encoder.layer.0.output.dense.weight
2022-06-06 00:28:05,555 - INFO - allennlp.nn.initializers -    text_field_embedder.encoder.layer.1.attention.output.LayerNorm.bias
2022-06-06 00:28:05,555 - INFO - allennlp.nn.initializers -    text_field_embedder.encoder.layer.1.attention.output.LayerNorm.weight
2022-06-06 00:28:05,555 - INFO - allennlp.nn.initializers -    text_field_embedder.encoder.layer.1.attention.output.dense.bias
2022-06-06 00:28:05,555 - INFO - allennlp.nn.initializers -    text_field_embedder.encoder.layer.1.attention.output.dense.weight
2022-06-06 00:28:05,555 - INFO - allennlp.nn.initializers -    text_field_embedder.encoder.layer.1.attention.self.key.bias
2022-06-06 00:28:05,555 - INFO - allennlp.nn.initializers -    text_field_embedder.encoder.layer.1.attention.self.key.weight
2022-06-06 00:28:05,555 - INFO - allennlp.nn.initializers -    text_field_embedder.encoder.layer.1.attention.self.query.bias
2022-06-06 00:28:05,555 - INFO - allennlp.nn.initializers -    text_field_embedder.encoder.layer.1.attention.self.query.weight
2022-06-06 00:28:05,555 - INFO - allennlp.nn.initializers -    text_field_embedder.encoder.layer.1.attention.self.value.bias
2022-06-06 00:28:05,555 - INFO - allennlp.nn.initializers -    text_field_embedder.encoder.layer.1.attention.self.value.weight
2022-06-06 00:28:05,556 - INFO - allennlp.nn.initializers -    text_field_embedder.encoder.layer.1.intermediate.dense.bias
2022-06-06 00:28:05,556 - INFO - allennlp.nn.initializers -    text_field_embedder.encoder.layer.1.intermediate.dense.weight
2022-06-06 00:28:05,556 - INFO - allennlp.nn.initializers -    text_field_embedder.encoder.layer.1.output.LayerNorm.bias
2022-06-06 00:28:05,556 - INFO - allennlp.nn.initializers -    text_field_embedder.encoder.layer.1.output.LayerNorm.weight
2022-06-06 00:28:05,556 - INFO - allennlp.nn.initializers -    text_field_embedder.encoder.layer.1.output.dense.bias
2022-06-06 00:28:05,556 - INFO - allennlp.nn.initializers -    text_field_embedder.encoder.layer.1.output.dense.weight
2022-06-06 00:28:05,556 - INFO - allennlp.nn.initializers -    text_field_embedder.encoder.layer.10.attention.output.LayerNorm.bias
2022-06-06 00:28:05,556 - INFO - allennlp.nn.initializers -    text_field_embedder.encoder.layer.10.attention.output.LayerNorm.weight
2022-06-06 00:28:05,556 - INFO - allennlp.nn.initializers -    text_field_embedder.encoder.layer.10.attention.output.dense.bias
2022-06-06 00:28:05,556 - INFO - allennlp.nn.initializers -    text_field_embedder.encoder.layer.10.attention.output.dense.weight
2022-06-06 00:28:05,556 - INFO - allennlp.nn.initializers -    text_field_embedder.encoder.layer.10.attention.self.key.bias
2022-06-06 00:28:05,556 - INFO - allennlp.nn.initializers -    text_field_embedder.encoder.layer.10.attention.self.key.weight
2022-06-06 00:28:05,556 - INFO - allennlp.nn.initializers -    text_field_embedder.encoder.layer.10.attention.self.query.bias
2022-06-06 00:28:05,556 - INFO - allennlp.nn.initializers -    text_field_embedder.encoder.layer.10.attention.self.query.weight
2022-06-06 00:28:05,557 - INFO - allennlp.nn.initializers -    text_field_embedder.encoder.layer.10.attention.self.value.bias
2022-06-06 00:28:05,557 - INFO - allennlp.nn.initializers -    text_field_embedder.encoder.layer.10.attention.self.value.weight
2022-06-06 00:28:05,557 - INFO - allennlp.nn.initializers -    text_field_embedder.encoder.layer.10.intermediate.dense.bias
2022-06-06 00:28:05,557 - INFO - allennlp.nn.initializers -    text_field_embedder.encoder.layer.10.intermediate.dense.weight
2022-06-06 00:28:05,557 - INFO - allennlp.nn.initializers -    text_field_embedder.encoder.layer.10.output.LayerNorm.bias
2022-06-06 00:28:05,557 - INFO - allennlp.nn.initializers -    text_field_embedder.encoder.layer.10.output.LayerNorm.weight
2022-06-06 00:28:05,557 - INFO - allennlp.nn.initializers -    text_field_embedder.encoder.layer.10.output.dense.bias
2022-06-06 00:28:05,557 - INFO - allennlp.nn.initializers -    text_field_embedder.encoder.layer.10.output.dense.weight
2022-06-06 00:28:05,557 - INFO - allennlp.nn.initializers -    text_field_embedder.encoder.layer.11.attention.output.LayerNorm.bias
2022-06-06 00:28:05,557 - INFO - allennlp.nn.initializers -    text_field_embedder.encoder.layer.11.attention.output.LayerNorm.weight
2022-06-06 00:28:05,557 - INFO - allennlp.nn.initializers -    text_field_embedder.encoder.layer.11.attention.output.dense.bias
2022-06-06 00:28:05,557 - INFO - allennlp.nn.initializers -    text_field_embedder.encoder.layer.11.attention.output.dense.weight
2022-06-06 00:28:05,557 - INFO - allennlp.nn.initializers -    text_field_embedder.encoder.layer.11.attention.self.key.bias
2022-06-06 00:28:05,557 - INFO - allennlp.nn.initializers -    text_field_embedder.encoder.layer.11.attention.self.key.weight
2022-06-06 00:28:05,558 - INFO - allennlp.nn.initializers -    text_field_embedder.encoder.layer.11.attention.self.query.bias
2022-06-06 00:28:05,558 - INFO - allennlp.nn.initializers -    text_field_embedder.encoder.layer.11.attention.self.query.weight
2022-06-06 00:28:05,558 - INFO - allennlp.nn.initializers -    text_field_embedder.encoder.layer.11.attention.self.value.bias
2022-06-06 00:28:05,558 - INFO - allennlp.nn.initializers -    text_field_embedder.encoder.layer.11.attention.self.value.weight
2022-06-06 00:28:05,558 - INFO - allennlp.nn.initializers -    text_field_embedder.encoder.layer.11.intermediate.dense.bias
2022-06-06 00:28:05,558 - INFO - allennlp.nn.initializers -    text_field_embedder.encoder.layer.11.intermediate.dense.weight
2022-06-06 00:28:05,558 - INFO - allennlp.nn.initializers -    text_field_embedder.encoder.layer.11.output.LayerNorm.bias
2022-06-06 00:28:05,558 - INFO - allennlp.nn.initializers -    text_field_embedder.encoder.layer.11.output.LayerNorm.weight
2022-06-06 00:28:05,558 - INFO - allennlp.nn.initializers -    text_field_embedder.encoder.layer.11.output.dense.bias
2022-06-06 00:28:05,558 - INFO - allennlp.nn.initializers -    text_field_embedder.encoder.layer.11.output.dense.weight
2022-06-06 00:28:05,558 - INFO - allennlp.nn.initializers -    text_field_embedder.encoder.layer.2.attention.output.LayerNorm.bias
2022-06-06 00:28:05,558 - INFO - allennlp.nn.initializers -    text_field_embedder.encoder.layer.2.attention.output.LayerNorm.weight
2022-06-06 00:28:05,558 - INFO - allennlp.nn.initializers -    text_field_embedder.encoder.layer.2.attention.output.dense.bias
2022-06-06 00:28:05,559 - INFO - allennlp.nn.initializers -    text_field_embedder.encoder.layer.2.attention.output.dense.weight
2022-06-06 00:28:05,559 - INFO - allennlp.nn.initializers -    text_field_embedder.encoder.layer.2.attention.self.key.bias
2022-06-06 00:28:05,559 - INFO - allennlp.nn.initializers -    text_field_embedder.encoder.layer.2.attention.self.key.weight
2022-06-06 00:28:05,559 - INFO - allennlp.nn.initializers -    text_field_embedder.encoder.layer.2.attention.self.query.bias
2022-06-06 00:28:05,559 - INFO - allennlp.nn.initializers -    text_field_embedder.encoder.layer.2.attention.self.query.weight
2022-06-06 00:28:05,559 - INFO - allennlp.nn.initializers -    text_field_embedder.encoder.layer.2.attention.self.value.bias
2022-06-06 00:28:05,559 - INFO - allennlp.nn.initializers -    text_field_embedder.encoder.layer.2.attention.self.value.weight
2022-06-06 00:28:05,559 - INFO - allennlp.nn.initializers -    text_field_embedder.encoder.layer.2.intermediate.dense.bias
2022-06-06 00:28:05,559 - INFO - allennlp.nn.initializers -    text_field_embedder.encoder.layer.2.intermediate.dense.weight
2022-06-06 00:28:05,559 - INFO - allennlp.nn.initializers -    text_field_embedder.encoder.layer.2.output.LayerNorm.bias
2022-06-06 00:28:05,559 - INFO - allennlp.nn.initializers -    text_field_embedder.encoder.layer.2.output.LayerNorm.weight
2022-06-06 00:28:05,559 - INFO - allennlp.nn.initializers -    text_field_embedder.encoder.layer.2.output.dense.bias
2022-06-06 00:28:05,559 - INFO - allennlp.nn.initializers -    text_field_embedder.encoder.layer.2.output.dense.weight
2022-06-06 00:28:05,559 - INFO - allennlp.nn.initializers -    text_field_embedder.encoder.layer.3.attention.output.LayerNorm.bias
2022-06-06 00:28:05,560 - INFO - allennlp.nn.initializers -    text_field_embedder.encoder.layer.3.attention.output.LayerNorm.weight
2022-06-06 00:28:05,560 - INFO - allennlp.nn.initializers -    text_field_embedder.encoder.layer.3.attention.output.dense.bias
2022-06-06 00:28:05,560 - INFO - allennlp.nn.initializers -    text_field_embedder.encoder.layer.3.attention.output.dense.weight
2022-06-06 00:28:05,560 - INFO - allennlp.nn.initializers -    text_field_embedder.encoder.layer.3.attention.self.key.bias
2022-06-06 00:28:05,560 - INFO - allennlp.nn.initializers -    text_field_embedder.encoder.layer.3.attention.self.key.weight
2022-06-06 00:28:05,560 - INFO - allennlp.nn.initializers -    text_field_embedder.encoder.layer.3.attention.self.query.bias
2022-06-06 00:28:05,560 - INFO - allennlp.nn.initializers -    text_field_embedder.encoder.layer.3.attention.self.query.weight
2022-06-06 00:28:05,560 - INFO - allennlp.nn.initializers -    text_field_embedder.encoder.layer.3.attention.self.value.bias
2022-06-06 00:28:05,560 - INFO - allennlp.nn.initializers -    text_field_embedder.encoder.layer.3.attention.self.value.weight
2022-06-06 00:28:05,560 - INFO - allennlp.nn.initializers -    text_field_embedder.encoder.layer.3.intermediate.dense.bias
2022-06-06 00:28:05,560 - INFO - allennlp.nn.initializers -    text_field_embedder.encoder.layer.3.intermediate.dense.weight
2022-06-06 00:28:05,560 - INFO - allennlp.nn.initializers -    text_field_embedder.encoder.layer.3.output.LayerNorm.bias
2022-06-06 00:28:05,560 - INFO - allennlp.nn.initializers -    text_field_embedder.encoder.layer.3.output.LayerNorm.weight
2022-06-06 00:28:05,560 - INFO - allennlp.nn.initializers -    text_field_embedder.encoder.layer.3.output.dense.bias
2022-06-06 00:28:05,561 - INFO - allennlp.nn.initializers -    text_field_embedder.encoder.layer.3.output.dense.weight
2022-06-06 00:28:05,561 - INFO - allennlp.nn.initializers -    text_field_embedder.encoder.layer.4.attention.output.LayerNorm.bias
2022-06-06 00:28:05,561 - INFO - allennlp.nn.initializers -    text_field_embedder.encoder.layer.4.attention.output.LayerNorm.weight
2022-06-06 00:28:05,561 - INFO - allennlp.nn.initializers -    text_field_embedder.encoder.layer.4.attention.output.dense.bias
2022-06-06 00:28:05,561 - INFO - allennlp.nn.initializers -    text_field_embedder.encoder.layer.4.attention.output.dense.weight
2022-06-06 00:28:05,561 - INFO - allennlp.nn.initializers -    text_field_embedder.encoder.layer.4.attention.self.key.bias
2022-06-06 00:28:05,561 - INFO - allennlp.nn.initializers -    text_field_embedder.encoder.layer.4.attention.self.key.weight
2022-06-06 00:28:05,561 - INFO - allennlp.nn.initializers -    text_field_embedder.encoder.layer.4.attention.self.query.bias
2022-06-06 00:28:05,561 - INFO - allennlp.nn.initializers -    text_field_embedder.encoder.layer.4.attention.self.query.weight
2022-06-06 00:28:05,561 - INFO - allennlp.nn.initializers -    text_field_embedder.encoder.layer.4.attention.self.value.bias
2022-06-06 00:28:05,561 - INFO - allennlp.nn.initializers -    text_field_embedder.encoder.layer.4.attention.self.value.weight
2022-06-06 00:28:05,561 - INFO - allennlp.nn.initializers -    text_field_embedder.encoder.layer.4.intermediate.dense.bias
2022-06-06 00:28:05,561 - INFO - allennlp.nn.initializers -    text_field_embedder.encoder.layer.4.intermediate.dense.weight
2022-06-06 00:28:05,561 - INFO - allennlp.nn.initializers -    text_field_embedder.encoder.layer.4.output.LayerNorm.bias
2022-06-06 00:28:05,562 - INFO - allennlp.nn.initializers -    text_field_embedder.encoder.layer.4.output.LayerNorm.weight
2022-06-06 00:28:05,562 - INFO - allennlp.nn.initializers -    text_field_embedder.encoder.layer.4.output.dense.bias
2022-06-06 00:28:05,562 - INFO - allennlp.nn.initializers -    text_field_embedder.encoder.layer.4.output.dense.weight
2022-06-06 00:28:05,562 - INFO - allennlp.nn.initializers -    text_field_embedder.encoder.layer.5.attention.output.LayerNorm.bias
2022-06-06 00:28:05,562 - INFO - allennlp.nn.initializers -    text_field_embedder.encoder.layer.5.attention.output.LayerNorm.weight
2022-06-06 00:28:05,562 - INFO - allennlp.nn.initializers -    text_field_embedder.encoder.layer.5.attention.output.dense.bias
2022-06-06 00:28:05,562 - INFO - allennlp.nn.initializers -    text_field_embedder.encoder.layer.5.attention.output.dense.weight
2022-06-06 00:28:05,562 - INFO - allennlp.nn.initializers -    text_field_embedder.encoder.layer.5.attention.self.key.bias
2022-06-06 00:28:05,562 - INFO - allennlp.nn.initializers -    text_field_embedder.encoder.layer.5.attention.self.key.weight
2022-06-06 00:28:05,562 - INFO - allennlp.nn.initializers -    text_field_embedder.encoder.layer.5.attention.self.query.bias
2022-06-06 00:28:05,562 - INFO - allennlp.nn.initializers -    text_field_embedder.encoder.layer.5.attention.self.query.weight
2022-06-06 00:28:05,562 - INFO - allennlp.nn.initializers -    text_field_embedder.encoder.layer.5.attention.self.value.bias
2022-06-06 00:28:05,562 - INFO - allennlp.nn.initializers -    text_field_embedder.encoder.layer.5.attention.self.value.weight
2022-06-06 00:28:05,563 - INFO - allennlp.nn.initializers -    text_field_embedder.encoder.layer.5.intermediate.dense.bias
2022-06-06 00:28:05,563 - INFO - allennlp.nn.initializers -    text_field_embedder.encoder.layer.5.intermediate.dense.weight
2022-06-06 00:28:05,563 - INFO - allennlp.nn.initializers -    text_field_embedder.encoder.layer.5.output.LayerNorm.bias
2022-06-06 00:28:05,563 - INFO - allennlp.nn.initializers -    text_field_embedder.encoder.layer.5.output.LayerNorm.weight
2022-06-06 00:28:05,563 - INFO - allennlp.nn.initializers -    text_field_embedder.encoder.layer.5.output.dense.bias
2022-06-06 00:28:05,563 - INFO - allennlp.nn.initializers -    text_field_embedder.encoder.layer.5.output.dense.weight
2022-06-06 00:28:05,563 - INFO - allennlp.nn.initializers -    text_field_embedder.encoder.layer.6.attention.output.LayerNorm.bias
2022-06-06 00:28:05,563 - INFO - allennlp.nn.initializers -    text_field_embedder.encoder.layer.6.attention.output.LayerNorm.weight
2022-06-06 00:28:05,563 - INFO - allennlp.nn.initializers -    text_field_embedder.encoder.layer.6.attention.output.dense.bias
2022-06-06 00:28:05,563 - INFO - allennlp.nn.initializers -    text_field_embedder.encoder.layer.6.attention.output.dense.weight
2022-06-06 00:28:05,563 - INFO - allennlp.nn.initializers -    text_field_embedder.encoder.layer.6.attention.self.key.bias
2022-06-06 00:28:05,563 - INFO - allennlp.nn.initializers -    text_field_embedder.encoder.layer.6.attention.self.key.weight
2022-06-06 00:28:05,563 - INFO - allennlp.nn.initializers -    text_field_embedder.encoder.layer.6.attention.self.query.bias
2022-06-06 00:28:05,563 - INFO - allennlp.nn.initializers -    text_field_embedder.encoder.layer.6.attention.self.query.weight
2022-06-06 00:28:05,564 - INFO - allennlp.nn.initializers -    text_field_embedder.encoder.layer.6.attention.self.value.bias
2022-06-06 00:28:05,564 - INFO - allennlp.nn.initializers -    text_field_embedder.encoder.layer.6.attention.self.value.weight
2022-06-06 00:28:05,564 - INFO - allennlp.nn.initializers -    text_field_embedder.encoder.layer.6.intermediate.dense.bias
2022-06-06 00:28:05,564 - INFO - allennlp.nn.initializers -    text_field_embedder.encoder.layer.6.intermediate.dense.weight
2022-06-06 00:28:05,564 - INFO - allennlp.nn.initializers -    text_field_embedder.encoder.layer.6.output.LayerNorm.bias
2022-06-06 00:28:05,564 - INFO - allennlp.nn.initializers -    text_field_embedder.encoder.layer.6.output.LayerNorm.weight
2022-06-06 00:28:05,564 - INFO - allennlp.nn.initializers -    text_field_embedder.encoder.layer.6.output.dense.bias
2022-06-06 00:28:05,564 - INFO - allennlp.nn.initializers -    text_field_embedder.encoder.layer.6.output.dense.weight
2022-06-06 00:28:05,564 - INFO - allennlp.nn.initializers -    text_field_embedder.encoder.layer.7.attention.output.LayerNorm.bias
2022-06-06 00:28:05,564 - INFO - allennlp.nn.initializers -    text_field_embedder.encoder.layer.7.attention.output.LayerNorm.weight
2022-06-06 00:28:05,564 - INFO - allennlp.nn.initializers -    text_field_embedder.encoder.layer.7.attention.output.dense.bias
2022-06-06 00:28:05,564 - INFO - allennlp.nn.initializers -    text_field_embedder.encoder.layer.7.attention.output.dense.weight
2022-06-06 00:28:05,564 - INFO - allennlp.nn.initializers -    text_field_embedder.encoder.layer.7.attention.self.key.bias
2022-06-06 00:28:05,564 - INFO - allennlp.nn.initializers -    text_field_embedder.encoder.layer.7.attention.self.key.weight
2022-06-06 00:28:05,565 - INFO - allennlp.nn.initializers -    text_field_embedder.encoder.layer.7.attention.self.query.bias
2022-06-06 00:28:05,565 - INFO - allennlp.nn.initializers -    text_field_embedder.encoder.layer.7.attention.self.query.weight
2022-06-06 00:28:05,565 - INFO - allennlp.nn.initializers -    text_field_embedder.encoder.layer.7.attention.self.value.bias
2022-06-06 00:28:05,565 - INFO - allennlp.nn.initializers -    text_field_embedder.encoder.layer.7.attention.self.value.weight
2022-06-06 00:28:05,565 - INFO - allennlp.nn.initializers -    text_field_embedder.encoder.layer.7.intermediate.dense.bias
2022-06-06 00:28:05,565 - INFO - allennlp.nn.initializers -    text_field_embedder.encoder.layer.7.intermediate.dense.weight
2022-06-06 00:28:05,565 - INFO - allennlp.nn.initializers -    text_field_embedder.encoder.layer.7.output.LayerNorm.bias
2022-06-06 00:28:05,565 - INFO - allennlp.nn.initializers -    text_field_embedder.encoder.layer.7.output.LayerNorm.weight
2022-06-06 00:28:05,565 - INFO - allennlp.nn.initializers -    text_field_embedder.encoder.layer.7.output.dense.bias
2022-06-06 00:28:05,565 - INFO - allennlp.nn.initializers -    text_field_embedder.encoder.layer.7.output.dense.weight
2022-06-06 00:28:05,565 - INFO - allennlp.nn.initializers -    text_field_embedder.encoder.layer.8.attention.output.LayerNorm.bias
2022-06-06 00:28:05,565 - INFO - allennlp.nn.initializers -    text_field_embedder.encoder.layer.8.attention.output.LayerNorm.weight
2022-06-06 00:28:05,565 - INFO - allennlp.nn.initializers -    text_field_embedder.encoder.layer.8.attention.output.dense.bias
2022-06-06 00:28:05,566 - INFO - allennlp.nn.initializers -    text_field_embedder.encoder.layer.8.attention.output.dense.weight
2022-06-06 00:28:05,566 - INFO - allennlp.nn.initializers -    text_field_embedder.encoder.layer.8.attention.self.key.bias
2022-06-06 00:28:05,566 - INFO - allennlp.nn.initializers -    text_field_embedder.encoder.layer.8.attention.self.key.weight
2022-06-06 00:28:05,566 - INFO - allennlp.nn.initializers -    text_field_embedder.encoder.layer.8.attention.self.query.bias
2022-06-06 00:28:05,566 - INFO - allennlp.nn.initializers -    text_field_embedder.encoder.layer.8.attention.self.query.weight
2022-06-06 00:28:05,566 - INFO - allennlp.nn.initializers -    text_field_embedder.encoder.layer.8.attention.self.value.bias
2022-06-06 00:28:05,566 - INFO - allennlp.nn.initializers -    text_field_embedder.encoder.layer.8.attention.self.value.weight
2022-06-06 00:28:05,566 - INFO - allennlp.nn.initializers -    text_field_embedder.encoder.layer.8.intermediate.dense.bias
2022-06-06 00:28:05,566 - INFO - allennlp.nn.initializers -    text_field_embedder.encoder.layer.8.intermediate.dense.weight
2022-06-06 00:28:05,566 - INFO - allennlp.nn.initializers -    text_field_embedder.encoder.layer.8.output.LayerNorm.bias
2022-06-06 00:28:05,566 - INFO - allennlp.nn.initializers -    text_field_embedder.encoder.layer.8.output.LayerNorm.weight
2022-06-06 00:28:05,566 - INFO - allennlp.nn.initializers -    text_field_embedder.encoder.layer.8.output.dense.bias
2022-06-06 00:28:05,566 - INFO - allennlp.nn.initializers -    text_field_embedder.encoder.layer.8.output.dense.weight
2022-06-06 00:28:05,566 - INFO - allennlp.nn.initializers -    text_field_embedder.encoder.layer.9.attention.output.LayerNorm.bias
2022-06-06 00:28:05,567 - INFO - allennlp.nn.initializers -    text_field_embedder.encoder.layer.9.attention.output.LayerNorm.weight
2022-06-06 00:28:05,567 - INFO - allennlp.nn.initializers -    text_field_embedder.encoder.layer.9.attention.output.dense.bias
2022-06-06 00:28:05,567 - INFO - allennlp.nn.initializers -    text_field_embedder.encoder.layer.9.attention.output.dense.weight
2022-06-06 00:28:05,567 - INFO - allennlp.nn.initializers -    text_field_embedder.encoder.layer.9.attention.self.key.bias
2022-06-06 00:28:05,567 - INFO - allennlp.nn.initializers -    text_field_embedder.encoder.layer.9.attention.self.key.weight
2022-06-06 00:28:05,567 - INFO - allennlp.nn.initializers -    text_field_embedder.encoder.layer.9.attention.self.query.bias
2022-06-06 00:28:05,567 - INFO - allennlp.nn.initializers -    text_field_embedder.encoder.layer.9.attention.self.query.weight
2022-06-06 00:28:05,567 - INFO - allennlp.nn.initializers -    text_field_embedder.encoder.layer.9.attention.self.value.bias
2022-06-06 00:28:05,567 - INFO - allennlp.nn.initializers -    text_field_embedder.encoder.layer.9.attention.self.value.weight
2022-06-06 00:28:05,567 - INFO - allennlp.nn.initializers -    text_field_embedder.encoder.layer.9.intermediate.dense.bias
2022-06-06 00:28:05,567 - INFO - allennlp.nn.initializers -    text_field_embedder.encoder.layer.9.intermediate.dense.weight
2022-06-06 00:28:05,567 - INFO - allennlp.nn.initializers -    text_field_embedder.encoder.layer.9.output.LayerNorm.bias
2022-06-06 00:28:05,567 - INFO - allennlp.nn.initializers -    text_field_embedder.encoder.layer.9.output.LayerNorm.weight
2022-06-06 00:28:05,567 - INFO - allennlp.nn.initializers -    text_field_embedder.encoder.layer.9.output.dense.bias
2022-06-06 00:28:05,568 - INFO - allennlp.nn.initializers -    text_field_embedder.encoder.layer.9.output.dense.weight
2022-06-06 00:28:05,568 - INFO - allennlp.nn.initializers -    text_field_embedder.pooler.dense.bias
2022-06-06 00:28:05,568 - INFO - allennlp.nn.initializers -    text_field_embedder.pooler.dense.weight
2022-06-06 00:28:05,864 - INFO - allennlp.common.from_params - instantiating class <class 'allennlp.data.iterators.data_iterator.DataIterator'> from params {'batch_size': 8, 'sorting_keys': [['quote_response', 'num_tokens']], 'type': 'bucket'} and extras {}
2022-06-06 00:28:05,864 - INFO - allennlp.common.params - iterator.type = bucket
2022-06-06 00:28:05,864 - INFO - allennlp.common.from_params - instantiating class <class 'allennlp.data.iterators.bucket_iterator.BucketIterator'> from params {'batch_size': 8, 'sorting_keys': [['quote_response', 'num_tokens']]} and extras {}
2022-06-06 00:28:05,865 - INFO - allennlp.common.params - iterator.sorting_keys = [['quote_response', 'num_tokens']]
2022-06-06 00:28:05,865 - INFO - allennlp.common.params - iterator.padding_noise = 0.1
2022-06-06 00:28:05,865 - INFO - allennlp.common.params - iterator.biggest_batch_first = False
2022-06-06 00:28:05,865 - INFO - allennlp.common.params - iterator.batch_size = 8
2022-06-06 00:28:05,865 - INFO - allennlp.common.params - iterator.instances_per_epoch = None
2022-06-06 00:28:05,865 - INFO - allennlp.common.params - iterator.max_instances_in_memory = None
2022-06-06 00:28:05,865 - INFO - allennlp.common.params - iterator.cache_instances = False
2022-06-06 00:28:05,865 - INFO - allennlp.common.params - iterator.track_epoch = False
2022-06-06 00:28:05,866 - INFO - allennlp.common.params - iterator.maximum_samples_per_batch = None
2022-06-06 00:28:05,866 - INFO - allennlp.common.params - validation_iterator = None
2022-06-06 00:28:05,866 - INFO - allennlp.common.params - trainer.no_grad = ()
2022-06-06 00:28:05,867 - INFO - my_library.training.transfer - Following parameters are Frozen  (without gradient):
2022-06-06 00:28:05,868 - INFO - my_library.training.transfer - Following parameters are Tunable (with gradient):
2022-06-06 00:28:05,868 - INFO - my_library.training.transfer - text_field_embedder.embeddings.word_embeddings.weight
2022-06-06 00:28:05,868 - INFO - my_library.training.transfer - text_field_embedder.embeddings.position_embeddings.weight
2022-06-06 00:28:05,868 - INFO - my_library.training.transfer - text_field_embedder.embeddings.token_type_embeddings.weight
2022-06-06 00:28:05,868 - INFO - my_library.training.transfer - text_field_embedder.embeddings.LayerNorm.weight
2022-06-06 00:28:05,868 - INFO - my_library.training.transfer - text_field_embedder.embeddings.LayerNorm.bias
2022-06-06 00:28:05,868 - INFO - my_library.training.transfer - text_field_embedder.encoder.layer.0.attention.self.query.weight
2022-06-06 00:28:05,868 - INFO - my_library.training.transfer - text_field_embedder.encoder.layer.0.attention.self.query.bias
2022-06-06 00:28:05,868 - INFO - my_library.training.transfer - text_field_embedder.encoder.layer.0.attention.self.key.weight
2022-06-06 00:28:05,868 - INFO - my_library.training.transfer - text_field_embedder.encoder.layer.0.attention.self.key.bias
2022-06-06 00:28:05,868 - INFO - my_library.training.transfer - text_field_embedder.encoder.layer.0.attention.self.value.weight
2022-06-06 00:28:05,869 - INFO - my_library.training.transfer - text_field_embedder.encoder.layer.0.attention.self.value.bias
2022-06-06 00:28:05,869 - INFO - my_library.training.transfer - text_field_embedder.encoder.layer.0.attention.output.dense.weight
2022-06-06 00:28:05,869 - INFO - my_library.training.transfer - text_field_embedder.encoder.layer.0.attention.output.dense.bias
2022-06-06 00:28:05,869 - INFO - my_library.training.transfer - text_field_embedder.encoder.layer.0.attention.output.LayerNorm.weight
2022-06-06 00:28:05,869 - INFO - my_library.training.transfer - text_field_embedder.encoder.layer.0.attention.output.LayerNorm.bias
2022-06-06 00:28:05,869 - INFO - my_library.training.transfer - text_field_embedder.encoder.layer.0.intermediate.dense.weight
2022-06-06 00:28:05,869 - INFO - my_library.training.transfer - text_field_embedder.encoder.layer.0.intermediate.dense.bias
2022-06-06 00:28:05,869 - INFO - my_library.training.transfer - text_field_embedder.encoder.layer.0.output.dense.weight
2022-06-06 00:28:05,869 - INFO - my_library.training.transfer - text_field_embedder.encoder.layer.0.output.dense.bias
2022-06-06 00:28:05,869 - INFO - my_library.training.transfer - text_field_embedder.encoder.layer.0.output.LayerNorm.weight
2022-06-06 00:28:05,869 - INFO - my_library.training.transfer - text_field_embedder.encoder.layer.0.output.LayerNorm.bias
2022-06-06 00:28:05,870 - INFO - my_library.training.transfer - text_field_embedder.encoder.layer.1.attention.self.query.weight
2022-06-06 00:28:05,870 - INFO - my_library.training.transfer - text_field_embedder.encoder.layer.1.attention.self.query.bias
2022-06-06 00:28:05,870 - INFO - my_library.training.transfer - text_field_embedder.encoder.layer.1.attention.self.key.weight
2022-06-06 00:28:05,870 - INFO - my_library.training.transfer - text_field_embedder.encoder.layer.1.attention.self.key.bias
2022-06-06 00:28:05,870 - INFO - my_library.training.transfer - text_field_embedder.encoder.layer.1.attention.self.value.weight
2022-06-06 00:28:05,870 - INFO - my_library.training.transfer - text_field_embedder.encoder.layer.1.attention.self.value.bias
2022-06-06 00:28:05,870 - INFO - my_library.training.transfer - text_field_embedder.encoder.layer.1.attention.output.dense.weight
2022-06-06 00:28:05,870 - INFO - my_library.training.transfer - text_field_embedder.encoder.layer.1.attention.output.dense.bias
2022-06-06 00:28:05,870 - INFO - my_library.training.transfer - text_field_embedder.encoder.layer.1.attention.output.LayerNorm.weight
2022-06-06 00:28:05,870 - INFO - my_library.training.transfer - text_field_embedder.encoder.layer.1.attention.output.LayerNorm.bias
2022-06-06 00:28:05,870 - INFO - my_library.training.transfer - text_field_embedder.encoder.layer.1.intermediate.dense.weight
2022-06-06 00:28:05,871 - INFO - my_library.training.transfer - text_field_embedder.encoder.layer.1.intermediate.dense.bias
2022-06-06 00:28:05,871 - INFO - my_library.training.transfer - text_field_embedder.encoder.layer.1.output.dense.weight
2022-06-06 00:28:05,871 - INFO - my_library.training.transfer - text_field_embedder.encoder.layer.1.output.dense.bias
2022-06-06 00:28:05,871 - INFO - my_library.training.transfer - text_field_embedder.encoder.layer.1.output.LayerNorm.weight
2022-06-06 00:28:05,871 - INFO - my_library.training.transfer - text_field_embedder.encoder.layer.1.output.LayerNorm.bias
2022-06-06 00:28:05,871 - INFO - my_library.training.transfer - text_field_embedder.encoder.layer.2.attention.self.query.weight
2022-06-06 00:28:05,871 - INFO - my_library.training.transfer - text_field_embedder.encoder.layer.2.attention.self.query.bias
2022-06-06 00:28:05,871 - INFO - my_library.training.transfer - text_field_embedder.encoder.layer.2.attention.self.key.weight
2022-06-06 00:28:05,871 - INFO - my_library.training.transfer - text_field_embedder.encoder.layer.2.attention.self.key.bias
2022-06-06 00:28:05,871 - INFO - my_library.training.transfer - text_field_embedder.encoder.layer.2.attention.self.value.weight
2022-06-06 00:28:05,871 - INFO - my_library.training.transfer - text_field_embedder.encoder.layer.2.attention.self.value.bias
2022-06-06 00:28:05,872 - INFO - my_library.training.transfer - text_field_embedder.encoder.layer.2.attention.output.dense.weight
2022-06-06 00:28:05,872 - INFO - my_library.training.transfer - text_field_embedder.encoder.layer.2.attention.output.dense.bias
2022-06-06 00:28:05,872 - INFO - my_library.training.transfer - text_field_embedder.encoder.layer.2.attention.output.LayerNorm.weight
2022-06-06 00:28:05,872 - INFO - my_library.training.transfer - text_field_embedder.encoder.layer.2.attention.output.LayerNorm.bias
2022-06-06 00:28:05,872 - INFO - my_library.training.transfer - text_field_embedder.encoder.layer.2.intermediate.dense.weight
2022-06-06 00:28:05,872 - INFO - my_library.training.transfer - text_field_embedder.encoder.layer.2.intermediate.dense.bias
2022-06-06 00:28:05,872 - INFO - my_library.training.transfer - text_field_embedder.encoder.layer.2.output.dense.weight
2022-06-06 00:28:05,872 - INFO - my_library.training.transfer - text_field_embedder.encoder.layer.2.output.dense.bias
2022-06-06 00:28:05,872 - INFO - my_library.training.transfer - text_field_embedder.encoder.layer.2.output.LayerNorm.weight
2022-06-06 00:28:05,872 - INFO - my_library.training.transfer - text_field_embedder.encoder.layer.2.output.LayerNorm.bias
2022-06-06 00:28:05,872 - INFO - my_library.training.transfer - text_field_embedder.encoder.layer.3.attention.self.query.weight
2022-06-06 00:28:05,873 - INFO - my_library.training.transfer - text_field_embedder.encoder.layer.3.attention.self.query.bias
2022-06-06 00:28:05,873 - INFO - my_library.training.transfer - text_field_embedder.encoder.layer.3.attention.self.key.weight
2022-06-06 00:28:05,873 - INFO - my_library.training.transfer - text_field_embedder.encoder.layer.3.attention.self.key.bias
2022-06-06 00:28:05,873 - INFO - my_library.training.transfer - text_field_embedder.encoder.layer.3.attention.self.value.weight
2022-06-06 00:28:05,873 - INFO - my_library.training.transfer - text_field_embedder.encoder.layer.3.attention.self.value.bias
2022-06-06 00:28:05,873 - INFO - my_library.training.transfer - text_field_embedder.encoder.layer.3.attention.output.dense.weight
2022-06-06 00:28:05,873 - INFO - my_library.training.transfer - text_field_embedder.encoder.layer.3.attention.output.dense.bias
2022-06-06 00:28:05,873 - INFO - my_library.training.transfer - text_field_embedder.encoder.layer.3.attention.output.LayerNorm.weight
2022-06-06 00:28:05,873 - INFO - my_library.training.transfer - text_field_embedder.encoder.layer.3.attention.output.LayerNorm.bias
2022-06-06 00:28:05,873 - INFO - my_library.training.transfer - text_field_embedder.encoder.layer.3.intermediate.dense.weight
2022-06-06 00:28:05,873 - INFO - my_library.training.transfer - text_field_embedder.encoder.layer.3.intermediate.dense.bias
2022-06-06 00:28:05,874 - INFO - my_library.training.transfer - text_field_embedder.encoder.layer.3.output.dense.weight
2022-06-06 00:28:05,874 - INFO - my_library.training.transfer - text_field_embedder.encoder.layer.3.output.dense.bias
2022-06-06 00:28:05,874 - INFO - my_library.training.transfer - text_field_embedder.encoder.layer.3.output.LayerNorm.weight
2022-06-06 00:28:05,874 - INFO - my_library.training.transfer - text_field_embedder.encoder.layer.3.output.LayerNorm.bias
2022-06-06 00:28:05,874 - INFO - my_library.training.transfer - text_field_embedder.encoder.layer.4.attention.self.query.weight
2022-06-06 00:28:05,874 - INFO - my_library.training.transfer - text_field_embedder.encoder.layer.4.attention.self.query.bias
2022-06-06 00:28:05,874 - INFO - my_library.training.transfer - text_field_embedder.encoder.layer.4.attention.self.key.weight
2022-06-06 00:28:05,874 - INFO - my_library.training.transfer - text_field_embedder.encoder.layer.4.attention.self.key.bias
2022-06-06 00:28:05,874 - INFO - my_library.training.transfer - text_field_embedder.encoder.layer.4.attention.self.value.weight
2022-06-06 00:28:05,874 - INFO - my_library.training.transfer - text_field_embedder.encoder.layer.4.attention.self.value.bias
2022-06-06 00:28:05,874 - INFO - my_library.training.transfer - text_field_embedder.encoder.layer.4.attention.output.dense.weight
2022-06-06 00:28:05,875 - INFO - my_library.training.transfer - text_field_embedder.encoder.layer.4.attention.output.dense.bias
2022-06-06 00:28:05,875 - INFO - my_library.training.transfer - text_field_embedder.encoder.layer.4.attention.output.LayerNorm.weight
2022-06-06 00:28:05,875 - INFO - my_library.training.transfer - text_field_embedder.encoder.layer.4.attention.output.LayerNorm.bias
2022-06-06 00:28:05,875 - INFO - my_library.training.transfer - text_field_embedder.encoder.layer.4.intermediate.dense.weight
2022-06-06 00:28:05,875 - INFO - my_library.training.transfer - text_field_embedder.encoder.layer.4.intermediate.dense.bias
2022-06-06 00:28:05,875 - INFO - my_library.training.transfer - text_field_embedder.encoder.layer.4.output.dense.weight
2022-06-06 00:28:05,875 - INFO - my_library.training.transfer - text_field_embedder.encoder.layer.4.output.dense.bias
2022-06-06 00:28:05,875 - INFO - my_library.training.transfer - text_field_embedder.encoder.layer.4.output.LayerNorm.weight
2022-06-06 00:28:05,875 - INFO - my_library.training.transfer - text_field_embedder.encoder.layer.4.output.LayerNorm.bias
2022-06-06 00:28:05,875 - INFO - my_library.training.transfer - text_field_embedder.encoder.layer.5.attention.self.query.weight
2022-06-06 00:28:05,875 - INFO - my_library.training.transfer - text_field_embedder.encoder.layer.5.attention.self.query.bias
2022-06-06 00:28:05,876 - INFO - my_library.training.transfer - text_field_embedder.encoder.layer.5.attention.self.key.weight
2022-06-06 00:28:05,876 - INFO - my_library.training.transfer - text_field_embedder.encoder.layer.5.attention.self.key.bias
2022-06-06 00:28:05,876 - INFO - my_library.training.transfer - text_field_embedder.encoder.layer.5.attention.self.value.weight
2022-06-06 00:28:05,876 - INFO - my_library.training.transfer - text_field_embedder.encoder.layer.5.attention.self.value.bias
2022-06-06 00:28:05,876 - INFO - my_library.training.transfer - text_field_embedder.encoder.layer.5.attention.output.dense.weight
2022-06-06 00:28:05,876 - INFO - my_library.training.transfer - text_field_embedder.encoder.layer.5.attention.output.dense.bias
2022-06-06 00:28:05,876 - INFO - my_library.training.transfer - text_field_embedder.encoder.layer.5.attention.output.LayerNorm.weight
2022-06-06 00:28:05,876 - INFO - my_library.training.transfer - text_field_embedder.encoder.layer.5.attention.output.LayerNorm.bias
2022-06-06 00:28:05,876 - INFO - my_library.training.transfer - text_field_embedder.encoder.layer.5.intermediate.dense.weight
2022-06-06 00:28:05,876 - INFO - my_library.training.transfer - text_field_embedder.encoder.layer.5.intermediate.dense.bias
2022-06-06 00:28:05,876 - INFO - my_library.training.transfer - text_field_embedder.encoder.layer.5.output.dense.weight
2022-06-06 00:28:05,877 - INFO - my_library.training.transfer - text_field_embedder.encoder.layer.5.output.dense.bias
2022-06-06 00:28:05,877 - INFO - my_library.training.transfer - text_field_embedder.encoder.layer.5.output.LayerNorm.weight
2022-06-06 00:28:05,877 - INFO - my_library.training.transfer - text_field_embedder.encoder.layer.5.output.LayerNorm.bias
2022-06-06 00:28:05,877 - INFO - my_library.training.transfer - text_field_embedder.encoder.layer.6.attention.self.query.weight
2022-06-06 00:28:05,877 - INFO - my_library.training.transfer - text_field_embedder.encoder.layer.6.attention.self.query.bias
2022-06-06 00:28:05,877 - INFO - my_library.training.transfer - text_field_embedder.encoder.layer.6.attention.self.key.weight
2022-06-06 00:28:05,877 - INFO - my_library.training.transfer - text_field_embedder.encoder.layer.6.attention.self.key.bias
2022-06-06 00:28:05,877 - INFO - my_library.training.transfer - text_field_embedder.encoder.layer.6.attention.self.value.weight
2022-06-06 00:28:05,877 - INFO - my_library.training.transfer - text_field_embedder.encoder.layer.6.attention.self.value.bias
2022-06-06 00:28:05,877 - INFO - my_library.training.transfer - text_field_embedder.encoder.layer.6.attention.output.dense.weight
2022-06-06 00:28:05,877 - INFO - my_library.training.transfer - text_field_embedder.encoder.layer.6.attention.output.dense.bias
2022-06-06 00:28:05,878 - INFO - my_library.training.transfer - text_field_embedder.encoder.layer.6.attention.output.LayerNorm.weight
2022-06-06 00:28:05,878 - INFO - my_library.training.transfer - text_field_embedder.encoder.layer.6.attention.output.LayerNorm.bias
2022-06-06 00:28:05,878 - INFO - my_library.training.transfer - text_field_embedder.encoder.layer.6.intermediate.dense.weight
2022-06-06 00:28:05,878 - INFO - my_library.training.transfer - text_field_embedder.encoder.layer.6.intermediate.dense.bias
2022-06-06 00:28:05,878 - INFO - my_library.training.transfer - text_field_embedder.encoder.layer.6.output.dense.weight
2022-06-06 00:28:05,878 - INFO - my_library.training.transfer - text_field_embedder.encoder.layer.6.output.dense.bias
2022-06-06 00:28:05,878 - INFO - my_library.training.transfer - text_field_embedder.encoder.layer.6.output.LayerNorm.weight
2022-06-06 00:28:05,878 - INFO - my_library.training.transfer - text_field_embedder.encoder.layer.6.output.LayerNorm.bias
2022-06-06 00:28:05,878 - INFO - my_library.training.transfer - text_field_embedder.encoder.layer.7.attention.self.query.weight
2022-06-06 00:28:05,878 - INFO - my_library.training.transfer - text_field_embedder.encoder.layer.7.attention.self.query.bias
2022-06-06 00:28:05,878 - INFO - my_library.training.transfer - text_field_embedder.encoder.layer.7.attention.self.key.weight
2022-06-06 00:28:05,879 - INFO - my_library.training.transfer - text_field_embedder.encoder.layer.7.attention.self.key.bias
2022-06-06 00:28:05,879 - INFO - my_library.training.transfer - text_field_embedder.encoder.layer.7.attention.self.value.weight
2022-06-06 00:28:05,879 - INFO - my_library.training.transfer - text_field_embedder.encoder.layer.7.attention.self.value.bias
2022-06-06 00:28:05,879 - INFO - my_library.training.transfer - text_field_embedder.encoder.layer.7.attention.output.dense.weight
2022-06-06 00:28:05,879 - INFO - my_library.training.transfer - text_field_embedder.encoder.layer.7.attention.output.dense.bias
2022-06-06 00:28:05,879 - INFO - my_library.training.transfer - text_field_embedder.encoder.layer.7.attention.output.LayerNorm.weight
2022-06-06 00:28:05,879 - INFO - my_library.training.transfer - text_field_embedder.encoder.layer.7.attention.output.LayerNorm.bias
2022-06-06 00:28:05,879 - INFO - my_library.training.transfer - text_field_embedder.encoder.layer.7.intermediate.dense.weight
2022-06-06 00:28:05,879 - INFO - my_library.training.transfer - text_field_embedder.encoder.layer.7.intermediate.dense.bias
2022-06-06 00:28:05,879 - INFO - my_library.training.transfer - text_field_embedder.encoder.layer.7.output.dense.weight
2022-06-06 00:28:05,879 - INFO - my_library.training.transfer - text_field_embedder.encoder.layer.7.output.dense.bias
2022-06-06 00:28:05,880 - INFO - my_library.training.transfer - text_field_embedder.encoder.layer.7.output.LayerNorm.weight
2022-06-06 00:28:05,880 - INFO - my_library.training.transfer - text_field_embedder.encoder.layer.7.output.LayerNorm.bias
2022-06-06 00:28:05,880 - INFO - my_library.training.transfer - text_field_embedder.encoder.layer.8.attention.self.query.weight
2022-06-06 00:28:05,880 - INFO - my_library.training.transfer - text_field_embedder.encoder.layer.8.attention.self.query.bias
2022-06-06 00:28:05,880 - INFO - my_library.training.transfer - text_field_embedder.encoder.layer.8.attention.self.key.weight
2022-06-06 00:28:05,880 - INFO - my_library.training.transfer - text_field_embedder.encoder.layer.8.attention.self.key.bias
2022-06-06 00:28:05,880 - INFO - my_library.training.transfer - text_field_embedder.encoder.layer.8.attention.self.value.weight
2022-06-06 00:28:05,880 - INFO - my_library.training.transfer - text_field_embedder.encoder.layer.8.attention.self.value.bias
2022-06-06 00:28:05,880 - INFO - my_library.training.transfer - text_field_embedder.encoder.layer.8.attention.output.dense.weight
2022-06-06 00:28:05,880 - INFO - my_library.training.transfer - text_field_embedder.encoder.layer.8.attention.output.dense.bias
2022-06-06 00:28:05,880 - INFO - my_library.training.transfer - text_field_embedder.encoder.layer.8.attention.output.LayerNorm.weight
2022-06-06 00:28:05,880 - INFO - my_library.training.transfer - text_field_embedder.encoder.layer.8.attention.output.LayerNorm.bias
2022-06-06 00:28:05,881 - INFO - my_library.training.transfer - text_field_embedder.encoder.layer.8.intermediate.dense.weight
2022-06-06 00:28:05,881 - INFO - my_library.training.transfer - text_field_embedder.encoder.layer.8.intermediate.dense.bias
2022-06-06 00:28:05,881 - INFO - my_library.training.transfer - text_field_embedder.encoder.layer.8.output.dense.weight
2022-06-06 00:28:05,881 - INFO - my_library.training.transfer - text_field_embedder.encoder.layer.8.output.dense.bias
2022-06-06 00:28:05,881 - INFO - my_library.training.transfer - text_field_embedder.encoder.layer.8.output.LayerNorm.weight
2022-06-06 00:28:05,881 - INFO - my_library.training.transfer - text_field_embedder.encoder.layer.8.output.LayerNorm.bias
2022-06-06 00:28:05,881 - INFO - my_library.training.transfer - text_field_embedder.encoder.layer.9.attention.self.query.weight
2022-06-06 00:28:05,881 - INFO - my_library.training.transfer - text_field_embedder.encoder.layer.9.attention.self.query.bias
2022-06-06 00:28:05,881 - INFO - my_library.training.transfer - text_field_embedder.encoder.layer.9.attention.self.key.weight
2022-06-06 00:28:05,881 - INFO - my_library.training.transfer - text_field_embedder.encoder.layer.9.attention.self.key.bias
2022-06-06 00:28:05,881 - INFO - my_library.training.transfer - text_field_embedder.encoder.layer.9.attention.self.value.weight
2022-06-06 00:28:05,882 - INFO - my_library.training.transfer - text_field_embedder.encoder.layer.9.attention.self.value.bias
2022-06-06 00:28:05,882 - INFO - my_library.training.transfer - text_field_embedder.encoder.layer.9.attention.output.dense.weight
2022-06-06 00:28:05,882 - INFO - my_library.training.transfer - text_field_embedder.encoder.layer.9.attention.output.dense.bias
2022-06-06 00:28:05,882 - INFO - my_library.training.transfer - text_field_embedder.encoder.layer.9.attention.output.LayerNorm.weight
2022-06-06 00:28:05,882 - INFO - my_library.training.transfer - text_field_embedder.encoder.layer.9.attention.output.LayerNorm.bias
2022-06-06 00:28:05,882 - INFO - my_library.training.transfer - text_field_embedder.encoder.layer.9.intermediate.dense.weight
2022-06-06 00:28:05,882 - INFO - my_library.training.transfer - text_field_embedder.encoder.layer.9.intermediate.dense.bias
2022-06-06 00:28:05,882 - INFO - my_library.training.transfer - text_field_embedder.encoder.layer.9.output.dense.weight
2022-06-06 00:28:05,882 - INFO - my_library.training.transfer - text_field_embedder.encoder.layer.9.output.dense.bias
2022-06-06 00:28:05,882 - INFO - my_library.training.transfer - text_field_embedder.encoder.layer.9.output.LayerNorm.weight
2022-06-06 00:28:05,882 - INFO - my_library.training.transfer - text_field_embedder.encoder.layer.9.output.LayerNorm.bias
2022-06-06 00:28:05,883 - INFO - my_library.training.transfer - text_field_embedder.encoder.layer.10.attention.self.query.weight
2022-06-06 00:28:05,883 - INFO - my_library.training.transfer - text_field_embedder.encoder.layer.10.attention.self.query.bias
2022-06-06 00:28:05,883 - INFO - my_library.training.transfer - text_field_embedder.encoder.layer.10.attention.self.key.weight
2022-06-06 00:28:05,883 - INFO - my_library.training.transfer - text_field_embedder.encoder.layer.10.attention.self.key.bias
2022-06-06 00:28:05,883 - INFO - my_library.training.transfer - text_field_embedder.encoder.layer.10.attention.self.value.weight
2022-06-06 00:28:05,883 - INFO - my_library.training.transfer - text_field_embedder.encoder.layer.10.attention.self.value.bias
2022-06-06 00:28:05,883 - INFO - my_library.training.transfer - text_field_embedder.encoder.layer.10.attention.output.dense.weight
2022-06-06 00:28:05,883 - INFO - my_library.training.transfer - text_field_embedder.encoder.layer.10.attention.output.dense.bias
2022-06-06 00:28:05,883 - INFO - my_library.training.transfer - text_field_embedder.encoder.layer.10.attention.output.LayerNorm.weight
2022-06-06 00:28:05,883 - INFO - my_library.training.transfer - text_field_embedder.encoder.layer.10.attention.output.LayerNorm.bias
2022-06-06 00:28:05,883 - INFO - my_library.training.transfer - text_field_embedder.encoder.layer.10.intermediate.dense.weight
2022-06-06 00:28:05,884 - INFO - my_library.training.transfer - text_field_embedder.encoder.layer.10.intermediate.dense.bias
2022-06-06 00:28:05,884 - INFO - my_library.training.transfer - text_field_embedder.encoder.layer.10.output.dense.weight
2022-06-06 00:28:05,884 - INFO - my_library.training.transfer - text_field_embedder.encoder.layer.10.output.dense.bias
2022-06-06 00:28:05,884 - INFO - my_library.training.transfer - text_field_embedder.encoder.layer.10.output.LayerNorm.weight
2022-06-06 00:28:05,884 - INFO - my_library.training.transfer - text_field_embedder.encoder.layer.10.output.LayerNorm.bias
2022-06-06 00:28:05,884 - INFO - my_library.training.transfer - text_field_embedder.encoder.layer.11.attention.self.query.weight
2022-06-06 00:28:05,884 - INFO - my_library.training.transfer - text_field_embedder.encoder.layer.11.attention.self.query.bias
2022-06-06 00:28:05,884 - INFO - my_library.training.transfer - text_field_embedder.encoder.layer.11.attention.self.key.weight
2022-06-06 00:28:05,884 - INFO - my_library.training.transfer - text_field_embedder.encoder.layer.11.attention.self.key.bias
2022-06-06 00:28:05,884 - INFO - my_library.training.transfer - text_field_embedder.encoder.layer.11.attention.self.value.weight
2022-06-06 00:28:05,884 - INFO - my_library.training.transfer - text_field_embedder.encoder.layer.11.attention.self.value.bias
2022-06-06 00:28:05,885 - INFO - my_library.training.transfer - text_field_embedder.encoder.layer.11.attention.output.dense.weight
2022-06-06 00:28:05,885 - INFO - my_library.training.transfer - text_field_embedder.encoder.layer.11.attention.output.dense.bias
2022-06-06 00:28:05,885 - INFO - my_library.training.transfer - text_field_embedder.encoder.layer.11.attention.output.LayerNorm.weight
2022-06-06 00:28:05,885 - INFO - my_library.training.transfer - text_field_embedder.encoder.layer.11.attention.output.LayerNorm.bias
2022-06-06 00:28:05,885 - INFO - my_library.training.transfer - text_field_embedder.encoder.layer.11.intermediate.dense.weight
2022-06-06 00:28:05,885 - INFO - my_library.training.transfer - text_field_embedder.encoder.layer.11.intermediate.dense.bias
2022-06-06 00:28:05,885 - INFO - my_library.training.transfer - text_field_embedder.encoder.layer.11.output.dense.weight
2022-06-06 00:28:05,885 - INFO - my_library.training.transfer - text_field_embedder.encoder.layer.11.output.dense.bias
2022-06-06 00:28:05,885 - INFO - my_library.training.transfer - text_field_embedder.encoder.layer.11.output.LayerNorm.weight
2022-06-06 00:28:05,885 - INFO - my_library.training.transfer - text_field_embedder.encoder.layer.11.output.LayerNorm.bias
2022-06-06 00:28:05,885 - INFO - my_library.training.transfer - text_field_embedder.pooler.dense.weight
2022-06-06 00:28:05,886 - INFO - my_library.training.transfer - text_field_embedder.pooler.dense.bias
2022-06-06 00:28:05,886 - INFO - my_library.training.transfer - linear.weight
2022-06-06 00:28:05,886 - INFO - my_library.training.transfer - linear.bias
2022-06-06 00:28:05,886 - INFO - allennlp.common.params - trainer.type = default
2022-06-06 00:28:05,886 - INFO - allennlp.common.params - trainer.patience = 3
2022-06-06 00:28:05,886 - INFO - allennlp.common.params - trainer.validation_metric = +average_F1
2022-06-06 00:28:05,886 - INFO - allennlp.common.params - trainer.shuffle = True
2022-06-06 00:28:05,886 - INFO - allennlp.common.params - trainer.num_epochs = 30
2022-06-06 00:28:05,886 - INFO - allennlp.common.params - trainer.cuda_device = 0
2022-06-06 00:28:05,886 - INFO - allennlp.common.params - trainer.grad_norm = None
2022-06-06 00:28:05,887 - INFO - allennlp.common.params - trainer.grad_clipping = None
2022-06-06 00:28:05,887 - INFO - allennlp.common.params - trainer.learning_rate_scheduler = None
2022-06-06 00:28:09,909 - INFO - allennlp.common.params - trainer.optimizer.type = adagrad
2022-06-06 00:28:09,909 - INFO - allennlp.common.params - trainer.optimizer.parameter_groups = None
2022-06-06 00:28:09,909 - INFO - allennlp.training.optimizers - Number of trainable parameters: 109483778
2022-06-06 00:28:09,910 - INFO - allennlp.common.params - Converting Params object to dict; logging of default values will not occur when dictionary parameters are used subsequently.
2022-06-06 00:28:09,910 - INFO - allennlp.common.params - CURRENTLY DEFINED PARAMETERS: 
2022-06-06 00:28:09,911 - INFO - allennlp.common.params - trainer.optimizer.lr = 0.0001
2022-06-06 00:28:09,919 - INFO - allennlp.common.params - trainer.num_serialized_models_to_keep = 20
2022-06-06 00:28:09,919 - INFO - allennlp.common.params - trainer.keep_serialized_model_every_num_seconds = None
2022-06-06 00:28:09,919 - INFO - allennlp.common.params - trainer.model_save_interval = None
2022-06-06 00:28:09,919 - INFO - allennlp.common.params - trainer.summary_interval = 100
2022-06-06 00:28:09,919 - INFO - allennlp.common.params - trainer.histogram_interval = None
2022-06-06 00:28:09,919 - INFO - allennlp.common.params - trainer.should_log_parameter_statistics = True
2022-06-06 00:28:09,919 - INFO - allennlp.common.params - trainer.should_log_learning_rate = False
2022-06-06 00:28:09,919 - INFO - allennlp.common.params - trainer.log_batch_size_period = None
2022-06-06 00:28:09,923 - INFO - allennlp.common.params - evaluate_on_test = True
2022-06-06 00:28:09,923 - INFO - allennlp.training.trainer - Beginning training.
2022-06-06 00:28:09,923 - INFO - allennlp.training.trainer - Epoch 0/29
2022-06-06 00:28:09,923 - INFO - allennlp.training.trainer - Peak CPU memory usage MB: 4517.424
2022-06-06 00:28:10,010 - INFO - allennlp.training.trainer - GPU 0 memory usage MB: 2313
2022-06-06 00:28:10,011 - INFO - allennlp.training.trainer - Training
2022-06-06 00:28:14,821 - INFO - allennlp.training.trainer - Validating
2022-06-06 00:28:15,185 - INFO - allennlp.training.trainer -                     Training |  Validation
2022-06-06 00:28:15,186 - INFO - allennlp.training.trainer - No_R            |     0.856  |     0.966
2022-06-06 00:28:15,186 - INFO - allennlp.training.trainer - Yes_F1          |     0.721  |     0.855
2022-06-06 00:28:15,186 - INFO - allennlp.training.trainer - Yes_R           |     0.714  |     0.794
2022-06-06 00:28:15,186 - INFO - allennlp.training.trainer - gpu_0_memory_MB |  2313.000  |       N/A
2022-06-06 00:28:15,186 - INFO - allennlp.training.trainer - No_P            |     0.846  |     0.896
2022-06-06 00:28:15,186 - INFO - allennlp.training.trainer - cpu_memory_MB   |  4517.424  |       N/A
2022-06-06 00:28:15,186 - INFO - allennlp.training.trainer - No_F1           |     0.851  |     0.929
2022-06-06 00:28:15,186 - INFO - allennlp.training.trainer - Yes_P           |     0.729  |     0.926
2022-06-06 00:28:15,186 - INFO - allennlp.training.trainer - average_F1      |     0.786  |     0.892
2022-06-06 00:28:15,187 - INFO - allennlp.training.trainer - loss            |     0.492  |     0.220
2022-06-06 00:28:15,187 - INFO - allennlp.training.trainer - accuracy        |     0.806  |     0.905
2022-06-06 00:28:16,585 - INFO - allennlp.training.trainer - Best validation performance so far. Copying weights to 'PunsTwitterFine/best.th'.
2022-06-06 00:28:17,054 - INFO - allennlp.training.trainer - Epoch duration: 00:00:07
2022-06-06 00:28:17,054 - INFO - allennlp.training.trainer - Estimated training time remaining: 0:03:26
2022-06-06 00:28:17,054 - INFO - allennlp.training.trainer - Epoch 1/29
2022-06-06 00:28:17,054 - INFO - allennlp.training.trainer - Peak CPU memory usage MB: 4517.424
2022-06-06 00:28:17,132 - INFO - allennlp.training.trainer - GPU 0 memory usage MB: 4269
2022-06-06 00:28:17,134 - INFO - allennlp.training.trainer - Training
2022-06-06 00:28:22,045 - INFO - allennlp.training.trainer - Validating
2022-06-06 00:28:22,394 - INFO - allennlp.training.trainer -                     Training |  Validation
2022-06-06 00:28:22,394 - INFO - allennlp.training.trainer - No_R            |     0.974  |     0.957
2022-06-06 00:28:22,394 - INFO - allennlp.training.trainer - Yes_F1          |     0.959  |     0.921
2022-06-06 00:28:22,394 - INFO - allennlp.training.trainer - Yes_R           |     0.964  |     0.921
2022-06-06 00:28:22,394 - INFO - allennlp.training.trainer - gpu_0_memory_MB |  4269.000  |       N/A
2022-06-06 00:28:22,395 - INFO - allennlp.training.trainer - No_P            |     0.980  |     0.957
2022-06-06 00:28:22,395 - INFO - allennlp.training.trainer - cpu_memory_MB   |  4517.424  |       N/A
2022-06-06 00:28:22,395 - INFO - allennlp.training.trainer - No_F1           |     0.977  |     0.957
2022-06-06 00:28:22,395 - INFO - allennlp.training.trainer - Yes_P           |     0.953  |     0.921
2022-06-06 00:28:22,395 - INFO - allennlp.training.trainer - average_F1      |     0.968  |     0.939
2022-06-06 00:28:22,395 - INFO - allennlp.training.trainer - loss            |     0.102  |     0.150
2022-06-06 00:28:22,395 - INFO - allennlp.training.trainer - accuracy        |     0.971  |     0.944
2022-06-06 00:28:23,852 - INFO - allennlp.training.trainer - Best validation performance so far. Copying weights to 'PunsTwitterFine/best.th'.
2022-06-06 00:28:25,355 - INFO - allennlp.training.trainer - Epoch duration: 00:00:08
2022-06-06 00:28:25,355 - INFO - allennlp.training.trainer - Estimated training time remaining: 0:03:36
2022-06-06 00:28:25,355 - INFO - allennlp.training.trainer - Epoch 2/29
2022-06-06 00:28:25,355 - INFO - allennlp.training.trainer - Peak CPU memory usage MB: 4517.424
2022-06-06 00:28:25,432 - INFO - allennlp.training.trainer - GPU 0 memory usage MB: 4269
2022-06-06 00:28:25,434 - INFO - allennlp.training.trainer - Training
2022-06-06 00:28:30,308 - INFO - allennlp.training.trainer - Validating
2022-06-06 00:28:30,651 - INFO - allennlp.training.trainer -                     Training |  Validation
2022-06-06 00:28:30,651 - INFO - allennlp.training.trainer - No_R            |     0.996  |     0.948
2022-06-06 00:28:30,651 - INFO - allennlp.training.trainer - Yes_F1          |     0.994  |     0.922
2022-06-06 00:28:30,651 - INFO - allennlp.training.trainer - Yes_R           |     0.996  |     0.937
2022-06-06 00:28:30,651 - INFO - allennlp.training.trainer - gpu_0_memory_MB |  4269.000  |       N/A
2022-06-06 00:28:30,651 - INFO - allennlp.training.trainer - No_P            |     0.998  |     0.965
2022-06-06 00:28:30,651 - INFO - allennlp.training.trainer - cpu_memory_MB   |  4517.424  |       N/A
2022-06-06 00:28:30,651 - INFO - allennlp.training.trainer - No_F1           |     0.997  |     0.957
2022-06-06 00:28:30,652 - INFO - allennlp.training.trainer - Yes_P           |     0.992  |     0.908
2022-06-06 00:28:30,652 - INFO - allennlp.training.trainer - average_F1      |     0.995  |     0.939
2022-06-06 00:28:30,652 - INFO - allennlp.training.trainer - loss            |     0.027  |     0.162
2022-06-06 00:28:30,652 - INFO - allennlp.training.trainer - accuracy        |     0.996  |     0.944
2022-06-06 00:28:32,032 - INFO - allennlp.training.trainer - Best validation performance so far. Copying weights to 'PunsTwitterFine/best.th'.
2022-06-06 00:28:33,521 - INFO - allennlp.training.trainer - Epoch duration: 00:00:08
2022-06-06 00:28:33,522 - INFO - allennlp.training.trainer - Estimated training time remaining: 0:03:32
2022-06-06 00:28:33,522 - INFO - allennlp.training.trainer - Epoch 3/29
2022-06-06 00:28:33,522 - INFO - allennlp.training.trainer - Peak CPU memory usage MB: 4517.424
2022-06-06 00:28:33,601 - INFO - allennlp.training.trainer - GPU 0 memory usage MB: 4269
2022-06-06 00:28:33,603 - INFO - allennlp.training.trainer - Training
2022-06-06 00:28:38,465 - INFO - allennlp.training.trainer - Validating
2022-06-06 00:28:38,808 - INFO - allennlp.training.trainer -                     Training |  Validation
2022-06-06 00:28:38,808 - INFO - allennlp.training.trainer - No_R            |     0.996  |     0.931
2022-06-06 00:28:38,808 - INFO - allennlp.training.trainer - Yes_F1          |     0.994  |     0.916
2022-06-06 00:28:38,809 - INFO - allennlp.training.trainer - Yes_R           |     0.996  |     0.952
2022-06-06 00:28:38,809 - INFO - allennlp.training.trainer - gpu_0_memory_MB |  4269.000  |       N/A
2022-06-06 00:28:38,809 - INFO - allennlp.training.trainer - No_P            |     0.998  |     0.973
2022-06-06 00:28:38,809 - INFO - allennlp.training.trainer - cpu_memory_MB   |  4517.424  |       N/A
2022-06-06 00:28:38,809 - INFO - allennlp.training.trainer - No_F1           |     0.997  |     0.952
2022-06-06 00:28:38,809 - INFO - allennlp.training.trainer - Yes_P           |     0.992  |     0.882
2022-06-06 00:28:38,809 - INFO - allennlp.training.trainer - average_F1      |     0.995  |     0.934
2022-06-06 00:28:38,809 - INFO - allennlp.training.trainer - loss            |     0.017  |     0.178
2022-06-06 00:28:38,809 - INFO - allennlp.training.trainer - accuracy        |     0.996  |     0.939
2022-06-06 00:28:40,192 - INFO - allennlp.training.trainer - Epoch duration: 00:00:06
2022-06-06 00:28:40,193 - INFO - allennlp.training.trainer - Estimated training time remaining: 0:03:16
2022-06-06 00:28:40,193 - INFO - allennlp.training.trainer - Epoch 4/29
2022-06-06 00:28:40,193 - INFO - allennlp.training.trainer - Peak CPU memory usage MB: 4517.424
2022-06-06 00:28:40,270 - INFO - allennlp.training.trainer - GPU 0 memory usage MB: 4397
2022-06-06 00:28:40,271 - INFO - allennlp.training.trainer - Training
2022-06-06 00:28:45,125 - INFO - allennlp.training.trainer - Validating
2022-06-06 00:28:45,468 - INFO - allennlp.training.trainer -                     Training |  Validation
2022-06-06 00:28:45,468 - INFO - allennlp.training.trainer - No_R            |     1.000  |     0.957
2022-06-06 00:28:45,469 - INFO - allennlp.training.trainer - Yes_F1          |     1.000  |     0.929
2022-06-06 00:28:45,469 - INFO - allennlp.training.trainer - Yes_R           |     1.000  |     0.937
2022-06-06 00:28:45,469 - INFO - allennlp.training.trainer - gpu_0_memory_MB |  4397.000  |       N/A
2022-06-06 00:28:45,469 - INFO - allennlp.training.trainer - No_P            |     1.000  |     0.965
2022-06-06 00:28:45,469 - INFO - allennlp.training.trainer - cpu_memory_MB   |  4517.424  |       N/A
2022-06-06 00:28:45,469 - INFO - allennlp.training.trainer - No_F1           |     1.000  |     0.961
2022-06-06 00:28:45,469 - INFO - allennlp.training.trainer - Yes_P           |     1.000  |     0.922
2022-06-06 00:28:45,469 - INFO - allennlp.training.trainer - average_F1      |     1.000  |     0.945
2022-06-06 00:28:45,469 - INFO - allennlp.training.trainer - loss            |     0.007  |     0.171
2022-06-06 00:28:45,469 - INFO - allennlp.training.trainer - accuracy        |     1.000  |     0.950
2022-06-06 00:28:46,909 - INFO - allennlp.training.trainer - Best validation performance so far. Copying weights to 'PunsTwitterFine/best.th'.
2022-06-06 00:28:48,398 - INFO - allennlp.training.trainer - Epoch duration: 00:00:08
2022-06-06 00:28:48,398 - INFO - allennlp.training.trainer - Estimated training time remaining: 0:03:12
2022-06-06 00:28:48,398 - INFO - allennlp.training.trainer - Epoch 5/29
2022-06-06 00:28:48,398 - INFO - allennlp.training.trainer - Peak CPU memory usage MB: 4517.424
2022-06-06 00:28:48,476 - INFO - allennlp.training.trainer - GPU 0 memory usage MB: 4397
2022-06-06 00:28:48,478 - INFO - allennlp.training.trainer - Training
2022-06-06 00:28:53,530 - INFO - allennlp.training.trainer - Validating
2022-06-06 00:28:53,890 - INFO - allennlp.training.trainer -                     Training |  Validation
2022-06-06 00:28:53,890 - INFO - allennlp.training.trainer - No_R            |     1.000  |     0.957
2022-06-06 00:28:53,890 - INFO - allennlp.training.trainer - Yes_F1          |     1.000  |     0.921
2022-06-06 00:28:53,890 - INFO - allennlp.training.trainer - Yes_R           |     1.000  |     0.921
2022-06-06 00:28:53,890 - INFO - allennlp.training.trainer - gpu_0_memory_MB |  4397.000  |       N/A
2022-06-06 00:28:53,891 - INFO - allennlp.training.trainer - No_P            |     1.000  |     0.957
2022-06-06 00:28:53,891 - INFO - allennlp.training.trainer - cpu_memory_MB   |  4517.424  |       N/A
2022-06-06 00:28:53,891 - INFO - allennlp.training.trainer - No_F1           |     1.000  |     0.957
2022-06-06 00:28:53,891 - INFO - allennlp.training.trainer - Yes_P           |     1.000  |     0.921
2022-06-06 00:28:53,891 - INFO - allennlp.training.trainer - average_F1      |     1.000  |     0.939
2022-06-06 00:28:53,891 - INFO - allennlp.training.trainer - loss            |     0.005  |     0.186
2022-06-06 00:28:53,891 - INFO - allennlp.training.trainer - accuracy        |     1.000  |     0.944
2022-06-06 00:28:55,407 - INFO - allennlp.training.trainer - Epoch duration: 00:00:07
2022-06-06 00:28:55,407 - INFO - allennlp.training.trainer - Estimated training time remaining: 0:03:01
2022-06-06 00:28:55,407 - INFO - allennlp.training.trainer - Epoch 6/29
2022-06-06 00:28:55,407 - INFO - allennlp.training.trainer - Peak CPU memory usage MB: 4517.424
2022-06-06 00:28:55,485 - INFO - allennlp.training.trainer - GPU 0 memory usage MB: 4397
2022-06-06 00:28:55,487 - INFO - allennlp.training.trainer - Training
2022-06-06 00:29:00,478 - INFO - allennlp.training.trainer - Validating
2022-06-06 00:29:00,827 - INFO - allennlp.training.trainer -                     Training |  Validation
2022-06-06 00:29:00,827 - INFO - allennlp.training.trainer - No_R            |     1.000  |     0.957
2022-06-06 00:29:00,827 - INFO - allennlp.training.trainer - Yes_F1          |     1.000  |     0.929
2022-06-06 00:29:00,827 - INFO - allennlp.training.trainer - Yes_R           |     1.000  |     0.937
2022-06-06 00:29:00,827 - INFO - allennlp.training.trainer - gpu_0_memory_MB |  4397.000  |       N/A
2022-06-06 00:29:00,827 - INFO - allennlp.training.trainer - No_P            |     1.000  |     0.965
2022-06-06 00:29:00,827 - INFO - allennlp.training.trainer - cpu_memory_MB   |  4517.424  |       N/A
2022-06-06 00:29:00,827 - INFO - allennlp.training.trainer - No_F1           |     1.000  |     0.961
2022-06-06 00:29:00,828 - INFO - allennlp.training.trainer - Yes_P           |     1.000  |     0.922
2022-06-06 00:29:00,828 - INFO - allennlp.training.trainer - average_F1      |     1.000  |     0.945
2022-06-06 00:29:00,828 - INFO - allennlp.training.trainer - loss            |     0.004  |     0.190
2022-06-06 00:29:00,828 - INFO - allennlp.training.trainer - accuracy        |     1.000  |     0.950
2022-06-06 00:29:02,357 - INFO - allennlp.training.trainer - Epoch duration: 00:00:06
2022-06-06 00:29:02,358 - INFO - allennlp.training.trainer - Estimated training time remaining: 0:02:52
2022-06-06 00:29:02,358 - INFO - allennlp.training.trainer - Epoch 7/29
2022-06-06 00:29:02,358 - INFO - allennlp.training.trainer - Peak CPU memory usage MB: 4517.424
2022-06-06 00:29:02,436 - INFO - allennlp.training.trainer - GPU 0 memory usage MB: 4397
2022-06-06 00:29:02,438 - INFO - allennlp.training.trainer - Training
2022-06-06 00:29:07,445 - INFO - allennlp.training.trainer - Validating
2022-06-06 00:29:07,790 - INFO - allennlp.training.trainer - Ran out of patience.  Stopping training.
2022-06-06 00:29:07,791 - INFO - allennlp.models.archival - archiving weights and vocabulary to PunsTwitterFine/model.tar.gz
2022-06-06 00:29:30,711 - INFO - my_library.training.transfer - Loading the best epoch weights.
2022-06-06 00:29:30,927 - INFO - my_library.training.transfer - The model will be evaluated using the best epoch weights.
2022-06-06 00:29:30,928 - INFO - allennlp.commands.evaluate - Iterating over dataset
2022-06-06 00:29:31,132 - INFO - allennlp.common.util - Metrics: {
  "peak_cpu_memory_MB": 4517.424,
  "peak_gpu_0_memory_MB": 4397,
  "training_duration": "00:00:50",
  "training_start_epoch": 0,
  "training_epochs": 6,
  "epoch": 6,
  "training_No_P": 1.0,
  "training_No_R": 1.0,
  "training_No_F1": 0.99999999999995,
  "training_Yes_P": 1.0,
  "training_Yes_R": 1.0,
  "training_Yes_F1": 0.99999999999995,
  "training_accuracy": 1.0,
  "training_average_F1": 0.99999999999995,
  "training_loss": 0.0037807877000886948,
  "training_cpu_memory_MB": 4517.424,
  "training_gpu_0_memory_MB": 4397,
  "validation_No_P": 0.9652173913043478,
  "validation_No_R": 0.9568965517241379,
  "validation_No_F1": 0.9610389610389111,
  "validation_Yes_P": 0.921875,
  "validation_Yes_R": 0.9365079365079365,
  "validation_Yes_F1": 0.9291338582676666,
  "validation_accuracy": 0.9497206703910615,
  "validation_average_F1": 0.9450864096532888,
  "validation_loss": 0.19043877617577495,
  "best_epoch": 4,
  "best_validation_No_P": 0.9652173913043478,
  "best_validation_No_R": 0.9568965517241379,
  "best_validation_No_F1": 0.9610389610389111,
  "best_validation_Yes_P": 0.921875,
  "best_validation_Yes_R": 0.9365079365079365,
  "best_validation_Yes_F1": 0.9291338582676666,
  "best_validation_accuracy": 0.9497206703910615,
  "best_validation_average_F1": 0.9450864096532888,
  "best_validation_loss": 0.1710498294459008,
  "test_No_P": 0.9838709677419355,
  "test_No_R": 0.953125,
  "test_No_F1": 0.9682539682539183,
  "test_Yes_P": 0.918918918918919,
  "test_Yes_R": 0.9714285714285714,
  "test_Yes_F1": 0.9444444444443946,
  "test_accuracy": 0.9595959595959596,
  "test_average_F1": 0.9563492063491564,
  "test_loss": 0.13431351158382873
}
